./wdpc_bs512B_read0_round5.json    54.148333
./wdpc_bs512B_read0_round1.json    53.88
./wdpc_bs8KB_read100_round5.json   53.498334
./wdpc_bs512B_read0_round3.json    53.336667
./wdpc_bs512B_read0_round2.json    53.334999999999994
./wdpc_bs8KB_read100_round1.json   52.92
./wdpc_bs8KB_read100_round2.json   52.775
./wdpc_bs512B_read0_round8.json    52.739999999999995
./wdpc_bs8KB_read100_round4.json   52.705
./wdpc_bs512B_read0_round4.json    52.623334
./wdpc_bs4KB_read100_round2.json   52.555
./wdpc_bs512B_read0_round7.json    52.55
./wdpc_bs4KB_read100_round1.json   52.456666999999996
./wdpc_bs512B_read0_round9.json    52.095
./wdpc_bs8KB_read100_round3.json   51.736667000000004
./wdpc_bs4KB_read100_round5.json   51.673334
./wdpc_bs4KB_read100_round3.json   51.613333
./wdpc_bs4KB_read100_round4.json   51.533333
./wdpc_bs512B_read65_round2.json   51.456667
./wdpc_bs4KB_read65_round4.json    51.35
./wdpc_bs4KB_read65_round2.json    50.746667
./wdpc_bs512B_read100_round4.json  50.66
./wdpc_bs512B_read65_round1.json   50.655822
./wdpc_bs512B_read65_round3.json   50.5
./wdpc_bs8KB_read0_round2.json     50.486666
./wdpc_bs4KB_read65_round5.json    50.461667
./wdpc_bs4KB_read65_round1.json    50.120000000000005
./wdpc_bs512B_read0_round6.json    50.055
./wdpc_bs4KB_read0_round5.json     49.935
./wdpc_bs4KB_read0_round2.json     49.919999999999995
./wdpc_bs4KB_read0_round3.json     49.906667000000006
./wdpc_bs8KB_read0_round3.json     49.864999999999995
./wdpc_bs4KB_read0_round4.json     49.711667
./wdpc_bs8KB_read0_round4.json     49.711665999999994
./wdpc_bs512B_read65_round5.json   49.696667000000005
./wdpc_bs512B_read100_round1.json  49.633333
./wdpc_bs4KB_read65_round3.json    49.575
./wdpc_bs512B_read65_round4.json   49.42
./wdpc_bs512B_read100_round5.json  49.413334
./wdpc_bs4KB_read0_round1.json     49.348334
./wdpc_bs8KB_read0_round1.json     49.278333
./wdpc_bs512B_read100_round2.json  49.256665999999996
./wdpc_bs8KB_read0_round5.json     48.811667
./wdpc_bs512B_read100_round3.json  48.721666
./wdpc_bs8KB_read65_round2.json    47.866666
./wdpc_bs8KB_read65_round1.json    47.511666000000005
./wdpc_bs8KB_read65_round4.json    47.491667
./wdpc_bs8KB_read65_round5.json    47.448333
./wdpc_bs8KB_read65_round3.json    46.76
