./wdpc_bs4KB_read0_round1.json       71.006558
./wdpc_bs512B_read35_round6.json     70.55132400000001
./wdpc_bs4KB_read35_round4.json      70.266914
./wdpc_bs512B_read35_round4.json     70.125249
./wdpc_bs512B_read35_round5.json     69.965833
./wdpc_bs4KB_read0_round2.json       69.95666700000001
./wdpc_bs512B_read50_round2.json     69.914167
./wdpc_bs4KB_read5_round4.json       69.901917
./wdpc_bs4KB_read100_round4.json     69.875
./wdpc_bs4KB_read100_round3.json     69.715833
./wdpc_bs4KB_read95_round4.json      69.671086
./wdpc_bs8KB_read50_round3.json      69.643334
./wdpc_bs4KB_read0_round3.json       69.591847
./wdpc_bs4KB_read95_round1.json      69.47525399999999
./wdpc_bs4KB_read50_round4.json      69.421666
./wdpc_bs8KB_read50_round4.json      69.34352200000001
./wdpc_bs4KB_read35_round2.json      69.285959
./wdpc_bs4KB_read95_round3.json      69.266666
./wdpc_bs512B_read50_round3.json     69.209167
./wdpc_bs512B_read65_round3.json     69.15359
./wdpc_bs4KB_read0_round5.json       69.14859
./wdpc_bs4KB_read100_round5.json     69.093591
./wdpc_bs4KB_read35_round3.json      69.016666
./wdpc_bs4KB_read65_round4.json      68.879426
./wdpc_bs512B_read50_round4.json     68.828852
./wdpc_bs8KB_read35_round3.json      68.81578
./wdpc_bs4KB_read50_round2.json      68.79776100000001
./wdpc_bs512B_read65_round2.json     68.769167
./wdpc_bs512B_read65_round5.json     68.765
./wdpc_bs8KB_read35_round7.json      68.721094
./wdpc_bs8KB_read100_round5.json     68.638595
./wdpc_bs4KB_read95_round2.json      68.41583299999999
./wdpc_bs512B_read50_round5.json     68.3725
./wdpc_bs4KB_read65_round3.json      68.303028
./wdpc_bs8KB_read100_round3.json     68.2475
./wdpc_bs512B_read65_round4.json     68.244432
./wdpc_bs8KB_read100_round1.json     68.205
./wdpc_bs8KB_read100_round4.json     68.190265
./wdpc_bs512B_read35_round3.json     68.181364
./wdpc_bs8KB_read100_round2.json     68.041667
./wdpc_bs4KB_read65_round5.json      67.997767
./wdpc_bs4KB_read5_round5.json       67.931635
./wdpc_bs4KB_read50_round5.json      67.90776699999999
./wdpc_bs4KB_read50_round3.json      67.905834
./wdpc_bs4KB_read95_round5.json      67.810833
./wdpc_bs4KB_read35_round6.json      67.802204
./wdpc_bs4KB_read35_round5.json      67.801935
./wdpc_bs4KB_read50_round1.json      67.655
./wdpc_bs8KB_read95_round3.json      67.3425
./wdpc_bs4KB_read5_round3.json       67.308333
./wdpc_bs4KB_read100_round2.json     67.245
./wdpc_bs4KB_read5_round6.json       67.15
./wdpc_bs512B_read5_round4.json      67.146107
./wdpc_bs8KB_read50_round5.json      67.100264
./wdpc_bs512B_read50_round1.json     67.06138299999999
./wdpc_bs8KB_read50_round2.json      67.053608
./wdpc_bs8KB_read95_round1.json      66.951109
./wdpc_bs512B_read5_round3.json      66.877218
./wdpc_bs512B_read100_round4.json    66.81611
./wdpc_bs8KB_read95_round5.json      66.815833
./wdpc_bs8KB_read95_round4.json      66.771943
./wdpc_bs512B_read95_round5.json     66.627778
./wdpc_bs8KB_read65_round5.json      66.621111
./wdpc_bs512B_read35_round2.json     66.496392
./wdpc_bs512B_read100_round2.json    66.469167
./wdpc_bs512B_read100_round5.json    66.396947
./wdpc_bs512B_read95_round1.json     66.324167
./wdpc_bs512B_read95_round3.json     66.278333
./wdpc_bs8KB_read95_round2.json      66.223333
./wdpc_bs512B_read35_round1.json     66.078066
./wdpc_bs4KB_read65_round2.json      65.971401
./wdpc_bs4KB_read65_round1.json      65.938068
./wdpc_bs512B_read95_round4.json     65.8925
./wdpc_bs512B_read95_round2.json     65.881117
./wdpc_bs512B_read100_round1.json    65.715
./wdpc_bs512B_read100_round3.json    65.68
./wdpc_bs4KB_read5_round2.json       65.493333
./wdpc_bs4KB_read100_round1.json     65.408333
./wdpc_bs512B_read5_round5.json      65.401122
./wdpc_bs8KB_read35_round6.json      65.220108
./wdpc_bs4KB_read35_round1.json      65.214166
./wdpc_bs8KB_read65_round3.json      65.098333
./wdpc_bs512B_read5_round6.json      64.03143299999999
./wdpc_bs512B_read65_round1.json     63.979767
./wdpc_bs512B_read0_round2.json      63.940000000000005
./wdpc_bs512B_read0_round5.json      63.103333
./wdpc_bs8KB_read35_round9.json      62.932809000000006
./wdpc_bs512B_read5_round2.json      62.75779300000001
./wdpc_bs512B_read0_round3.json      62.74333299999999
./wdpc_bs4KB_read0_round4.json       62.699477
./wdpc_bs8KB_read65_round2.json      62.517604
./wdpc_bs8KB_read65_round6.json      61.952816999999996
./wdpc_bs8KB_read65_round4.json      61.684805
./wdpc_bs16KB_read95_round5.json     61.642112
./wdpc_bs8KB_read5_round3.json       61.147314
./wdpc_bs8KB_read5_round6.json       60.553991
./wdpc_bs8KB_read35_round5.json      59.984166
./wdpc_bs8KB_read5_round5.json       59.645337
./wdpc_bs8KB_read35_round8.json      59.186547000000004
./wdpc_bs512B_read0_round1.json      58.269514
./wdpc_bs8KB_read35_round2.json      58.207363
./wdpc_bs512B_read0_round4.json      58.17916699999999
./wdpc_bs8KB_read5_round4.json       58.11784900000001
./wdpc_bs16KB_read95_round3.json     58.102579000000006
./wdpc_bs8KB_read5_round2.json       56.771193
./wdpc_bs16KB_read100_round5.json    56.713222
./wdpc_bs8KB_read0_round1.json       56.244323
./wdpc_bs8KB_read0_round3.json       55.392039
./wdpc_bs16KB_read95_round4.json     55.20704
./wdpc_bs4KB_read5_round1.json       54.991501
./wdpc_bs8KB_read50_round1.json      54.881209
./wdpc_bs8KB_read0_round5.json       54.282047
./wdpc_bs16KB_read95_round2.json     54.243263
./wdpc_bs8KB_read0_round2.json       54.050383000000004
./wdpc_bs8KB_read0_round4.json       54.01865
./wdpc_bs8KB_read35_round4.json      53.578214
./wdpc_bs512B_read5_round1.json      53.559108
./wdpc_bs8KB_read35_round1.json      51.906539
./wdpc_bs8KB_read65_round1.json      51.839135999999996
./wdpc_bs16KB_read100_round4.json    51.814137
./wdpc_bs16KB_read95_round1.json     51.19748
./wdpc_bs16KB_read100_round1.json    49.8075
./wdpc_bs16KB_read100_round3.json    49.575834
./wdpc_bs16KB_read100_round2.json    47.708333
./wdpc_bs32KB_read65_round2.json     46.4003
./wdpc_bs16KB_read50_round3.json     46.398006
./wdpc_bs16KB_read65_round3.json     46.114232
./wdpc_bs32KB_read65_round3.json     44.907838999999996
./wdpc_bs32KB_read35_round5.json     44.878301
./wdpc_bs32KB_read35_round6.json     44.519441
./wdpc_bs32KB_read35_round4.json     44.489534
./wdpc_bs32KB_read65_round1.json     44.294737
./wdpc_bs16KB_read65_round9.json     44.091863
./wdpc_bs32KB_read5_round4.json      43.747188
./wdpc_bs32KB_read35_round3.json     43.388916
./wdpc_bs32KB_read0_round3.json      43.108923
./wdpc_bs16KB_read65_round1.json     43.016183
./wdpc_bs32KB_read65_round5.json     42.832621
./wdpc_bs16KB_read35_round1.json     42.728333000000006
./wdpc_bs32KB_read0_round5.json      42.70191
./wdpc_bs32KB_read50_round1.json     42.685721
./wdpc_bs32KB_read50_round2.json     42.506208
./wdpc_bs8KB_read5_round1.json       42.470959
./wdpc_bs32KB_read50_round5.json     42.286923
./wdpc_bs16KB_read5_round2.json      42.273822
./wdpc_bs16KB_read35_round2.json     41.763123
./wdpc_bs32KB_read5_round3.json      41.449127999999995
./wdpc_bs32KB_read5_round6.json      41.423964000000005
./wdpc_bs16KB_read65_round7.json     41.358966
./wdpc_bs32KB_read50_round3.json     41.234313
./wdpc_bs16KB_read50_round1.json     41.071087000000006
./wdpc_bs32KB_read0_round2.json      41.049614999999996
./wdpc_bs32KB_read50_round4.json     40.8911
./wdpc_bs16KB_read65_round5.json     40.820986000000005
./wdpc_bs64KB_read65_round4.json     40.723922
./wdpc_bs32KB_read5_round2.json      40.712810000000005
./wdpc_bs16KB_read65_round8.json     40.419327
./wdpc_bs16KB_read65_round2.json     40.292661
./wdpc_bs32KB_read0_round4.json      40.238323
./wdpc_bs64KB_read65_round2.json     40.028498
./wdpc_bs64KB_read65_round5.json     40.025997000000004
./wdpc_bs64KB_read50_round5.json     40.006333
./wdpc_bs64KB_read50_round3.json     39.798519999999996
./wdpc_bs64KB_read50_round2.json     39.523897
./wdpc_bs32KB_read35_round2.json     39.456933
./wdpc_bs16KB_read0_round5.json      39.293512
./wdpc_bs64KB_read50_round4.json     39.216079
./wdpc_bs64KB_read0_round3.json      39.189414
./wdpc_bs32KB_read100_round4.json    39.152354
./wdpc_bs16KB_read5_round6.json      38.917684
./wdpc_bs64KB_read65_round6.json     38.888102
./wdpc_bs16KB_read50_round2.json     38.864537
./wdpc_bs32KB_read35_round1.json     38.835655
./wdpc_bs16KB_read0_round3.json      38.429359
./wdpc_bs64KB_read65_round3.json     38.288866
./wdpc_bs64KB_read0_round4.json      38.207209000000006
./wdpc_bs16KB_read5_round1.json      38.043813
./wdpc_bs16KB_read5_round5.json      37.918219
./wdpc_bs64KB_read0_round5.json      37.892132000000004
./wdpc_bs16KB_read50_round4.json     37.773537
./wdpc_bs32KB_read65_round4.json     37.762074
./wdpc_bs64KB_read0_round1.json      37.742358
./wdpc_bs64KB_read5_round5.json      37.595093999999996
./wdpc_bs32KB_read5_round5.json      37.498751
./wdpc_bs16KB_read0_round1.json      37.1325
./wdpc_bs16KB_read35_round5.json     37.025741
./wdpc_bs64KB_read0_round2.json      36.941524
./wdpc_bs64KB_read35_round5.json     36.904118000000004
./wdpc_bs64KB_read5_round3.json      36.576037
./wdpc_bs64KB_read35_round4.json     36.473775
./wdpc_bs32KB_read0_round1.json      36.434089
./wdpc_bs64KB_read5_round4.json      36.178882
./wdpc_bs64KB_read50_round1.json     36.064959
./wdpc_bs64KB_read5_round6.json      35.940039
./wdpc_bs64KB_read35_round3.json     35.857121
./wdpc_bs16KB_read50_round5.json     35.779641
./wdpc_bs16KB_read65_round6.json     35.551907
./wdpc_bs64KB_read35_round2.json     35.448449
./wdpc_bs16KB_read5_round3.json      35.441856
./wdpc_bs32KB_read65_round6.json     35.195741
./wdpc_bs64KB_read65_round1.json     35.027623
./wdpc_bs32KB_read100_round2.json    34.763008
./wdpc_bs64KB_read35_round6.json     34.517898
./wdpc_bs16KB_read35_round3.json     34.383307
./wdpc_bs16KB_read5_round7.json      34.165813
./wdpc_bs32KB_read100_round1.json    34.033032
./wdpc_bs16KB_read5_round4.json      33.155005
./wdpc_bs64KB_read5_round2.json      32.976179
./wdpc_bs16KB_read35_round6.json     32.975842
./wdpc_bs32KB_read5_round1.json      31.574256
./wdpc_bs16KB_read35_round4.json     31.049224
./wdpc_bs32KB_read95_round2.json     30.995633
./wdpc_bs32KB_read95_round3.json     30.711731999999998
./wdpc_bs32KB_read100_round5.json    30.585068999999997
./wdpc_bs64KB_read35_round1.json     30.212525
./wdpc_bs32KB_read100_round3.json    29.983417
./wdpc_bs16KB_read0_round2.json      29.932001
./wdpc_bs128KB_read50_round4.json    29.847949
./wdpc_bs128KB_read50_round3.json    29.755041
./wdpc_bs16KB_read0_round4.json      29.738671000000004
./wdpc_bs128KB_read50_round5.json    29.434016
./wdpc_bs32KB_read95_round1.json     29.21736
./wdpc_bs128KB_read50_round2.json    29.118068
./wdpc_bs64KB_read95_round2.json     29.108513
./wdpc_bs32KB_read95_round4.json     28.926535
./wdpc_bs128KB_read65_round6.json    28.707237
./wdpc_bs128KB_read65_round4.json    28.658079
./wdpc_bs64KB_read95_round1.json     28.489055
./wdpc_bs64KB_read95_round3.json     28.163721
./wdpc_bs128KB_read65_round5.json    28.056289
./wdpc_bs128KB_read35_round6.json    27.990736000000002
./wdpc_bs128KB_read65_round3.json    27.967605
./wdpc_bs64KB_read95_round4.json     27.482563
./wdpc_bs128KB_read0_round4.json     27.301508000000002
./wdpc_bs64KB_read95_round5.json     26.999417
./wdpc_bs128KB_read35_round4.json    26.466545
./wdpc_bs128KB_read50_round1.json    26.437433
./wdpc_bs64KB_read5_round1.json      26.37304
./wdpc_bs128KB_read65_round2.json    26.358895
./wdpc_bs128KB_read35_round3.json    26.358268
./wdpc_bs128KB_read35_round5.json    26.287285
./wdpc_bs32KB_read95_round5.json     25.876451000000003
./wdpc_bs128KB_read0_round1.json     25.849156
./wdpc_bs64KB_read100_round2.json    25.371232
./wdpc_bs128KB_read5_round5.json     25.206619
./wdpc_bs128KB_read0_round5.json     25.1835
./wdpc_bs64KB_read100_round3.json    25.111244
./wdpc_bs64KB_read100_round4.json    25.012915999999997
./wdpc_bs128KB_read5_round6.json     24.676959
./wdpc_bs128KB_read0_round3.json     24.628855
./wdpc_bs128KB_read5_round3.json     24.612886000000003
./wdpc_bs128KB_read5_round4.json     24.586776999999998
./wdpc_bs64KB_read100_round5.json    24.488997
./wdpc_bs128KB_read0_round2.json     24.247927999999998
./wdpc_bs128KB_read35_round2.json    23.942628999999997
./wdpc_bs128KB_read5_round2.json     23.11107
./wdpc_bs128KB_read65_round1.json    22.758213
./wdpc_bs16KB_read65_round4.json     21.692972
./wdpc_bs64KB_read100_round1.json    21.029431000000002
./wdpc_bs128KB_read35_round1.json    20.647149
./wdpc_bs128KB_read100_round2.json   19.870690000000003
./wdpc_bs128KB_read100_round3.json   19.219425
./wdpc_bs128KB_read95_round2.json    18.640481
./wdpc_bs128KB_read100_round1.json   18.627672
./wdpc_bs128KB_read5_round1.json     18.534996
./wdpc_bs128KB_read95_round5.json    18.467845
./wdpc_bs128KB_read95_round3.json    17.969505
./wdpc_bs128KB_read95_round4.json    17.856042000000002
./wdpc_bs1024KB_read95_round5.json   17.589395
./wdpc_bs128KB_read95_round1.json    17.533203
./wdpc_bs128KB_read100_round5.json   17.089103
./wdpc_bs128KB_read100_round4.json   17.041894
./wdpc_bs1024KB_read100_round4.json  16.21977
./wdpc_bs1024KB_read95_round3.json   15.966681
./wdpc_bs1024KB_read100_round3.json  15.641594000000001
./wdpc_bs1024KB_read100_round5.json  15.3592
./wdpc_bs1024KB_read95_round4.json   15.263053000000001
./wdpc_bs1024KB_read100_round2.json  15.190526
./wdpc_bs1024KB_read65_round5.json   15.00703
./wdpc_bs1024KB_read95_round2.json   14.955098
./wdpc_bs1024KB_read65_round3.json   14.924184
./wdpc_bs1024KB_read35_round6.json   14.890397
./wdpc_bs1024KB_read35_round4.json   14.795497999999998
./wdpc_bs1024KB_read100_round1.json  14.721378
./wdpc_bs1024KB_read65_round6.json   14.362507
./wdpc_bs1024KB_read95_round1.json   14.345163000000001
./wdpc_bs1024KB_read50_round6.json   14.296529
./wdpc_bs1024KB_read35_round3.json   14.261039
./wdpc_bs1024KB_read50_round4.json   14.245784
./wdpc_bs1024KB_read50_round2.json   14.174203
./wdpc_bs1024KB_read50_round3.json   13.929495999999999
./wdpc_bs1024KB_read35_round5.json   13.868693
./wdpc_bs1024KB_read65_round4.json   13.850429
./wdpc_bs1024KB_read50_round5.json   13.847190000000001
./wdpc_bs1024KB_read0_round4.json    13.718249
./wdpc_bs1024KB_read5_round4.json    13.464562
./wdpc_bs1024KB_read50_round1.json   13.300287999999998
./wdpc_bs1024KB_read65_round2.json   13.216287
./wdpc_bs1024KB_read0_round2.json    13.187928
./wdpc_bs1024KB_read5_round5.json    12.999933
./wdpc_bs1024KB_read0_round1.json    12.906445
./wdpc_bs1024KB_read35_round2.json   12.818832
./wdpc_bs1024KB_read0_round3.json    12.650025999999999
./wdpc_bs1024KB_read5_round3.json    12.594239
./wdpc_bs1024KB_read5_round6.json    12.408916999999999
./wdpc_bs1024KB_read5_round2.json    12.252333
./wdpc_bs1024KB_read0_round5.json    11.900663
./wdpc_bs1024KB_read35_round1.json   11.284969
./wdpc_bs1024KB_read65_round1.json   10.401604
./wdpc_bs1024KB_read5_round1.json    8.447002
