./wdpc_bs8KB_read100_round2.json     99.99666599999999
./wdpc_bs4KB_read100_round5.json     99.993333
./wdpc_bs8KB_read100_round3.json     99.97833299999999
./wdpc_bs4KB_read100_round1.json     99.97500000000001
./wdpc_bs4KB_read100_round2.json     99.973333
./wdpc_bs8KB_read100_round4.json     99.971667
./wdpc_bs4KB_read100_round4.json     99.971666
./wdpc_bs8KB_read100_round1.json     99.963333
./wdpc_bs8KB_read100_round5.json     99.956667
./wdpc_bs4KB_read0_round3.json       99.3
./wdpc_bs4KB_read0_round2.json       99.28
./wdpc_bs4KB_read0_round1.json       99.27666699999999
./wdpc_bs4KB_read0_round5.json       99.268333
./wdpc_bs4KB_read0_round4.json       99.251667
./wdpc_bs8KB_read0_round2.json       98.348333
./wdpc_bs8KB_read0_round4.json       98.281667
./wdpc_bs8KB_read0_round5.json       98.278334
./wdpc_bs8KB_read0_round3.json       98.061667
./wdpc_bs8KB_read0_round1.json       97.796667
./wdpc_bs16KB_read100_round1.json    86.296895
./wdpc_bs4KB_read100_round3.json     85.120248
./wdpc_bs16KB_read100_round4.json    83.361944
./wdpc_bs16KB_read100_round5.json    82.180297
./wdpc_bs16KB_read100_round2.json    81.996967
./wdpc_bs16KB_read100_round3.json    81.263645
./wdpc_bs16KB_read0_round4.json      74.48709099999999
./wdpc_bs16KB_read0_round5.json      74.420426
./wdpc_bs16KB_read0_round3.json      74.382093
./wdpc_bs16KB_read0_round2.json      74.23043
./wdpc_bs16KB_read0_round1.json      73.854205
./wdpc_bs32KB_read100_round5.json    68.532715
./wdpc_bs32KB_read100_round3.json    68.091064
./wdpc_bs32KB_read100_round4.json    67.794406
./wdpc_bs32KB_read0_round5.json      67.71441
./wdpc_bs32KB_read100_round2.json    65.62281200000001
./wdpc_bs32KB_read0_round1.json      64.914006
./wdpc_bs32KB_read0_round2.json      63.676816
./wdpc_bs32KB_read100_round1.json    61.407953
./wdpc_bs128KB_read0_round5.json     58.318336
./wdpc_bs128KB_read0_round1.json     58.099078000000006
./wdpc_bs128KB_read0_round2.json     57.91675
./wdpc_bs32KB_read0_round4.json      57.098811999999995
./wdpc_bs128KB_read0_round4.json     54.028429
./wdpc_bs128KB_read0_round3.json     53.410094
./wdpc_bs128KB_read100_round1.json   47.995334
./wdpc_bs32KB_read0_round3.json      47.858405000000005
./wdpc_bs128KB_read100_round4.json   47.557074
./wdpc_bs128KB_read100_round3.json   47.150475
./wdpc_bs128KB_read100_round5.json   36.112315
./wdpc_bs1024KB_read100_round3.json  35.077732
./wdpc_bs128KB_read100_round2.json   34.123215
./wdpc_bs1024KB_read100_round2.json  32.578191
./wdpc_bs1024KB_read100_round5.json  30.791638
./wdpc_bs1024KB_read0_round3.json    28.342762
./wdpc_bs1024KB_read0_round2.json    27.764933
./wdpc_bs1024KB_read100_round1.json  27.624089
./wdpc_bs1024KB_read0_round5.json    27.06219
./wdpc_bs1024KB_read0_round4.json    26.177445
./wdpc_bs1024KB_read0_round1.json    25.010814
./wdpc_bs1024KB_read100_round4.json  24.088283999999998
