./wdpc_bs512B_read100_round6.json    29.27
./wdpc_bs512B_read95_round9.json     28.976667000000003
./wdpc_bs512B_read95_round6.json     28.71
./wdpc_bs512B_read95_round10.json    28.366667
./wdpc_bs512B_read95_round2.json     27.18
./wdpc_bs512B_read95_round7.json     26.513334
./wdpc_bs512B_read65_round9.json     26.12
./wdpc_bs512B_read65_round3.json     25.89
./wdpc_bs512B_read50_round7.json     24.736666
./wdpc_bs512B_read35_round9.json     23.505884000000002
./wdpc_bs512B_read35_round8.json     23.382552999999998
./wdpc_bs4KB_read100_round2.json     23.193333
./wdpc_bs4KB_read65_round4.json      22.786667
./wdpc_bs4KB_read95_round1.json      22.64
./wdpc_bs512B_read65_round2.json     22.586666
./wdpc_bs4KB_read100_round4.json     22.533333000000002
./wdpc_bs512B_read65_round1.json     22.393333
./wdpc_bs4KB_read65_round6.json      22.34
./wdpc_bs4KB_read95_round3.json      22.256667
./wdpc_bs8KB_read100_round6.json     22.06
./wdpc_bs512B_read35_round3.json     21.932646000000002
./wdpc_bs8KB_read100_round2.json     21.656666
./wdpc_bs8KB_read95_round6.json      21.306667
./wdpc_bs8KB_read95_round9.json      20.913334
./wdpc_bs8KB_read95_round1.json      20.79316
./wdpc_bs512B_read35_round6.json     20.66
./wdpc_bs8KB_read100_round5.json     20.523334
./wdpc_bs4KB_read95_round2.json      20.396667
./wdpc_bs8KB_read95_round8.json      20.043333
./wdpc_bs4KB_read35_round2.json      19.913001
./wdpc_bs8KB_read95_round7.json      19.756667
./wdpc_bs4KB_read65_round5.json      19.659672999999998
./wdpc_bs4KB_read65_round3.json      19.546340999999998
./wdpc_bs4KB_read50_round1.json      19.463009
./wdpc_bs8KB_read100_round4.json     19.416667
./wdpc_bs512B_read100_round4.json    19.403334
./wdpc_bs512B_read100_round7.json    19.4
./wdpc_bs8KB_read100_round3.json     19.39
./wdpc_bs4KB_read100_round5.json     19.07
./wdpc_bs512B_read35_round4.json     19.039683
./wdpc_bs512B_read100_round3.json    18.893333000000002
./wdpc_bs512B_read95_round1.json     18.873334
./wdpc_bs4KB_read65_round1.json      18.863333
./wdpc_bs8KB_read95_round3.json      18.799999999999997
./wdpc_bs512B_read100_round5.json    18.759999999999998
./wdpc_bs512B_read100_round1.json    18.653334
./wdpc_bs8KB_read65_round9.json      18.479384
./wdpc_bs8KB_read50_round10.json     18.319695
./wdpc_bs8KB_read65_round3.json      18.106666
./wdpc_bs512B_read65_round4.json     18.073032
./wdpc_bs512B_read95_round3.json     17.993033
./wdpc_bs8KB_read65_round7.json      17.866221
./wdpc_bs8KB_read95_round10.json     17.839405
./wdpc_bs512B_read95_round8.json     17.81
./wdpc_bs512B_read95_round4.json     17.726667
./wdpc_bs8KB_read95_round2.json      17.639853000000002
./wdpc_bs512B_read65_round7.json     17.556666999999997
./wdpc_bs512B_read65_round6.json     17.476376000000002
./wdpc_bs4KB_read100_round6.json     17.436667
./wdpc_bs8KB_read95_round4.json      17.246665999999998
./wdpc_bs512B_read0_round3.json      17.17
./wdpc_bs4KB_read100_round1.json     17.123333000000002
./wdpc_bs512B_read35_round7.json     17.112763
./wdpc_bs512B_read50_round3.json     17.099715
./wdpc_bs8KB_read50_round7.json      17.092906
./wdpc_bs4KB_read100_round7.json     17.05
./wdpc_bs4KB_read100_round8.json     16.983333000000002
./wdpc_bs4KB_read95_round4.json      16.976667
./wdpc_bs512B_read50_round8.json     16.932769
./wdpc_bs4KB_read95_round10.json     16.903334
./wdpc_bs4KB_read95_round9.json      16.863333
./wdpc_bs512B_read50_round10.json    16.813054
./wdpc_bs16KB_read100_round4.json    16.763054
./wdpc_bs4KB_read95_round7.json      16.733333000000002
./wdpc_bs4KB_read95_round6.json      16.706667
./wdpc_bs8KB_read65_round6.json      16.673194
./wdpc_bs4KB_read95_round8.json      16.663333
./wdpc_bs8KB_read65_round2.json      16.655834
./wdpc_bs4KB_read50_round9.json      16.639722
./wdpc_bs512B_read50_round9.json     16.563196
./wdpc_bs16KB_read100_round2.json    16.549863000000002
./wdpc_bs4KB_read50_round10.json     16.545839
./wdpc_bs8KB_read65_round8.json      16.499724999999998
./wdpc_bs8KB_read65_round5.json      16.483333000000002
./wdpc_bs4KB_read50_round3.json      16.469451
./wdpc_bs512B_read0_round5.json      16.412786999999998
./wdpc_bs512B_read65_round8.json     16.393334
./wdpc_bs4KB_read50_round8.json      16.37
./wdpc_bs4KB_read50_round7.json      16.353333
./wdpc_bs8KB_read50_round9.json      16.236261
./wdpc_bs4KB_read50_round4.json      16.203198
./wdpc_bs8KB_read50_round4.json      16.162793999999998
./wdpc_bs512B_read50_round2.json     16.136532
./wdpc_bs8KB_read50_round6.json      16.116667
./wdpc_bs512B_read50_round1.json     16.049732
./wdpc_bs512B_read65_round5.json     16.023333
./wdpc_bs512B_read50_round4.json     16.0028
./wdpc_bs4KB_read50_round6.json      15.996667
./wdpc_bs8KB_read35_round3.json      15.969867
./wdpc_bs4KB_read35_round1.json      15.926136
./wdpc_bs4KB_read35_round3.json      15.866402999999998
./wdpc_bs8KB_read65_round1.json      15.796578
./wdpc_bs8KB_read35_round9.json      15.683202999999999
./wdpc_bs8KB_read50_round2.json      15.682026
./wdpc_bs512B_read50_round6.json     15.666274999999999
./wdpc_bs8KB_read35_round8.json      15.659869
./wdpc_bs8KB_read50_round3.json      15.649999999999999
./wdpc_bs8KB_read35_round7.json      15.596015999999999
./wdpc_bs8KB_read35_round5.json      15.532945
./wdpc_bs512B_read35_round10.json    15.463075
./wdpc_bs8KB_read35_round2.json      15.369231
./wdpc_bs4KB_read50_round2.json      15.299999999999999
./wdpc_bs8KB_read35_round6.json      15.123080999999999
./wdpc_bs16KB_read100_round1.json    14.98975
./wdpc_bs4KB_read35_round5.json      14.9895
./wdpc_bs8KB_read50_round1.json      14.975793
./wdpc_bs4KB_read65_round2.json      14.966417
./wdpc_bs512B_read100_round2.json    14.943084
./wdpc_bs4KB_read35_round4.json      14.899752
./wdpc_bs512B_read35_round2.json     14.809754
./wdpc_bs16KB_read100_round5.json    14.766421
./wdpc_bs16KB_read95_round4.json     14.646423
./wdpc_bs8KB_read50_round8.json      14.436667
./wdpc_bs8KB_read5_round4.json       14.269404999999999
./wdpc_bs8KB_read5_round3.json       14.246429000000001
./wdpc_bs4KB_read100_round3.json     14.153096999999999
./wdpc_bs4KB_read5_round6.json       14.083098
./wdpc_bs8KB_read5_round5.json       14.079883
./wdpc_bs16KB_read100_round3.json    14.023334
./wdpc_bs16KB_read95_round2.json     13.989767
./wdpc_bs16KB_read95_round5.json     13.929768
./wdpc_bs16KB_read95_round1.json     13.906435000000002
./wdpc_bs8KB_read0_round5.json       13.873218
./wdpc_bs4KB_read5_round5.json       13.84
./wdpc_bs8KB_read0_round4.json       13.762758999999999
./wdpc_bs8KB_read5_round6.json       13.749886
./wdpc_bs8KB_read100_round1.json     13.733104999999998
./wdpc_bs4KB_read0_round5.json       13.566666999999999
./wdpc_bs4KB_read0_round1.json       13.559999999999999
./wdpc_bs4KB_read5_round4.json       13.553333
./wdpc_bs4KB_read0_round4.json       13.553108
./wdpc_bs16KB_read95_round3.json     13.543108
./wdpc_bs8KB_read0_round1.json       13.522994999999998
./wdpc_bs4KB_read0_round3.json       13.5
./wdpc_bs8KB_read65_round4.json      13.429776
./wdpc_bs4KB_read5_round3.json       13.392776
./wdpc_bs512B_read5_round5.json      13.389666
./wdpc_bs4KB_read0_round2.json       13.389665999999998
./wdpc_bs8KB_read0_round2.json       13.132895000000001
./wdpc_bs512B_read0_round1.json      13.109891000000001
./wdpc_bs512B_read0_round2.json      13.086667
./wdpc_bs512B_read5_round6.json      13.056666
./wdpc_bs512B_read5_round3.json      12.933333000000001
./wdpc_bs8KB_read0_round3.json       12.926451
./wdpc_bs4KB_read5_round2.json       12.893333
./wdpc_bs512B_read5_round2.json      12.55583
./wdpc_bs512B_read5_round4.json      12.523333000000001
./wdpc_bs8KB_read35_round1.json      12.498334
./wdpc_bs8KB_read5_round2.json       12.359588
./wdpc_bs512B_read35_round1.json     12.349177
./wdpc_bs32KB_read100_round4.json    12.249592
./wdpc_bs512B_read0_round4.json      12.196667
./wdpc_bs32KB_read100_round3.json    12.152928000000001
./wdpc_bs16KB_read65_round8.json     12.069699
./wdpc_bs16KB_read65_round9.json     11.966468
./wdpc_bs16KB_read65_round11.json    11.916468
./wdpc_bs8KB_read35_round4.json      11.799804
./wdpc_bs32KB_read100_round2.json    11.712943
./wdpc_bs4KB_read5_round1.json       11.703334
./wdpc_bs16KB_read35_round3.json     11.462952000000001
./wdpc_bs32KB_read95_round5.json     11.312956
./wdpc_bs16KB_read65_round4.json     11.219439
./wdpc_bs16KB_read50_round4.json     11.206293
./wdpc_bs16KB_read50_round2.json     11.186294
./wdpc_bs16KB_read35_round4.json     11.115925
./wdpc_bs512B_read5_round1.json      11.083333
./wdpc_bs4KB_read50_round5.json      10.899728
./wdpc_bs16KB_read65_round5.json     10.739821
./wdpc_bs16KB_read65_round10.json    10.721547000000001
./wdpc_bs32KB_read95_round1.json     10.639467999999999
./wdpc_bs512B_read50_round5.json     10.522369
./wdpc_bs16KB_read65_round7.json     10.519825
./wdpc_bs4KB_read95_round5.json      10.48
./wdpc_bs8KB_read5_round1.json       10.413333
./wdpc_bs16KB_read65_round2.json     10.342471
./wdpc_bs16KB_read50_round3.json     10.196072000000001
./wdpc_bs16KB_read50_round1.json     10.076498
./wdpc_bs512B_read35_round5.json     10.013166
./wdpc_bs16KB_read35_round5.json     9.919834999999999
./wdpc_bs16KB_read35_round1.json     9.89967
./wdpc_bs16KB_read50_round5.json     9.803170000000001
./wdpc_bs512B_read95_round5.json     9.726424
./wdpc_bs16KB_read35_round2.json     9.68774
./wdpc_bs16KB_read65_round1.json     9.556428
./wdpc_bs16KB_read65_round6.json     9.486508
./wdpc_bs16KB_read5_round4.json      9.363021
./wdpc_bs16KB_read5_round2.json      9.082879
./wdpc_bs32KB_read95_round3.json     9.079698
./wdpc_bs16KB_read65_round3.json     8.792894
./wdpc_bs16KB_read5_round6.json      8.766373999999999
./wdpc_bs32KB_read100_round1.json    8.696377
./wdpc_bs8KB_read50_round5.json      8.683043999999999
./wdpc_bs16KB_read5_round3.json      8.682972
./wdpc_bs16KB_read0_round3.json      8.653045
./wdpc_bs16KB_read5_round5.json      8.53624
./wdpc_bs32KB_read100_round5.json    8.329722
./wdpc_bs32KB_read65_round4.json     8.179591
./wdpc_bs16KB_read0_round4.json      8.123063
./wdpc_bs32KB_read65_round5.json     8.089731
./wdpc_bs16KB_read0_round2.json      7.969734
./wdpc_bs32KB_read95_round2.json     7.90307
./wdpc_bs8KB_read95_round5.json      7.859869
./wdpc_bs16KB_read0_round1.json      7.693076
./wdpc_bs32KB_read95_round4.json     7.589747
./wdpc_bs16KB_read0_round5.json      7.463209
./wdpc_bs64KB_read95_round4.json     7.419381
./wdpc_bs64KB_read95_round5.json     7.256062
./wdpc_bs32KB_read35_round5.json     7.246304
./wdpc_bs32KB_read50_round3.json     7.1263190000000005
./wdpc_bs64KB_read65_round4.json     7.105601
./wdpc_bs64KB_read100_round3.json    7.092741999999999
./wdpc_bs64KB_read100_round4.json    7.072802
./wdpc_bs64KB_read100_round2.json    7.06947
./wdpc_bs32KB_read50_round5.json     7.056314
./wdpc_bs128KB_read100_round4.json   7.015498000000001
./wdpc_bs64KB_read65_round5.json     6.952522
./wdpc_bs64KB_read65_round1.json     6.875521
./wdpc_bs32KB_read65_round3.json     6.839772
./wdpc_bs128KB_read100_round1.json   6.77887
./wdpc_bs32KB_read65_round2.json     6.763108
./wdpc_bs32KB_read65_round1.json     6.756216
./wdpc_bs64KB_read95_round3.json     6.729439
./wdpc_bs32KB_read35_round4.json     6.689331
./wdpc_bs32KB_read35_round3.json     6.671777
./wdpc_bs32KB_read0_round3.json      6.643001
./wdpc_bs32KB_read0_round4.json      6.64278
./wdpc_bs64KB_read100_round1.json    6.4895130000000005
./wdpc_bs128KB_read95_round3.json    6.472255
./wdpc_bs64KB_read95_round1.json     6.408825
./wdpc_bs16KB_read5_round1.json      6.399147
./wdpc_bs64KB_read95_round2.json     6.382855
./wdpc_bs128KB_read95_round4.json    6.358834
./wdpc_bs64KB_read50_round4.json     6.309264000000001
./wdpc_bs64KB_read50_round2.json     6.2626550000000005
./wdpc_bs32KB_read5_round2.json      6.242241
./wdpc_bs32KB_read50_round4.json     6.232762
./wdpc_bs128KB_read95_round1.json    6.188969
./wdpc_bs32KB_read50_round6.json     6.109695
./wdpc_bs32KB_read35_round6.json     6.039597
./wdpc_bs32KB_read50_round2.json     5.9330359999999995
./wdpc_bs32KB_read50_round1.json     5.892939999999999
./wdpc_bs32KB_read35_round1.json     5.846277
./wdpc_bs32KB_read0_round1.json      5.656384
./wdpc_bs32KB_read35_round2.json     5.639342
./wdpc_bs64KB_read0_round2.json      5.539169
./wdpc_bs32KB_read5_round6.json      5.529586
./wdpc_bs64KB_read35_round4.json     5.522367
./wdpc_bs64KB_read5_round1.json      5.519172
./wdpc_bs64KB_read35_round5.json     5.512736
./wdpc_bs64KB_read35_round2.json     5.5057030000000005
./wdpc_bs64KB_read35_round3.json     5.476028
./wdpc_bs32KB_read0_round2.json      5.472968
./wdpc_bs32KB_read5_round4.json      5.409684
./wdpc_bs64KB_read50_round5.json     5.409144
./wdpc_bs64KB_read65_round2.json     5.372706
./wdpc_bs128KB_read100_round3.json   5.282453
./wdpc_bs64KB_read0_round1.json      5.26272
./wdpc_bs32KB_read5_round1.json      5.239301
./wdpc_bs32KB_read5_round5.json      5.216319
./wdpc_bs128KB_read100_round2.json   5.205799000000001
./wdpc_bs64KB_read5_round4.json      5.199307
./wdpc_bs64KB_read35_round1.json     5.1793949999999995
./wdpc_bs128KB_read65_round1.json    5.115473
./wdpc_bs32KB_read5_round3.json      5.086158
./wdpc_bs128KB_read50_round4.json    5.048569
./wdpc_bs128KB_read65_round2.json    5.028743
./wdpc_bs128KB_read50_round5.json    5.028491
./wdpc_bs128KB_read65_round3.json    5.005415
./wdpc_bs32KB_read0_round5.json      4.9562539999999995
./wdpc_bs64KB_read65_round3.json     4.955841
./wdpc_bs64KB_read0_round4.json      4.942674
./wdpc_bs64KB_read5_round5.json      4.829435999999999
./wdpc_bs128KB_read95_round2.json    4.795867
./wdpc_bs64KB_read5_round2.json      4.735995
./wdpc_bs64KB_read50_round3.json     4.732781
./wdpc_bs64KB_read100_round5.json    4.67961
./wdpc_bs128KB_read50_round3.json    4.651318
./wdpc_bs128KB_read35_round2.json    4.601991
./wdpc_bs128KB_read35_round3.json    4.548787
./wdpc_bs128KB_read100_round5.json   4.502658
./wdpc_bs128KB_read0_round1.json     4.395421
./wdpc_bs128KB_read0_round5.json     4.335439
./wdpc_bs64KB_read50_round1.json     4.282726
./wdpc_bs128KB_read95_round5.json    4.22919
./wdpc_bs128KB_read50_round6.json    4.225681
./wdpc_bs128KB_read65_round4.json    4.212491
./wdpc_bs128KB_read65_round5.json    4.198985
./wdpc_bs128KB_read35_round1.json    3.9586799999999998
./wdpc_bs128KB_read35_round4.json    3.8854360000000003
./wdpc_bs128KB_read0_round3.json     3.8822979999999996
./wdpc_bs128KB_read0_round4.json     3.875698
./wdpc_bs64KB_read0_round3.json      3.867647
./wdpc_bs128KB_read35_round5.json    3.768995
./wdpc_bs128KB_read5_round1.json     3.72234
./wdpc_bs128KB_read5_round5.json     3.689139
./wdpc_bs128KB_read0_round2.json     3.669022
./wdpc_bs64KB_read0_round5.json      3.656119
./wdpc_bs128KB_read50_round2.json    3.642241
./wdpc_bs128KB_read50_round1.json    3.625851
./wdpc_bs128KB_read5_round2.json     3.575773
./wdpc_bs128KB_read5_round3.json     3.555837
./wdpc_bs64KB_read5_round3.json      3.516198
./wdpc_bs128KB_read5_round4.json     3.468844
./wdpc_bs1024KB_read0_round5.json    1.706402
./wdpc_bs1024KB_read5_round5.json    1.683398
./wdpc_bs1024KB_read100_round4.json  1.6810500000000002
./wdpc_bs1024KB_read95_round5.json   1.670911
./wdpc_bs1024KB_read5_round4.json    1.655991
./wdpc_bs1024KB_read95_round4.json   1.647734
./wdpc_bs1024KB_read100_round1.json  1.614487
./wdpc_bs1024KB_read95_round1.json   1.597737
./wdpc_bs1024KB_read35_round4.json   1.574725
./wdpc_bs1024KB_read95_round3.json   1.574555
./wdpc_bs1024KB_read100_round5.json  1.5745410000000002
./wdpc_bs1024KB_read50_round6.json   1.5473949999999999
./wdpc_bs1024KB_read100_round3.json  1.5312540000000001
./wdpc_bs1024KB_read100_round2.json  1.511205
./wdpc_bs1024KB_read65_round4.json   1.507663
./wdpc_bs1024KB_read0_round2.json    1.467164
./wdpc_bs1024KB_read95_round2.json   1.46136
./wdpc_bs1024KB_read0_round4.json    1.460631
./wdpc_bs1024KB_read5_round6.json    1.460619
./wdpc_bs1024KB_read0_round3.json    1.450625
./wdpc_bs1024KB_read35_round6.json   1.4506139999999998
./wdpc_bs1024KB_read65_round6.json   1.447575
./wdpc_bs1024KB_read65_round5.json   1.43424
./wdpc_bs1024KB_read50_round3.json   1.4310429999999998
./wdpc_bs1024KB_read50_round5.json   1.427395
./wdpc_bs1024KB_read5_round7.json    1.4273
./wdpc_bs1024KB_read35_round3.json   1.42061
./wdpc_bs1024KB_read50_round4.json   1.414474
./wdpc_bs1024KB_read65_round3.json   1.407947
./wdpc_bs1024KB_read35_round5.json   1.40749
./wdpc_bs1024KB_read0_round1.json    1.400696
./wdpc_bs1024KB_read50_round2.json   1.381181
./wdpc_bs1024KB_read5_round3.json    1.353537
./wdpc_bs1024KB_read65_round2.json   1.347787
./wdpc_bs1024KB_read35_round2.json   1.32425
./wdpc_bs1024KB_read5_round2.json    1.2117
./wdpc_bs1024KB_read50_round1.json   1.194775
./wdpc_bs1024KB_read35_round1.json   1.078122
./wdpc_bs1024KB_read65_round1.json   1.062841
./wdpc_bs1024KB_read5_round1.json    0.884559
