./wdpc_bs8KB_read100_round2.json     99.998334
./wdpc_bs8KB_read100_round1.json     99.998333
./wdpc_bs4KB_read100_round4.json     99.99166699999999
./wdpc_bs8KB_read100_round3.json     99.98
./wdpc_bs8KB_read100_round4.json     99.98
./wdpc_bs4KB_read100_round5.json     99.973333
./wdpc_bs4KB_read100_round2.json     99.918333
./wdpc_bs4KB_read100_round3.json     99.851666
./wdpc_bs8KB_read100_round5.json     99.526666
./wdpc_bs4KB_read0_round1.json       99.25333300000001
./wdpc_bs4KB_read0_round4.json       99.25
./wdpc_bs4KB_read0_round5.json       99.243333
./wdpc_bs4KB_read0_round2.json       98.23
./wdpc_bs8KB_read0_round5.json       98.173334
./wdpc_bs8KB_read0_round3.json       98.16000000000001
./wdpc_bs8KB_read0_round1.json       98.11500000000001
./wdpc_bs8KB_read0_round4.json       98.11
./wdpc_bs8KB_read0_round2.json       98.08333300000001
./wdpc_bs4KB_read100_round1.json     96.69166700000001
./wdpc_bs4KB_read0_round3.json       96.571666
./wdpc_bs16KB_read100_round1.json    83.648606
./wdpc_bs16KB_read100_round3.json    83.21361300000001
./wdpc_bs16KB_read100_round2.json    83.163614
./wdpc_bs16KB_read100_round5.json    82.593623
./wdpc_bs16KB_read100_round4.json    82.23363
./wdpc_bs16KB_read0_round1.json      76.38706
./wdpc_bs16KB_read0_round2.json      75.35207700000001
./wdpc_bs16KB_read0_round3.json      75.070831
./wdpc_bs16KB_read0_round4.json      74.997083
./wdpc_bs16KB_read0_round5.json      74.837087
./wdpc_bs32KB_read100_round3.json    71.019299
./wdpc_bs32KB_read100_round2.json    70.27265700000001
./wdpc_bs32KB_read0_round4.json      68.203787
./wdpc_bs32KB_read100_round1.json    65.912803
./wdpc_bs32KB_read0_round1.json      62.431252
./wdpc_bs32KB_read0_round2.json      59.27037
./wdpc_bs32KB_read100_round4.json    58.736375
./wdpc_bs128KB_read0_round4.json     58.677286
./wdpc_bs128KB_read0_round5.json     58.489968000000005
./wdpc_bs32KB_read100_round5.json    57.524749
./wdpc_bs128KB_read0_round3.json     57.388522
./wdpc_bs32KB_read0_round5.json      56.515508
./wdpc_bs128KB_read0_round1.json     55.23562
./wdpc_bs32KB_read0_round3.json      54.52894
./wdpc_bs128KB_read0_round2.json     54.348985
./wdpc_bs128KB_read100_round5.json   48.304421
./wdpc_bs128KB_read100_round1.json   47.764502
./wdpc_bs128KB_read100_round4.json   47.63452100000001
./wdpc_bs128KB_read100_round3.json   47.191254
./wdpc_bs128KB_read100_round2.json   35.574664
./wdpc_bs1024KB_read0_round2.json    31.768425
./wdpc_bs1024KB_read0_round1.json    29.032205
./wdpc_bs1024KB_read100_round1.json  27.661628999999998
./wdpc_bs1024KB_read0_round5.json    27.360453
./wdpc_bs1024KB_read100_round3.json  26.671217
./wdpc_bs1024KB_read100_round2.json  25.992942
./wdpc_bs1024KB_read100_round4.json  25.859341999999998
./wdpc_bs1024KB_read100_round5.json  25.842696999999998
./wdpc_bs1024KB_read0_round4.json    25.546426
./wdpc_bs1024KB_read0_round3.json    22.439405999999998
