./wdpc_bs512B_read0_round2.json    37.968334
./wdpc_bs512B_read0_round1.json    36.958334
./wdpc_bs512B_read0_round4.json    36.635000000000005
./wdpc_bs512B_read0_round3.json    36.56
./wdpc_bs512B_read0_round5.json    36.231667
./wdpc_bs8KB_read0_round2.json     27.801667
./wdpc_bs8KB_read0_round4.json     27.613333
./wdpc_bs8KB_read0_round3.json     27.566665999999998
./wdpc_bs8KB_read0_round5.json     27.518333000000002
./wdpc_bs8KB_read0_round1.json     27.376666
./wdpc_bs4KB_read0_round3.json     27.36
./wdpc_bs4KB_read0_round5.json     27.306666
./wdpc_bs4KB_read100_round3.json   27.21
./wdpc_bs4KB_read0_round1.json     26.903334
./wdpc_bs4KB_read0_round4.json     26.763334
./wdpc_bs4KB_read0_round2.json     26.653333
./wdpc_bs4KB_read100_round5.json   26.555
./wdpc_bs4KB_read100_round2.json   26.365000000000002
./wdpc_bs4KB_read100_round1.json   26.27
./wdpc_bs4KB_read100_round4.json   26.154999999999998
./wdpc_bs8KB_read100_round3.json   25.920741
./wdpc_bs8KB_read100_round5.json   25.658333
./wdpc_bs8KB_read100_round1.json   25.334999999999997
./wdpc_bs8KB_read100_round4.json   25.183333
./wdpc_bs8KB_read100_round2.json   24.963334
./wdpc_bs512B_read65_round1.json   24.633334
./wdpc_bs512B_read65_round5.json   24.511667000000003
./wdpc_bs512B_read65_round3.json   24.315
./wdpc_bs512B_read65_round2.json   24.221666999999997
./wdpc_bs512B_read65_round4.json   24.188333
./wdpc_bs4KB_read65_round3.json    23.943333000000003
./wdpc_bs4KB_read65_round5.json    23.886667
./wdpc_bs4KB_read65_round4.json    23.73
./wdpc_bs4KB_read65_round2.json    23.38
./wdpc_bs4KB_read65_round1.json    23.315
./wdpc_bs512B_read100_round3.json  22.788333
./wdpc_bs8KB_read65_round3.json    22.695
./wdpc_bs8KB_read65_round5.json    22.636667
./wdpc_bs8KB_read65_round2.json    22.606666
./wdpc_bs8KB_read65_round1.json    22.490000000000002
./wdpc_bs8KB_read65_round4.json    22.456666
./wdpc_bs512B_read100_round4.json  22.085
./wdpc_bs512B_read100_round5.json  21.91
./wdpc_bs512B_read100_round2.json  21.803333
./wdpc_bs512B_read100_round1.json  21.65
