./wdpc_bs8KB_read100_round1.json     74.046666
./wdpc_bs512B_read35_round4.json     72.809167
./wdpc_bs4KB_read0_round1.json       72.732121
./wdpc_bs512B_read95_round5.json     72.472729
./wdpc_bs512B_read35_round5.json     72.268334
./wdpc_bs4KB_read5_round3.json       72.24023199999999
./wdpc_bs4KB_read35_round6.json      72.17916699999999
./wdpc_bs4KB_read35_round5.json      72.02796599999999
./wdpc_bs4KB_read35_round2.json      71.937968
./wdpc_bs512B_read50_round5.json     71.86833299999999
./wdpc_bs4KB_read35_round3.json      71.859401
./wdpc_bs8KB_read35_round6.json      71.763333
./wdpc_bs512B_read5_round6.json      71.745
./wdpc_bs512B_read50_round4.json     71.649043
./wdpc_bs4KB_read95_round4.json      71.622139
./wdpc_bs512B_read35_round6.json     71.536667
./wdpc_bs512B_read35_round2.json     71.530475
./wdpc_bs4KB_read5_round6.json       71.503333
./wdpc_bs512B_read95_round3.json     71.399166
./wdpc_bs512B_read35_round3.json     71.346311
./wdpc_bs4KB_read100_round2.json     71.276073
./wdpc_bs4KB_read50_round4.json      71.27333399999999
./wdpc_bs4KB_read50_round5.json      71.189406
./wdpc_bs512B_read95_round4.json     71.098333
./wdpc_bs4KB_read100_round4.json     71.026316
./wdpc_bs4KB_read95_round3.json      70.966909
./wdpc_bs4KB_read5_round2.json       70.921347
./wdpc_bs8KB_read50_round5.json      70.907985
./wdpc_bs4KB_read95_round5.json      70.795833
./wdpc_bs512B_read95_round1.json     70.772987
./wdpc_bs4KB_read95_round1.json      70.77166700000001
./wdpc_bs4KB_read0_round4.json       70.62
./wdpc_bs512B_read65_round5.json     70.538825
./wdpc_bs512B_read50_round3.json     70.449659
./wdpc_bs4KB_read50_round3.json      70.44500000000001
./wdpc_bs8KB_read35_round4.json      70.31858100000001
./wdpc_bs8KB_read35_round5.json      70.271329
./wdpc_bs4KB_read0_round3.json       70.260248
./wdpc_bs4KB_read0_round5.json       70.201667
./wdpc_bs512B_read65_round2.json     70.174166
./wdpc_bs8KB_read65_round3.json      70.060834
./wdpc_bs4KB_read0_round2.json       70.0475
./wdpc_bs4KB_read95_round2.json      69.896918
./wdpc_bs512B_read65_round3.json     69.8625
./wdpc_bs8KB_read100_round5.json     69.841666
./wdpc_bs4KB_read100_round1.json     69.825834
./wdpc_bs8KB_read95_round3.json      69.77941899999999
./wdpc_bs4KB_read5_round4.json       69.681666
./wdpc_bs8KB_read100_round2.json     69.599167
./wdpc_bs8KB_read100_round3.json     69.579421
./wdpc_bs8KB_read5_round4.json       69.556269
./wdpc_bs4KB_read5_round5.json       69.550833
./wdpc_bs4KB_read65_round3.json      69.475
./wdpc_bs4KB_read65_round5.json      69.474166
./wdpc_bs4KB_read65_round2.json      69.4675
./wdpc_bs4KB_read65_round4.json      69.309166
./wdpc_bs4KB_read35_round4.json      69.188013
./wdpc_bs512B_read50_round2.json     69.049683
./wdpc_bs4KB_read50_round1.json      69.003016
./wdpc_bs512B_read50_round1.json     69.000834
./wdpc_bs8KB_read35_round3.json      68.975833
./wdpc_bs512B_read65_round4.json     68.950518
./wdpc_bs512B_read0_round1.json      68.926093
./wdpc_bs512B_read95_round2.json     68.919166
./wdpc_bs8KB_read100_round4.json     68.824426
./wdpc_bs16KB_read100_round4.json    68.792187
./wdpc_bs4KB_read50_round2.json      68.785
./wdpc_bs16KB_read100_round3.json    68.60969
./wdpc_bs512B_read5_round4.json      68.5575
./wdpc_bs8KB_read95_round2.json      68.449167
./wdpc_bs8KB_read95_round4.json      68.441929
./wdpc_bs8KB_read95_round5.json      68.396317
./wdpc_bs512B_read0_round4.json      68.345834
./wdpc_bs8KB_read95_round1.json      68.34443
./wdpc_bs512B_read5_round2.json      68.257196
./wdpc_bs512B_read0_round2.json      68.149963
./wdpc_bs512B_read100_round3.json    67.841667
./wdpc_bs512B_read100_round1.json    67.791667
./wdpc_bs4KB_read35_round1.json      67.45969000000001
./wdpc_bs8KB_read5_round6.json       67.319439
./wdpc_bs512B_read100_round5.json    67.249166
./wdpc_bs512B_read5_round5.json      67.190547
./wdpc_bs8KB_read35_round2.json      66.981934
./wdpc_bs512B_read65_round1.json     66.921936
./wdpc_bs8KB_read5_round5.json       66.909443
./wdpc_bs512B_read100_round2.json    66.7875
./wdpc_bs8KB_read5_round3.json       66.628056
./wdpc_bs4KB_read65_round1.json      66.578611
./wdpc_bs512B_read100_round4.json    66.429446
./wdpc_bs512B_read0_round5.json      66.238062
./wdpc_bs8KB_read65_round6.json      66.1525
./wdpc_bs8KB_read65_round4.json      66.090833
./wdpc_bs512B_read0_round3.json      66.07584800000001
./wdpc_bs8KB_read0_round2.json       65.88
./wdpc_bs4KB_read100_round5.json     65.87445199999999
./wdpc_bs512B_read35_round1.json     65.735309
./wdpc_bs4KB_read100_round3.json     65.706952
./wdpc_bs8KB_read0_round3.json       65.399744
./wdpc_bs512B_read5_round3.json      65.136667
./wdpc_bs8KB_read50_round2.json      64.53916699999999
./wdpc_bs8KB_read0_round1.json       63.9375
./wdpc_bs16KB_read95_round1.json     63.796969000000004
./wdpc_bs8KB_read5_round2.json       62.834785999999994
./wdpc_bs8KB_read50_round4.json      62.263648
./wdpc_bs8KB_read0_round5.json       61.737305
./wdpc_bs16KB_read95_round4.json     61.224303
./wdpc_bs8KB_read65_round5.json      61.147314
./wdpc_bs8KB_read0_round4.json       60.934636
./wdpc_bs512B_read5_round1.json      60.049167
./wdpc_bs8KB_read50_round1.json      59.649342
./wdpc_bs16KB_read95_round5.json     59.34567800000001
./wdpc_bs16KB_read95_round3.json     58.599023
./wdpc_bs4KB_read5_round1.json       57.451188
./wdpc_bs16KB_read95_round2.json     57.280712
./wdpc_bs8KB_read65_round1.json      56.855
./wdpc_bs8KB_read35_round1.json      56.173127
./wdpc_bs8KB_read50_round3.json      52.735697
./wdpc_bs8KB_read5_round1.json       51.1375
./wdpc_bs16KB_read5_round6.json      50.374167
./wdpc_bs32KB_read65_round5.json     50.363322
./wdpc_bs8KB_read65_round2.json      50.046665
./wdpc_bs32KB_read50_round5.json     48.517145
./wdpc_bs16KB_read100_round2.json    48.513762
./wdpc_bs16KB_read100_round1.json    48.470859000000004
./wdpc_bs16KB_read100_round5.json    48.053366
./wdpc_bs16KB_read35_round1.json     47.880434
./wdpc_bs32KB_read50_round2.json     47.659004
./wdpc_bs32KB_read65_round2.json     47.441752
./wdpc_bs32KB_read35_round5.json     46.745996999999996
./wdpc_bs32KB_read35_round3.json     46.691832
./wdpc_bs32KB_read35_round6.json     46.660167
./wdpc_bs32KB_read50_round4.json     46.449016
./wdpc_bs32KB_read5_round6.json      46.427291999999994
./wdpc_bs32KB_read35_round2.json     46.316974
./wdpc_bs32KB_read65_round3.json     45.943467999999996
./wdpc_bs32KB_read50_round3.json     45.833541999999994
./wdpc_bs16KB_read5_round2.json      45.729309
./wdpc_bs32KB_read0_round5.json      45.464317
./wdpc_bs16KB_read5_round4.json      45.378488
./wdpc_bs32KB_read35_round4.json     45.368641999999994
./wdpc_bs32KB_read65_round4.json     44.964127000000005
./wdpc_bs32KB_read65_round1.json     44.797847000000004
./wdpc_bs32KB_read0_round1.json      44.574256999999996
./wdpc_bs32KB_read0_round4.json      44.492404
./wdpc_bs32KB_read5_round5.json      44.129557999999996
./wdpc_bs16KB_read5_round5.json      43.686408
./wdpc_bs32KB_read5_round2.json      43.247476999999996
./wdpc_bs32KB_read0_round2.json      43.088205
./wdpc_bs32KB_read5_round3.json      43.020572
./wdpc_bs32KB_read0_round3.json      42.550621
./wdpc_bs64KB_read65_round6.json     42.260199
./wdpc_bs16KB_read0_round2.json      42.248592
./wdpc_bs16KB_read5_round1.json      42.121096
./wdpc_bs32KB_read5_round4.json      42.026848
./wdpc_bs64KB_read65_round4.json     41.968386
./wdpc_bs32KB_read35_round1.json     41.868604
./wdpc_bs32KB_read50_round1.json     41.417238000000005
./wdpc_bs64KB_read65_round5.json     41.38704
./wdpc_bs64KB_read65_round2.json     41.280673
./wdpc_bs32KB_read65_round6.json     41.211469
./wdpc_bs64KB_read65_round3.json     41.183921
./wdpc_bs16KB_read0_round5.json      40.800647000000005
./wdpc_bs64KB_read50_round3.json     40.061493
./wdpc_bs64KB_read50_round4.json     40.054162
./wdpc_bs16KB_read0_round4.json      39.811003
./wdpc_bs16KB_read0_round7.json      39.751175
./wdpc_bs64KB_read50_round2.json     39.575382999999995
./wdpc_bs16KB_read5_round9.json      39.398358
./wdpc_bs64KB_read50_round5.json     38.914257
./wdpc_bs64KB_read0_round3.json      38.786258000000004
./wdpc_bs64KB_read0_round2.json      38.362658
./wdpc_bs64KB_read0_round5.json      38.208043
./wdpc_bs64KB_read5_round5.json      37.978818
./wdpc_bs64KB_read0_round4.json      37.652685
./wdpc_bs64KB_read5_round6.json      37.633943
./wdpc_bs64KB_read65_round1.json     37.222635
./wdpc_bs64KB_read35_round4.json     37.158998000000004
./wdpc_bs64KB_read5_round3.json      37.071199
./wdpc_bs64KB_read5_round4.json      36.950997
./wdpc_bs64KB_read35_round5.json     36.804653
./wdpc_bs16KB_read65_round2.json     36.733554999999996
./wdpc_bs16KB_read65_round4.json     36.581057
./wdpc_bs16KB_read0_round3.json      36.439923
./wdpc_bs16KB_read5_round8.json      36.341060999999996
./wdpc_bs64KB_read35_round3.json     36.234939
./wdpc_bs16KB_read0_round1.json      36.043797999999995
./wdpc_bs64KB_read35_round6.json     35.753329
./wdpc_bs64KB_read50_round1.json     35.668461
./wdpc_bs64KB_read0_round1.json      35.559129
./wdpc_bs16KB_read0_round6.json      35.331617
./wdpc_bs64KB_read5_round2.json      34.991251
./wdpc_bs64KB_read35_round2.json     34.455266
./wdpc_bs32KB_read5_round1.json      34.07163
./wdpc_bs16KB_read50_round1.json     33.411942
./wdpc_bs16KB_read5_round7.json      32.938128
./wdpc_bs128KB_read50_round3.json    32.888993
./wdpc_bs128KB_read50_round4.json    32.789261
./wdpc_bs16KB_read65_round5.json     32.154196
./wdpc_bs16KB_read50_round3.json     31.229792
./wdpc_bs128KB_read65_round3.json    31.227036000000002
./wdpc_bs16KB_read35_round2.json     31.062815
./wdpc_bs32KB_read100_round1.json    30.824549
./wdpc_bs128KB_read50_round5.json    30.631697000000003
./wdpc_bs16KB_read50_round4.json     29.958168
./wdpc_bs16KB_read5_round10.json     29.606265999999998
./wdpc_bs16KB_read65_round6.json     29.462597000000002
./wdpc_bs16KB_read65_round3.json     28.935681
./wdpc_bs64KB_read100_round5.json    28.838078
./wdpc_bs128KB_read65_round4.json    28.825196
./wdpc_bs64KB_read95_round5.json     28.817005
./wdpc_bs16KB_read5_round3.json      28.816172
./wdpc_bs64KB_read95_round4.json     28.731887
./wdpc_bs64KB_read35_round1.json     28.710454
./wdpc_bs128KB_read65_round2.json    28.662834
./wdpc_bs64KB_read95_round1.json     28.640352
./wdpc_bs128KB_read50_round2.json    28.521082
./wdpc_bs16KB_read35_round3.json     28.38643
./wdpc_bs128KB_read65_round5.json    28.144710000000003
./wdpc_bs16KB_read50_round2.json     28.132396
./wdpc_bs64KB_read95_round2.json     27.999333
./wdpc_bs128KB_read35_round4.json    27.771112
./wdpc_bs32KB_read100_round2.json    27.720140999999998
./wdpc_bs16KB_read35_round4.json     27.544082
./wdpc_bs128KB_read0_round5.json     27.4829
./wdpc_bs64KB_read100_round3.json    27.37757
./wdpc_bs16KB_read35_round5.json     27.328484
./wdpc_bs32KB_read100_round3.json    27.090156
./wdpc_bs128KB_read0_round1.json     26.978322
./wdpc_bs64KB_read100_round2.json    26.944262000000002
./wdpc_bs128KB_read50_round1.json    26.882903000000002
./wdpc_bs128KB_read0_round3.json     26.865560000000002
./wdpc_bs32KB_read100_round5.json    26.622667999999997
./wdpc_bs32KB_read95_round3.json     26.511004
./wdpc_bs128KB_read5_round6.json     26.429446
./wdpc_bs16KB_read35_round6.json     26.065616
./wdpc_bs128KB_read35_round2.json    26.064113
./wdpc_bs128KB_read35_round3.json    25.95163
./wdpc_bs128KB_read0_round2.json     25.794787999999997
./wdpc_bs16KB_read50_round5.json     25.785403
./wdpc_bs128KB_read0_round4.json     25.674843
./wdpc_bs128KB_read35_round6.json    25.568996000000002
./wdpc_bs64KB_read5_round1.json      25.548863
./wdpc_bs128KB_read35_round5.json    25.433006
./wdpc_bs64KB_read95_round3.json     25.394351999999998
./wdpc_bs32KB_read95_round1.json     24.905003999999998
./wdpc_bs128KB_read5_round5.json     24.853787
./wdpc_bs128KB_read5_round3.json     24.680918
./wdpc_bs32KB_read95_round5.json     24.65605
./wdpc_bs128KB_read65_round1.json    24.499691000000002
./wdpc_bs128KB_read5_round2.json     24.143414999999997
./wdpc_bs16KB_read65_round1.json     24.057131000000002
./wdpc_bs128KB_read5_round4.json     24.019363
./wdpc_bs32KB_read95_round2.json     23.957734
./wdpc_bs32KB_read95_round4.json     23.899203999999997
./wdpc_bs32KB_read100_round4.json    23.381916
./wdpc_bs64KB_read100_round4.json    22.678299
./wdpc_bs128KB_read35_round1.json    22.454743
./wdpc_bs128KB_read100_round2.json   19.997334
./wdpc_bs128KB_read100_round4.json   19.525892
./wdpc_bs1024KB_read100_round1.json  19.509393000000003
./wdpc_bs128KB_read100_round1.json   19.417248999999998
./wdpc_bs128KB_read95_round5.json    19.286595000000002
./wdpc_bs1024KB_read95_round4.json   18.543271999999998
./wdpc_bs128KB_read95_round2.json    18.541016
./wdpc_bs1024KB_read95_round3.json   18.467595
./wdpc_bs128KB_read100_round3.json   18.226737
./wdpc_bs1024KB_read100_round3.json  18.171452
./wdpc_bs128KB_read95_round1.json    18.048577
./wdpc_bs128KB_read5_round1.json     17.863747
./wdpc_bs1024KB_read100_round4.json  17.551540000000003
./wdpc_bs1024KB_read95_round5.json   17.4374
./wdpc_bs128KB_read95_round4.json    17.204086
./wdpc_bs1024KB_read100_round2.json  16.838670999999998
./wdpc_bs1024KB_read100_round5.json  16.670967
./wdpc_bs128KB_read95_round3.json    16.576818
./wdpc_bs1024KB_read95_round1.json   16.570121
./wdpc_bs1024KB_read50_round2.json   16.518577999999998
./wdpc_bs128KB_read100_round5.json   16.174645
./wdpc_bs1024KB_read65_round6.json   15.396716999999999
./wdpc_bs1024KB_read65_round3.json   15.310997
./wdpc_bs1024KB_read65_round4.json   15.300578
./wdpc_bs1024KB_read95_round2.json   15.270345
./wdpc_bs1024KB_read65_round5.json   14.87866
./wdpc_bs1024KB_read50_round4.json   14.736176
./wdpc_bs1024KB_read35_round4.json   14.660844
./wdpc_bs1024KB_read65_round2.json   14.482661
./wdpc_bs1024KB_read50_round3.json   14.447126
./wdpc_bs1024KB_read35_round5.json   14.419622
./wdpc_bs1024KB_read0_round2.json    14.334558999999999
./wdpc_bs64KB_read100_round1.json    14.311784
./wdpc_bs1024KB_read35_round3.json   14.186945999999999
./wdpc_bs1024KB_read50_round5.json   14.179105
./wdpc_bs1024KB_read0_round1.json    14.116267
./wdpc_bs1024KB_read5_round5.json    14.004076
./wdpc_bs1024KB_read0_round3.json    13.859245
./wdpc_bs1024KB_read0_round5.json    13.83369
./wdpc_bs1024KB_read35_round2.json   13.599921
./wdpc_bs1024KB_read50_round1.json   13.347036
./wdpc_bs1024KB_read5_round4.json    13.33594
./wdpc_bs1024KB_read35_round6.json   12.945540999999999
./wdpc_bs1024KB_read5_round3.json    12.257292
./wdpc_bs1024KB_read5_round2.json    12.022326000000001
./wdpc_bs1024KB_read5_round6.json    11.890917
./wdpc_bs1024KB_read5_round1.json    11.723114
./wdpc_bs1024KB_read0_round4.json    11.695181999999999
./wdpc_bs1024KB_read35_round1.json   11.648588
./wdpc_bs1024KB_read65_round1.json   11.117287
