./wdpc_bs512B_read0_round5.json    36.718333
./wdpc_bs512B_read0_round3.json    36.695
./wdpc_bs512B_read0_round1.json    36.666667000000004
./wdpc_bs512B_read0_round4.json    36.646667
./wdpc_bs512B_read0_round2.json    36.515
./wdpc_bs8KB_read0_round4.json     27.698333
./wdpc_bs8KB_read0_round2.json     27.650000000000002
./wdpc_bs8KB_read0_round5.json     27.621667000000002
./wdpc_bs8KB_read0_round3.json     27.616667
./wdpc_bs4KB_read0_round3.json     27.305
./wdpc_bs4KB_read0_round4.json     27.253333
./wdpc_bs8KB_read0_round1.json     27.236666
./wdpc_bs4KB_read0_round2.json     27.173333
./wdpc_bs4KB_read0_round5.json     27.061667
./wdpc_bs4KB_read0_round1.json     27.041666
./wdpc_bs4KB_read100_round5.json   26.608333
./wdpc_bs4KB_read100_round2.json   26.556667
./wdpc_bs4KB_read100_round3.json   26.513334
./wdpc_bs4KB_read100_round1.json   26.39
./wdpc_bs4KB_read100_round4.json   26.334999999999997
./wdpc_bs8KB_read100_round2.json   25.366667
./wdpc_bs8KB_read100_round5.json   25.341666
./wdpc_bs8KB_read100_round1.json   25.321666999999998
./wdpc_bs8KB_read100_round3.json   25.301665999999997
./wdpc_bs8KB_read100_round4.json   25.173333
./wdpc_bs512B_read65_round1.json   24.731666
./wdpc_bs512B_read65_round4.json   24.598334
./wdpc_bs512B_read65_round5.json   24.331666
./wdpc_bs512B_read65_round3.json   24.158333
./wdpc_bs512B_read65_round2.json   24.098333
./wdpc_bs4KB_read65_round3.json    23.588333
./wdpc_bs4KB_read65_round1.json    23.569607
./wdpc_bs4KB_read65_round2.json    23.54
./wdpc_bs4KB_read65_round5.json    23.498334
./wdpc_bs4KB_read65_round4.json    23.163333
./wdpc_bs8KB_read65_round5.json    22.183333
./wdpc_bs8KB_read65_round4.json    22.151667
./wdpc_bs8KB_read65_round3.json    21.993334
./wdpc_bs8KB_read65_round2.json    21.990000000000002
./wdpc_bs512B_read100_round4.json  21.723333
./wdpc_bs512B_read100_round2.json  21.693334
./wdpc_bs512B_read100_round3.json  21.68
./wdpc_bs512B_read100_round1.json  21.473333
./wdpc_bs512B_read100_round5.json  21.41
./wdpc_bs8KB_read65_round1.json    21.255
