./wdpc_bs4KB_read100_round3.json     49.723338
./wdpc_bs4KB_read100_round2.json     49.721666
./wdpc_bs4KB_read100_round5.json     49.719586
./wdpc_bs4KB_read100_round4.json     49.717919
./wdpc_bs512B_read100_round3.json    49.660000000000004
./wdpc_bs512B_read100_round4.json    49.656667
./wdpc_bs512B_read100_round2.json    49.644166000000006
./wdpc_bs8KB_read100_round3.json     49.643753000000004
./wdpc_bs512B_read100_round5.json    49.634167000000005
./wdpc_bs512B_read100_round1.json    49.634167
./wdpc_bs8KB_read100_round2.json     49.63333300000001
./wdpc_bs8KB_read100_round4.json     49.619167
./wdpc_bs8KB_read100_round1.json     49.61666700000001
./wdpc_bs4KB_read100_round1.json     49.535833000000004
./wdpc_bs8KB_read100_round5.json     49.4325
./wdpc_bs4KB_read95_round4.json      48.03
./wdpc_bs4KB_read95_round2.json      47.947500000000005
./wdpc_bs4KB_read95_round3.json      47.526708
./wdpc_bs4KB_read95_round1.json      47.375
./wdpc_bs512B_read95_round1.json     47.349167
./wdpc_bs512B_read95_round4.json     47.323333
./wdpc_bs512B_read95_round3.json     47.19794
./wdpc_bs512B_read95_round2.json     47.140833
./wdpc_bs512B_read95_round5.json     47.1025
./wdpc_bs4KB_read95_round5.json      47.010834
./wdpc_bs8KB_read95_round4.json      45.330911
./wdpc_bs8KB_read95_round5.json      45.25666700000001
./wdpc_bs8KB_read95_round2.json      45.213333000000006
./wdpc_bs8KB_read95_round3.json      45.19879
./wdpc_bs8KB_read95_round1.json      44.39
./wdpc_bs4KB_read65_round4.json      43.062256999999995
./wdpc_bs4KB_read65_round5.json      42.843809
./wdpc_bs4KB_read65_round3.json      42.798334
./wdpc_bs512B_read65_round3.json     42.61
./wdpc_bs4KB_read50_round4.json      42.552146
./wdpc_bs4KB_read50_round3.json      42.497979
./wdpc_bs512B_read50_round3.json     42.289648
./wdpc_bs512B_read50_round4.json     42.271091
./wdpc_bs512B_read50_round2.json     42.10061399999999
./wdpc_bs512B_read65_round4.json     41.910833
./wdpc_bs4KB_read65_round2.json      41.700833
./wdpc_bs512B_read65_round5.json     41.546667
./wdpc_bs4KB_read50_round5.json      41.490142
./wdpc_bs512B_read65_round2.json     41.465
./wdpc_bs512B_read50_round5.json     41.282156
./wdpc_bs4KB_read35_round4.json      40.96965900000001
./wdpc_bs512B_read35_round5.json     40.930151
./wdpc_bs512B_read35_round4.json     40.450159
./wdpc_bs4KB_read35_round6.json      40.44766
./wdpc_bs4KB_read50_round1.json      40.417163
./wdpc_bs4KB_read35_round3.json      39.885833
./wdpc_bs4KB_read35_round5.json      39.875
./wdpc_bs4KB_read50_round2.json      39.649842
./wdpc_bs512B_read50_round1.json     39.349522
./wdpc_bs4KB_read35_round2.json      39.224346
./wdpc_bs512B_read35_round6.json     39.165833
./wdpc_bs512B_read35_round3.json     38.165197
./wdpc_bs512B_read65_round1.json     38.000716
./wdpc_bs4KB_read65_round1.json      37.913017
./wdpc_bs512B_read35_round2.json     37.526354
./wdpc_bs4KB_read35_round1.json      33.354165
./wdpc_bs4KB_read5_round4.json       33.084449
./wdpc_bs4KB_read5_round5.json       32.997784
./wdpc_bs512B_read5_round5.json      32.2325
./wdpc_bs4KB_read5_round3.json       32.127233000000004
./wdpc_bs512B_read5_round4.json      31.979734
./wdpc_bs8KB_read65_round3.json      31.87087
./wdpc_bs4KB_read5_round6.json       31.833067999999997
./wdpc_bs8KB_read50_round4.json      31.803637
./wdpc_bs512B_read5_round6.json      31.708333
./wdpc_bs512B_read5_round3.json      31.696972000000002
./wdpc_bs8KB_read65_round6.json      31.613903
./wdpc_bs8KB_read65_round4.json      31.371715000000002
./wdpc_bs4KB_read0_round5.json       31.370833
./wdpc_bs4KB_read0_round1.json       31.26974
./wdpc_bs4KB_read0_round4.json       31.24974
./wdpc_bs8KB_read65_round5.json      31.195574
./wdpc_bs4KB_read0_round2.json       31.120573999999998
./wdpc_bs8KB_read50_round5.json      31.11063
./wdpc_bs8KB_read50_round3.json      31.009741
./wdpc_bs8KB_read50_round2.json      30.955377000000002
./wdpc_bs512B_read35_round1.json     30.880833
./wdpc_bs512B_read0_round2.json      30.556667
./wdpc_bs512B_read0_round3.json      30.4375
./wdpc_bs8KB_read65_round2.json      30.308888
./wdpc_bs512B_read0_round5.json      30.300834
./wdpc_bs512B_read0_round4.json      30.255833
./wdpc_bs8KB_read35_round5.json      30.228914
./wdpc_bs8KB_read35_round4.json      30.214323
./wdpc_bs4KB_read5_round2.json       30.147327999999998
./wdpc_bs512B_read5_round2.json      30.086719
./wdpc_bs4KB_read0_round3.json       30.058916
./wdpc_bs8KB_read35_round6.json      29.758086
./wdpc_bs8KB_read35_round3.json      29.447597000000002
./wdpc_bs8KB_read50_round1.json      28.908091999999996
./wdpc_bs512B_read0_round1.json      28.475832999999998
./wdpc_bs8KB_read35_round2.json      27.545205
./wdpc_bs8KB_read65_round1.json      26.132064
./wdpc_bs8KB_read5_round6.json       26.014566000000002
./wdpc_bs16KB_read100_round1.json    25.91395
./wdpc_bs16KB_read100_round2.json    25.822285
./wdpc_bs16KB_read100_round4.json    25.683953000000002
./wdpc_bs16KB_read100_round5.json    25.57562
./wdpc_bs16KB_read100_round3.json    25.478121
./wdpc_bs8KB_read5_round4.json       25.465025999999998
./wdpc_bs8KB_read5_round5.json       25.365622000000002
./wdpc_bs8KB_read5_round3.json       24.895
./wdpc_bs16KB_read95_round5.json     24.699794
./wdpc_bs4KB_read5_round1.json       24.294999999999998
./wdpc_bs16KB_read95_round3.json     24.197298
./wdpc_bs8KB_read0_round1.json       24.153966
./wdpc_bs8KB_read0_round3.json       24.085632
./wdpc_bs8KB_read0_round4.json       24.085493
./wdpc_bs16KB_read95_round4.json     23.894801
./wdpc_bs8KB_read0_round5.json       23.857301
./wdpc_bs16KB_read95_round1.json     23.849801
./wdpc_bs8KB_read5_round2.json       23.726906
./wdpc_bs16KB_read95_round2.json     23.677302
./wdpc_bs8KB_read0_round2.json       23.428776000000003
./wdpc_bs512B_read5_round1.json      23.1325
./wdpc_bs8KB_read35_round1.json      21.881301999999998
./wdpc_bs16KB_read65_round4.json     19.375187
./wdpc_bs16KB_read65_round3.json     19.342366000000002
./wdpc_bs16KB_read50_round4.json     18.961868
./wdpc_bs16KB_read50_round3.json     18.923536
./wdpc_bs16KB_read65_round5.json     18.846038
./wdpc_bs16KB_read65_round6.json     18.824686
./wdpc_bs16KB_read50_round5.json     18.740208
./wdpc_bs16KB_read35_round5.json     18.572036
./wdpc_bs16KB_read35_round6.json     18.540523999999998
./wdpc_bs16KB_read35_round3.json     18.292348
./wdpc_bs16KB_read50_round2.json     18.286433000000002
./wdpc_bs16KB_read5_round5.json      18.042199
./wdpc_bs16KB_read65_round2.json     18.024331
./wdpc_bs16KB_read35_round4.json     17.988567
./wdpc_bs8KB_read5_round1.json       17.784019
./wdpc_bs16KB_read5_round4.json      17.608186
./wdpc_bs16KB_read5_round6.json      17.412898
./wdpc_bs16KB_read0_round5.json      17.292757
./wdpc_bs16KB_read0_round3.json      17.224426
./wdpc_bs16KB_read35_round2.json     17.032889
./wdpc_bs16KB_read5_round3.json      16.940961
./wdpc_bs16KB_read0_round4.json      16.921525
./wdpc_bs16KB_read50_round1.json     16.65
./wdpc_bs16KB_read0_round1.json      16.61139
./wdpc_bs16KB_read0_round2.json      16.415697
./wdpc_bs16KB_read5_round2.json      15.715702
./wdpc_bs32KB_read100_round5.json    15.571277
./wdpc_bs32KB_read100_round3.json    15.534612
./wdpc_bs32KB_read100_round1.json    15.497945999999999
./wdpc_bs32KB_read100_round4.json    15.246286
./wdpc_bs32KB_read100_round2.json    15.047124
./wdpc_bs32KB_read95_round3.json     14.805463
./wdpc_bs16KB_read65_round1.json     14.781172999999999
./wdpc_bs32KB_read95_round4.json     14.577969
./wdpc_bs32KB_read95_round5.json     14.572136
./wdpc_bs32KB_read95_round2.json     14.413806000000001
./wdpc_bs32KB_read95_round1.json     13.857987
./wdpc_bs16KB_read35_round1.json     13.133729
./wdpc_bs32KB_read65_round4.json     11.721816
./wdpc_bs32KB_read65_round6.json     11.408786
./wdpc_bs32KB_read5_round6.json      11.377026
./wdpc_bs32KB_read5_round5.json      11.356364
./wdpc_bs32KB_read65_round5.json     11.328600999999999
./wdpc_bs16KB_read5_round1.json      11.269812
./wdpc_bs32KB_read5_round4.json      11.267383
./wdpc_bs32KB_read65_round3.json     11.095187000000001
./wdpc_bs32KB_read0_round4.json      11.035195
./wdpc_bs32KB_read50_round4.json     10.917045
./wdpc_bs32KB_read50_round3.json     10.908531
./wdpc_bs32KB_read5_round3.json      10.908180999999999
./wdpc_bs32KB_read50_round5.json     10.88594
./wdpc_bs32KB_read35_round6.json     10.81214
./wdpc_bs32KB_read0_round3.json      10.80088
./wdpc_bs32KB_read50_round6.json     10.79446
./wdpc_bs32KB_read50_round2.json     10.772077
./wdpc_bs32KB_read65_round2.json     10.710863
./wdpc_bs32KB_read35_round5.json     10.710208999999999
./wdpc_bs32KB_read35_round3.json     10.675478
./wdpc_bs32KB_read35_round4.json     10.628405
./wdpc_bs32KB_read0_round5.json      10.551051000000001
./wdpc_bs32KB_read0_round1.json      10.438558
./wdpc_bs32KB_read0_round2.json      10.278566999999999
./wdpc_bs32KB_read5_round2.json      10.215067000000001
./wdpc_bs32KB_read35_round2.json     9.971503
./wdpc_bs64KB_read100_round2.json    9.892674
./wdpc_bs64KB_read100_round5.json    9.769348
./wdpc_bs64KB_read100_round3.json    9.619359
./wdpc_bs32KB_read50_round1.json     9.582455
./wdpc_bs64KB_read100_round4.json    9.494684
./wdpc_bs64KB_read95_round3.json     9.327634
./wdpc_bs64KB_read100_round1.json    9.292714
./wdpc_bs64KB_read95_round4.json     9.217796
./wdpc_bs64KB_read95_round5.json     9.194386999999999
./wdpc_bs64KB_read95_round2.json     8.993567
./wdpc_bs64KB_read95_round1.json     8.969402
./wdpc_bs32KB_read65_round1.json     8.956218999999999
./wdpc_bs32KB_read35_round1.json     8.349858
./wdpc_bs64KB_read5_round5.json      8.079056999999999
./wdpc_bs64KB_read5_round6.json      7.924076
./wdpc_bs64KB_read0_round4.json      7.89068
./wdpc_bs64KB_read65_round6.json     7.888509
./wdpc_bs64KB_read65_round5.json     7.861077
./wdpc_bs64KB_read0_round5.json      7.851453
./wdpc_bs64KB_read5_round4.json      7.797726
./wdpc_bs64KB_read65_round4.json     7.745123
./wdpc_bs64KB_read5_round3.json      7.738328
./wdpc_bs64KB_read0_round3.json      7.713074000000001
./wdpc_bs32KB_read5_round1.json      7.695575999999999
./wdpc_bs64KB_read0_round2.json      7.670002
./wdpc_bs64KB_read35_round5.json     7.6263559999999995
./wdpc_bs64KB_read65_round3.json     7.621484000000001
./wdpc_bs64KB_read50_round4.json     7.582915
./wdpc_bs64KB_read50_round6.json     7.569648000000001
./wdpc_bs64KB_read35_round6.json     7.547013000000001
./wdpc_bs64KB_read35_round3.json     7.434904
./wdpc_bs64KB_read50_round2.json     7.364264
./wdpc_bs64KB_read50_round3.json     7.362781
./wdpc_bs64KB_read50_round5.json     7.354019
./wdpc_bs64KB_read5_round2.json      7.255578
./wdpc_bs64KB_read0_round1.json      7.25535
./wdpc_bs64KB_read35_round4.json     7.235049999999999
./wdpc_bs64KB_read65_round2.json     7.2094000000000005
./wdpc_bs64KB_read35_round2.json     7.123276000000001
./wdpc_bs128KB_read100_round5.json   7.021505
./wdpc_bs128KB_read95_round1.json    6.9656210000000005
./wdpc_bs128KB_read95_round3.json    6.935799
./wdpc_bs128KB_read95_round4.json    6.9255119999999994
./wdpc_bs128KB_read95_round2.json    6.9107449999999995
./wdpc_bs128KB_read100_round2.json   6.8983039999999995
./wdpc_bs128KB_read95_round5.json    6.893017
./wdpc_bs128KB_read100_round4.json   6.884024999999999
./wdpc_bs128KB_read100_round1.json   6.8783069999999995
./wdpc_bs128KB_read100_round3.json   6.795647
./wdpc_bs128KB_read5_round5.json     6.598241
./wdpc_bs128KB_read5_round6.json     6.5776319999999995
./wdpc_bs128KB_read0_round5.json     6.522482
./wdpc_bs128KB_read50_round5.json    6.488864
./wdpc_bs128KB_read0_round2.json     6.486982
./wdpc_bs128KB_read0_round3.json     6.486594
./wdpc_bs128KB_read35_round3.json    6.467442
./wdpc_bs128KB_read35_round5.json    6.464379
./wdpc_bs128KB_read5_round3.json     6.453279
./wdpc_bs128KB_read50_round2.json    6.446319000000001
./wdpc_bs128KB_read5_round4.json     6.444490999999999
./wdpc_bs128KB_read65_round5.json    6.444195
./wdpc_bs128KB_read65_round1.json    6.405706
./wdpc_bs128KB_read0_round4.json     6.391008
./wdpc_bs128KB_read65_round2.json    6.382996
./wdpc_bs128KB_read50_round3.json    6.375445000000001
./wdpc_bs128KB_read50_round4.json    6.3711199999999995
./wdpc_bs128KB_read65_round3.json    6.350767
./wdpc_bs64KB_read50_round1.json     6.349471
./wdpc_bs128KB_read65_round4.json    6.330769999999999
./wdpc_bs128KB_read50_round1.json    6.295722
./wdpc_bs128KB_read35_round4.json    6.257706000000001
./wdpc_bs128KB_read35_round2.json    6.251666
./wdpc_bs128KB_read5_round2.json     6.16362
./wdpc_bs128KB_read0_round1.json     6.026145
./wdpc_bs64KB_read35_round1.json     6.0092490000000005
./wdpc_bs64KB_read65_round1.json     5.90029
./wdpc_bs128KB_read35_round1.json    5.870051999999999
./wdpc_bs64KB_read5_round1.json      5.585685
./wdpc_bs128KB_read5_round1.json     5.24878
./wdpc_bs1024KB_read0_round2.json    5.103187
./wdpc_bs1024KB_read0_round3.json    5.0148470000000005
./wdpc_bs1024KB_read0_round1.json    5.009275
./wdpc_bs1024KB_read0_round4.json    4.999335
./wdpc_bs1024KB_read0_round5.json    4.96573
./wdpc_bs1024KB_read5_round2.json    4.9325
./wdpc_bs1024KB_read35_round3.json   4.923051
./wdpc_bs1024KB_read5_round4.json    4.908282
./wdpc_bs1024KB_read5_round5.json    4.902539
./wdpc_bs1024KB_read5_round3.json    4.879834
./wdpc_bs1024KB_read35_round4.json   4.846358
./wdpc_bs1024KB_read5_round1.json    4.83337
./wdpc_bs1024KB_read35_round2.json   4.831263
./wdpc_bs1024KB_read35_round5.json   4.792133
./wdpc_bs1024KB_read35_round1.json   4.786309
./wdpc_bs1024KB_read50_round5.json   4.752039
./wdpc_bs1024KB_read50_round1.json   4.749466
./wdpc_bs1024KB_read50_round3.json   4.742531
./wdpc_bs1024KB_read50_round2.json   4.722562
./wdpc_bs1024KB_read65_round3.json   4.672026
./wdpc_bs1024KB_read65_round4.json   4.649208
./wdpc_bs1024KB_read65_round2.json   4.639244
./wdpc_bs1024KB_read50_round4.json   4.634538
./wdpc_bs1024KB_read65_round1.json   4.596591999999999
./wdpc_bs1024KB_read65_round5.json   4.572879
./wdpc_bs1024KB_read95_round1.json   4.440283
./wdpc_bs1024KB_read95_round4.json   4.416073
./wdpc_bs1024KB_read95_round2.json   4.407101
./wdpc_bs1024KB_read100_round3.json  4.371239
./wdpc_bs1024KB_read100_round1.json  4.347319000000001
./wdpc_bs1024KB_read100_round2.json  4.33469
./wdpc_bs1024KB_read95_round3.json   4.329552
./wdpc_bs1024KB_read95_round5.json   4.315295
./wdpc_bs1024KB_read100_round4.json  4.305631
./wdpc_bs1024KB_read100_round5.json  4.2539560000000005
