./wdpc_bs512B_read35_round7.json     23.639409
./wdpc_bs4KB_read100_round5.json     23.066667
./wdpc_bs4KB_read100_round4.json     22.906666
./wdpc_bs4KB_read50_round4.json      22.876666
./wdpc_bs512B_read35_round3.json     22.792953
./wdpc_bs4KB_read100_round3.json     22.766666999999998
./wdpc_bs4KB_read50_round5.json      22.45034
./wdpc_bs4KB_read35_round2.json      22.189999999999998
./wdpc_bs8KB_read95_round3.json      21.763333
./wdpc_bs8KB_read95_round1.json      21.683332999999998
./wdpc_bs8KB_read100_round1.json     21.623334
./wdpc_bs4KB_read65_round3.json      21.479643
./wdpc_bs4KB_read65_round2.json      21.466667
./wdpc_bs4KB_read95_round1.json      21.463333
./wdpc_bs4KB_read50_round1.json      21.380000000000003
./wdpc_bs4KB_read65_round1.json      21.323332999999998
./wdpc_bs512B_read35_round9.json     21.185959999999998
./wdpc_bs8KB_read100_round4.json     21.009999999999998
./wdpc_bs4KB_read5_round4.json       19.852505999999998
./wdpc_bs512B_read100_round2.json    19.643334
./wdpc_bs8KB_read95_round2.json      19.62
./wdpc_bs8KB_read95_round5.json      19.43
./wdpc_bs512B_read95_round3.json     19.423334
./wdpc_bs8KB_read100_round5.json     19.266666999999998
./wdpc_bs8KB_read100_round3.json     19.033174
./wdpc_bs512B_read100_round1.json    18.916666
./wdpc_bs512B_read100_round5.json    18.873334
./wdpc_bs512B_read100_round4.json    18.853333
./wdpc_bs512B_read95_round4.json     18.663333
./wdpc_bs512B_read100_round3.json    18.58
./wdpc_bs4KB_read5_round5.json       18.413027
./wdpc_bs4KB_read5_round6.json       18.346667
./wdpc_bs8KB_read50_round3.json      18.329694
./wdpc_bs512B_read95_round5.json     18.310000000000002
./wdpc_bs8KB_read65_round2.json      18.009249
./wdpc_bs512B_read95_round1.json     17.959401
./wdpc_bs8KB_read95_round4.json      17.793333
./wdpc_bs8KB_read100_round2.json     17.726666
./wdpc_bs512B_read95_round2.json     17.63
./wdpc_bs512B_read0_round4.json      17.386232
./wdpc_bs512B_read65_round4.json     17.21
./wdpc_bs512B_read50_round5.json     17.209283
./wdpc_bs8KB_read50_round4.json      17.18638
./wdpc_bs512B_read50_round2.json     16.993333
./wdpc_bs512B_read65_round3.json     16.959859
./wdpc_bs4KB_read95_round2.json      16.906667
./wdpc_bs8KB_read65_round3.json      16.9
./wdpc_bs8KB_read50_round5.json      16.832772
./wdpc_bs512B_read65_round5.json     16.79
./wdpc_bs8KB_read65_round4.json      16.783334
./wdpc_bs4KB_read100_round2.json     16.776667
./wdpc_bs512B_read50_round3.json     16.776666
./wdpc_bs4KB_read35_round1.json      16.702777
./wdpc_bs512B_read65_round2.json     16.676111
./wdpc_bs512B_read50_round4.json     16.663333
./wdpc_bs16KB_read100_round2.json    16.633057
./wdpc_bs8KB_read35_round6.json      16.589724
./wdpc_bs8KB_read65_round5.json      16.506666000000003
./wdpc_bs4KB_read100_round1.json     16.43
./wdpc_bs512B_read50_round1.json     16.363061000000002
./wdpc_bs512B_read35_round8.json     16.25
./wdpc_bs4KB_read95_round5.json      16.206667
./wdpc_bs16KB_read100_round3.json    16.193064
./wdpc_bs16KB_read95_round5.json     16.143064000000003
./wdpc_bs8KB_read65_round6.json      16.096398999999998
./wdpc_bs8KB_read35_round3.json      16.086399
./wdpc_bs4KB_read35_round5.json      15.986533000000001
./wdpc_bs4KB_read50_round3.json      15.976666999999999
./wdpc_bs8KB_read50_round7.json      15.949734
./wdpc_bs512B_read35_round10.json    15.886666
./wdpc_bs8KB_read50_round6.json      15.826666
./wdpc_bs8KB_read35_round5.json      15.799737
./wdpc_bs512B_read35_round4.json     15.753071
./wdpc_bs4KB_read95_round4.json      15.733333000000002
./wdpc_bs512B_read35_round11.json    15.723071
./wdpc_bs512B_read35_round5.json     15.716667
./wdpc_bs4KB_read65_round4.json      15.68
./wdpc_bs4KB_read35_round6.json      15.636146
./wdpc_bs4KB_read65_round5.json      15.582813999999999
./wdpc_bs4KB_read95_round3.json      15.420000000000002
./wdpc_bs512B_read65_round1.json     15.329361
./wdpc_bs16KB_read95_round1.json     15.299745000000001
./wdpc_bs4KB_read35_round4.json      15.266667
./wdpc_bs4KB_read50_round2.json      15.169747
./wdpc_bs4KB_read35_round3.json      15.096667
./wdpc_bs8KB_read50_round1.json      15.085787
./wdpc_bs512B_read35_round2.json     15.006666
./wdpc_bs8KB_read5_round5.json       14.772594999999999
./wdpc_bs8KB_read35_round4.json      14.64
./wdpc_bs8KB_read65_round1.json      14.586424
./wdpc_bs16KB_read100_round5.json    14.499759000000001
./wdpc_bs8KB_read5_round6.json       14.199764
./wdpc_bs8KB_read5_round3.json       14.183097
./wdpc_bs8KB_read0_round2.json       14.123332999999999
./wdpc_bs8KB_read5_round4.json       14.069766000000001
./wdpc_bs8KB_read0_round5.json       14.023216999999999
./wdpc_bs8KB_read35_round2.json      13.819769999999998
./wdpc_bs512B_read5_round3.json      13.699658
./wdpc_bs16KB_read95_round2.json     13.669772
./wdpc_bs4KB_read5_round3.json       13.613334
./wdpc_bs4KB_read0_round3.json       13.586667
./wdpc_bs16KB_read95_round3.json     13.486442
./wdpc_bs16KB_read95_round4.json     13.419777
./wdpc_bs4KB_read0_round5.json       13.386667000000001
./wdpc_bs4KB_read0_round2.json       13.283332999999999
./wdpc_bs4KB_read0_round4.json       13.223333
./wdpc_bs512B_read0_round1.json      13.196447
./wdpc_bs512B_read0_round2.json      13.186667
./wdpc_bs4KB_read0_round1.json       13.13
./wdpc_bs512B_read5_round6.json      13.10623
./wdpc_bs512B_read5_round5.json      13.083333000000001
./wdpc_bs4KB_read5_round2.json       13.083115
./wdpc_bs16KB_read100_round1.json    13.066449
./wdpc_bs8KB_read0_round3.json       13.003225
./wdpc_bs512B_read35_round6.json     12.889786
./wdpc_bs8KB_read5_round2.json       12.869357
./wdpc_bs512B_read5_round2.json      12.860000000000001
./wdpc_bs512B_read35_round1.json     12.79968
./wdpc_bs8KB_read0_round4.json       12.796560000000001
./wdpc_bs8KB_read0_round1.json       12.746559999999999
./wdpc_bs512B_read0_round3.json      12.683333
./wdpc_bs512B_read0_round5.json      12.453334
./wdpc_bs16KB_read100_round4.json    12.383127
./wdpc_bs512B_read5_round4.json      12.296565
./wdpc_bs16KB_read65_round1.json     12.229593
./wdpc_bs16KB_read65_round3.json     12.159392
./wdpc_bs16KB_read50_round3.json     11.983134
./wdpc_bs16KB_read65_round5.json     11.923134
./wdpc_bs16KB_read50_round1.json     11.646085
./wdpc_bs8KB_read35_round1.json      11.643139999999999
./wdpc_bs8KB_read50_round2.json      11.606473
./wdpc_bs4KB_read5_round1.json       11.576666
./wdpc_bs16KB_read35_round6.json     11.503142
./wdpc_bs16KB_read65_round2.json     11.366098000000001
./wdpc_bs16KB_read65_round4.json     10.856485
./wdpc_bs16KB_read50_round2.json     10.606137
./wdpc_bs16KB_read50_round4.json     10.556579
./wdpc_bs8KB_read5_round1.json       10.549911999999999
./wdpc_bs16KB_read35_round3.json     10.516141000000001
./wdpc_bs16KB_read35_round4.json     10.466492
./wdpc_bs512B_read5_round1.json      10.423247
./wdpc_bs16KB_read35_round2.json     10.206157
./wdpc_bs16KB_read50_round5.json     10.186158
./wdpc_bs32KB_read100_round4.json    9.636265
./wdpc_bs16KB_read0_round3.json      9.346043
./wdpc_bs16KB_read5_round4.json      9.285274
./wdpc_bs16KB_read5_round6.json      9.192720000000001
./wdpc_bs16KB_read35_round5.json     9.066364
./wdpc_bs16KB_read0_round5.json      8.859705
./wdpc_bs32KB_read100_round3.json    8.753041
./wdpc_bs16KB_read5_round3.json      8.673044
./wdpc_bs32KB_read95_round1.json     8.636235
./wdpc_bs16KB_read5_round5.json      8.486525
./wdpc_bs32KB_read95_round5.json     8.466384
./wdpc_bs16KB_read35_round1.json     8.448873
./wdpc_bs16KB_read5_round2.json      8.409438999999999
./wdpc_bs32KB_read100_round2.json    8.339722
./wdpc_bs32KB_read95_round2.json     8.266391
./wdpc_bs16KB_read0_round4.json      8.156123
./wdpc_bs32KB_read100_round1.json    8.143062
./wdpc_bs32KB_read100_round5.json    7.939735000000001
./wdpc_bs16KB_read0_round2.json      7.693205000000001
./wdpc_bs64KB_read100_round1.json    7.582702
./wdpc_bs32KB_read95_round4.json     7.579747
./wdpc_bs64KB_read95_round2.json     7.539371000000001
./wdpc_bs32KB_read95_round3.json     7.536415
./wdpc_bs32KB_read65_round4.json     7.316057000000001
./wdpc_bs64KB_read100_round3.json    7.129465
./wdpc_bs64KB_read100_round2.json    7.112799
./wdpc_bs16KB_read0_round1.json      7.029766
./wdpc_bs64KB_read100_round4.json    6.999416
./wdpc_bs32KB_read65_round2.json     6.992984
./wdpc_bs64KB_read95_round1.json     6.982810000000001
./wdpc_bs64KB_read95_round5.json     6.976144000000001
./wdpc_bs64KB_read65_round1.json     6.9726360000000005
./wdpc_bs64KB_read65_round5.json     6.929307
./wdpc_bs32KB_read65_round5.json     6.9197690000000005
./wdpc_bs32KB_read65_round3.json     6.909539
./wdpc_bs32KB_read50_round2.json     6.79644
./wdpc_bs32KB_read65_round1.json     6.639668
./wdpc_bs32KB_read35_round2.json     6.54634
./wdpc_bs64KB_read50_round4.json     6.545794
./wdpc_bs64KB_read50_round3.json     6.382376000000001
./wdpc_bs32KB_read5_round5.json      6.369735
./wdpc_bs16KB_read5_round1.json      6.359788
./wdpc_bs32KB_read50_round4.json     6.353015000000001
./wdpc_bs32KB_read50_round3.json     6.2631239999999995
./wdpc_bs32KB_read50_round1.json     6.202816
./wdpc_bs32KB_read35_round4.json     6.179536000000001
./wdpc_bs32KB_read0_round1.json      6.169485
./wdpc_bs64KB_read65_round4.json     6.145847
./wdpc_bs32KB_read50_round5.json     6.122823
./wdpc_bs32KB_read5_round4.json      6.036163999999999
./wdpc_bs64KB_read100_round5.json    6.012882
./wdpc_bs32KB_read35_round1.json     5.996267
./wdpc_bs64KB_read50_round1.json     5.992534
./wdpc_bs32KB_read35_round3.json     5.976368
./wdpc_bs32KB_read0_round2.json      5.942937000000001
./wdpc_bs64KB_read65_round2.json     5.906175
./wdpc_bs128KB_read100_round1.json   5.895733
./wdpc_bs32KB_read35_round5.json     5.876128
./wdpc_bs128KB_read100_round3.json   5.815697999999999
./wdpc_bs64KB_read0_round3.json      5.792465
./wdpc_bs64KB_read65_round3.json     5.71619
./wdpc_bs128KB_read100_round4.json   5.672388
./wdpc_bs128KB_read95_round4.json    5.609065
./wdpc_bs64KB_read95_round3.json     5.606012
./wdpc_bs64KB_read50_round2.json     5.589208
./wdpc_bs128KB_read100_round5.json   5.589068
./wdpc_bs32KB_read0_round4.json      5.579535
./wdpc_bs128KB_read95_round5.json    5.439003
./wdpc_bs32KB_read5_round2.json      5.419638
./wdpc_bs32KB_read5_round3.json      5.346444
./wdpc_bs64KB_read0_round1.json      5.335777
./wdpc_bs64KB_read95_round4.json     5.316135
./wdpc_bs32KB_read5_round1.json      5.2447870000000005
./wdpc_bs128KB_read95_round2.json    5.069198
./wdpc_bs64KB_read35_round1.json     5.066033
./wdpc_bs128KB_read100_round2.json   5.052492
./wdpc_bs128KB_read50_round2.json    5.012122
./wdpc_bs32KB_read0_round5.json      4.996375
./wdpc_bs64KB_read5_round4.json      4.912719
./wdpc_bs32KB_read0_round3.json      4.882925999999999
./wdpc_bs128KB_read95_round3.json    4.675888
./wdpc_bs128KB_read95_round1.json    4.669222
./wdpc_bs64KB_read35_round2.json     4.499475
./wdpc_bs128KB_read65_round5.json    4.495767
./wdpc_bs128KB_read0_round5.json     4.488654
./wdpc_bs64KB_read35_round4.json     4.452666
./wdpc_bs128KB_read0_round4.json     4.452072
./wdpc_bs64KB_read5_round5.json      4.42604
./wdpc_bs128KB_read65_round1.json    4.408825
./wdpc_bs64KB_read35_round5.json     4.402635999999999
./wdpc_bs128KB_read65_round2.json    4.3821650000000005
./wdpc_bs64KB_read5_round1.json      4.352789
./wdpc_bs64KB_read5_round3.json      4.262694
./wdpc_bs64KB_read50_round5.json     4.2060010000000005
./wdpc_bs64KB_read35_round3.json     4.142781
./wdpc_bs128KB_read65_round3.json    4.1223030000000005
./wdpc_bs128KB_read35_round2.json    4.115672
./wdpc_bs128KB_read50_round3.json    4.115672
./wdpc_bs128KB_read65_round4.json    4.089046
./wdpc_bs64KB_read0_round5.json      4.079558
./wdpc_bs64KB_read5_round2.json      4.076123
./wdpc_bs128KB_read5_round4.json     4.008864
./wdpc_bs64KB_read0_round2.json      4.006099
./wdpc_bs128KB_read50_round1.json    3.89909
./wdpc_bs64KB_read0_round4.json      3.856089
./wdpc_bs128KB_read0_round1.json     3.832311
./wdpc_bs128KB_read35_round4.json    3.825774
./wdpc_bs128KB_read5_round3.json     3.7756279999999998
./wdpc_bs128KB_read5_round2.json     3.745699
./wdpc_bs128KB_read50_round5.json    3.5323029999999997
./wdpc_bs128KB_read0_round3.json     3.489157
./wdpc_bs128KB_read5_round1.json     3.47913
./wdpc_bs128KB_read35_round5.json    3.47574
./wdpc_bs128KB_read50_round4.json    3.465887
./wdpc_bs128KB_read5_round5.json     3.4324179999999997
./wdpc_bs128KB_read35_round3.json    3.425895
./wdpc_bs128KB_read35_round1.json    3.409091
./wdpc_bs128KB_read0_round2.json     2.9458320000000002
./wdpc_bs1024KB_read100_round3.json  1.697708
./wdpc_bs1024KB_read100_round1.json  1.687651
./wdpc_bs1024KB_read0_round1.json    1.676745
./wdpc_bs1024KB_read100_round4.json  1.637721
./wdpc_bs1024KB_read5_round1.json    1.60346
./wdpc_bs1024KB_read35_round5.json   1.600346
./wdpc_bs1024KB_read95_round2.json   1.597896
./wdpc_bs1024KB_read35_round4.json   1.597112
./wdpc_bs1024KB_read95_round4.json   1.584356
./wdpc_bs1024KB_read50_round3.json   1.5807120000000001
./wdpc_bs1024KB_read50_round1.json   1.570572
./wdpc_bs1024KB_read100_round5.json  1.554581
./wdpc_bs1024KB_read100_round2.json  1.531215
./wdpc_bs1024KB_read95_round3.json   1.521204
./wdpc_bs1024KB_read95_round5.json   1.4879419999999999
./wdpc_bs1024KB_read5_round3.json    1.467163
./wdpc_bs1024KB_read0_round3.json    1.457304
./wdpc_bs1024KB_read0_round5.json    1.457219
./wdpc_bs1024KB_read50_round2.json   1.450697
./wdpc_bs1024KB_read5_round2.json    1.450408
./wdpc_bs1024KB_read0_round2.json    1.4305919999999999
./wdpc_bs1024KB_read95_round1.json   1.4245649999999999
./wdpc_bs1024KB_read5_round4.json    1.4239609999999998
./wdpc_bs1024KB_read0_round4.json    1.42389
./wdpc_bs1024KB_read5_round5.json    1.423772
./wdpc_bs1024KB_read35_round1.json   1.410782
./wdpc_bs1024KB_read35_round2.json   1.407514
./wdpc_bs1024KB_read50_round4.json   1.390911
./wdpc_bs1024KB_read35_round3.json   1.390829
./wdpc_bs1024KB_read50_round5.json   1.384164
./wdpc_bs1024KB_read65_round1.json   1.381078
./wdpc_bs1024KB_read65_round3.json   1.38102
./wdpc_bs1024KB_read65_round5.json   1.364438
./wdpc_bs1024KB_read65_round4.json   1.354387
./wdpc_bs1024KB_read65_round2.json   1.3410980000000001
