./wdpc_bs512B_read0_round1.json    54.173333
./wdpc_bs512B_read0_round4.json    53.181667000000004
./wdpc_bs512B_read0_round2.json    53.103333
./wdpc_bs4KB_read100_round5.json   53.018334
./wdpc_bs512B_read0_round5.json    52.953333
./wdpc_bs8KB_read100_round5.json   52.791667
./wdpc_bs8KB_read100_round4.json   52.708332999999996
./wdpc_bs4KB_read100_round3.json   52.605
./wdpc_bs8KB_read100_round2.json   52.143334
./wdpc_bs4KB_read100_round1.json   52.129999999999995
./wdpc_bs512B_read0_round3.json    52.116666
./wdpc_bs8KB_read100_round3.json   52.106667
./wdpc_bs4KB_read100_round2.json   51.996667
./wdpc_bs4KB_read100_round4.json   51.835
./wdpc_bs8KB_read100_round1.json   51.675000000000004
./wdpc_bs4KB_read65_round5.json    51.275
./wdpc_bs4KB_read65_round4.json    51.261667
./wdpc_bs512B_read65_round3.json   51.106667
./wdpc_bs512B_read65_round2.json   51.101667
./wdpc_bs8KB_read0_round3.json     51.05
./wdpc_bs4KB_read65_round3.json    50.898333
./wdpc_bs4KB_read65_round2.json    50.868333
./wdpc_bs512B_read65_round4.json   50.843333
./wdpc_bs512B_read65_round5.json   50.368333
./wdpc_bs8KB_read0_round2.json     49.99
./wdpc_bs4KB_read0_round1.json     49.976667
./wdpc_bs4KB_read0_round4.json     49.928333
./wdpc_bs8KB_read0_round1.json     49.81
./wdpc_bs512B_read65_round1.json   49.803332999999995
./wdpc_bs4KB_read0_round5.json     49.616667
./wdpc_bs512B_read100_round5.json  49.599999999999994
./wdpc_bs4KB_read0_round2.json     49.596667
./wdpc_bs512B_read100_round4.json  49.591667
./wdpc_bs8KB_read0_round5.json     49.378333999999995
./wdpc_bs4KB_read0_round3.json     49.318334
./wdpc_bs512B_read100_round3.json  49.17999999999999
./wdpc_bs512B_read100_round2.json  49.019999999999996
./wdpc_bs8KB_read0_round4.json     48.865
./wdpc_bs4KB_read65_round1.json    48.855
./wdpc_bs512B_read100_round1.json  48.033333
./wdpc_bs8KB_read65_round5.json    47.721667000000004
./wdpc_bs8KB_read65_round2.json    47.641667
./wdpc_bs8KB_read65_round3.json    47.293333000000004
./wdpc_bs8KB_read65_round1.json    47.188333
./wdpc_bs8KB_read65_round4.json    47.168333
