./wdpc_bs4KB_read0_round3.json       38.206666
./wdpc_bs4KB_read0_round5.json       38.1
./wdpc_bs4KB_read0_round1.json       37.773333
./wdpc_bs4KB_read100_round3.json     37.5
./wdpc_bs4KB_read100_round4.json     37.42
./wdpc_bs4KB_read100_round2.json     37.273333
./wdpc_bs4KB_read0_round4.json       37.206666
./wdpc_bs4KB_read0_round2.json       37.12
./wdpc_bs4KB_read100_round5.json     37.006665999999996
./wdpc_bs4KB_read100_round1.json     36.573333000000005
./wdpc_bs8KB_read0_round4.json       30.293333
./wdpc_bs8KB_read0_round2.json       30.093333
./wdpc_bs8KB_read0_round5.json       29.979501
./wdpc_bs8KB_read0_round8.json       29.906667000000002
./wdpc_bs8KB_read0_round6.json       29.866666000000002
./wdpc_bs8KB_read100_round3.json     29.819502999999997
./wdpc_bs8KB_read0_round7.json       29.759504
./wdpc_bs8KB_read0_round1.json       29.673333
./wdpc_bs16KB_read100_round2.json    29.426175999999998
./wdpc_bs8KB_read100_round1.json     29.36
./wdpc_bs8KB_read100_round2.json     29.32
./wdpc_bs8KB_read100_round5.json     29.253333
./wdpc_bs8KB_read100_round4.json     29.132848000000003
./wdpc_bs16KB_read100_round3.json    24.486258999999997
./wdpc_bs16KB_read100_round4.json    24.333333
./wdpc_bs16KB_read100_round1.json    23.766666999999998
./wdpc_bs16KB_read100_round5.json    23.586273
./wdpc_bs8KB_read0_round3.json       23.392943
./wdpc_bs16KB_read0_round5.json      22.972951000000002
./wdpc_bs16KB_read0_round1.json      22.761355000000002
./wdpc_bs16KB_read0_round2.json      22.699621999999998
./wdpc_bs16KB_read0_round4.json      20.559658
./wdpc_bs16KB_read0_round3.json      20.452992000000002
./wdpc_bs32KB_read100_round1.json    19.673005
./wdpc_bs32KB_read100_round4.json    14.69951
./wdpc_bs32KB_read100_round3.json    14.49285
./wdpc_bs32KB_read100_round5.json    14.486184
./wdpc_bs32KB_read100_round2.json    14.412853
./wdpc_bs32KB_read0_round4.json      13.892638999999999
./wdpc_bs32KB_read0_round1.json      13.892638
./wdpc_bs32KB_read0_round5.json      13.785978
./wdpc_bs32KB_read0_round2.json      13.692649
./wdpc_bs128KB_read100_round5.json   12.377937
./wdpc_bs128KB_read100_round1.json   11.631394
./wdpc_bs128KB_read100_round3.json   11.438093
./wdpc_bs32KB_read0_round3.json      10.579295
./wdpc_bs128KB_read0_round3.json     10.451417
./wdpc_bs128KB_read100_round4.json   9.171805
./wdpc_bs128KB_read100_round2.json   6.8988510000000005
./wdpc_bs128KB_read0_round1.json     6.585240000000001
./wdpc_bs128KB_read0_round5.json     6.278744
./wdpc_bs128KB_read0_round2.json     6.005365
./wdpc_bs128KB_read0_round4.json     5.152044999999999
./wdpc_bs1024KB_read0_round4.json    3.5728540000000004
./wdpc_bs1024KB_read100_round4.json  3.348645
./wdpc_bs1024KB_read0_round3.json    3.127807
./wdpc_bs1024KB_read0_round5.json    3.087005
./wdpc_bs1024KB_read0_round2.json    3.080916
./wdpc_bs1024KB_read0_round1.json    3.0738529999999997
./wdpc_bs1024KB_read100_round3.json  2.969275
./wdpc_bs1024KB_read100_round2.json  2.955911
./wdpc_bs1024KB_read100_round1.json  2.92933
./wdpc_bs1024KB_read100_round5.json  2.909357
