./wdpc_bs512B_read0_round1.json    27.986666999999997
./wdpc_bs512B_read0_round2.json    27.94
./wdpc_bs4KB_read100_round5.json   27.64
./wdpc_bs512B_read0_round4.json    27.6
./wdpc_bs4KB_read100_round3.json   27.553333
./wdpc_bs4KB_read100_round1.json   27.3
./wdpc_bs4KB_read100_round4.json   27.200000000000003
./wdpc_bs512B_read0_round5.json    23.82
./wdpc_bs4KB_read0_round10.json    23.806666
./wdpc_bs4KB_read0_round3.json     23.8
./wdpc_bs4KB_read0_round17.json    23.793333
./wdpc_bs512B_read0_round3.json    23.753333
./wdpc_bs4KB_read0_round20.json    23.686666
./wdpc_bs4KB_read0_round8.json     23.633334
./wdpc_bs4KB_read0_round1.json     23.62
./wdpc_bs4KB_read0_round16.json    23.613334000000002
./wdpc_bs4KB_read0_round13.json    23.613333
./wdpc_bs4KB_read0_round5.json     23.566666
./wdpc_bs4KB_read0_round25.json    23.56
./wdpc_bs4KB_read0_round22.json    23.506667
./wdpc_bs4KB_read0_round23.json    23.46
./wdpc_bs4KB_read0_round18.json    23.433334000000002
./wdpc_bs4KB_read0_round7.json     23.426667
./wdpc_bs4KB_read65_round3.json    23.419999999999998
./wdpc_bs4KB_read0_round14.json    23.393333
./wdpc_bs4KB_read0_round15.json    23.366666000000002
./wdpc_bs4KB_read0_round11.json    23.366666
./wdpc_bs4KB_read0_round9.json     23.34
./wdpc_bs4KB_read0_round4.json     23.326667
./wdpc_bs4KB_read0_round24.json    23.326666
./wdpc_bs4KB_read100_round2.json   23.173333999999997
./wdpc_bs4KB_read65_round1.json    23.14
./wdpc_bs4KB_read0_round21.json    23.126666999999998
./wdpc_bs4KB_read0_round12.json    23.026666
./wdpc_bs4KB_read0_round2.json     22.98
./wdpc_bs8KB_read0_round3.json     22.92
./wdpc_bs4KB_read0_round19.json    22.86
./wdpc_bs4KB_read0_round6.json     22.86
./wdpc_bs4KB_read65_round4.json    22.573334000000003
./wdpc_bs4KB_read65_round2.json    22.553333000000002
./wdpc_bs4KB_read65_round5.json    22.106666
./wdpc_bs8KB_read0_round5.json     22.060000000000002
./wdpc_bs512B_read65_round1.json   21.973334
./wdpc_bs512B_read65_round4.json   21.779999999999998
./wdpc_bs512B_read65_round5.json   21.526667
./wdpc_bs512B_read100_round1.json  21.226667000000003
./wdpc_bs8KB_read65_round1.json    21.073333
./wdpc_bs8KB_read65_round4.json    20.693333
./wdpc_bs8KB_read100_round4.json   20.673333
./wdpc_bs512B_read100_round2.json  20.433333
./wdpc_bs8KB_read100_round3.json   18.226666
./wdpc_bs8KB_read0_round4.json     18.006667
./wdpc_bs8KB_read0_round2.json     17.953334
./wdpc_bs8KB_read100_round2.json   17.64
./wdpc_bs8KB_read0_round1.json     17.633333999999998
./wdpc_bs8KB_read100_round5.json   17.54
./wdpc_bs8KB_read100_round1.json   17.5
./wdpc_bs512B_read65_round3.json   17.433334000000002
./wdpc_bs512B_read65_round2.json   17.34
./wdpc_bs512B_read100_round5.json  17.26
./wdpc_bs512B_read100_round3.json  16.466667
./wdpc_bs8KB_read65_round3.json    16.133333999999998
./wdpc_bs512B_read100_round4.json  16.033333
./wdpc_bs8KB_read65_round5.json    15.54
./wdpc_bs8KB_read65_round2.json    15.28
