./wdpc_bs512B_read100_round3.json    43.36
./wdpc_bs512B_read100_round4.json    42.583332999999996
./wdpc_bs4KB_read50_round9.json      35.43
./wdpc_bs4KB_read100_round1.json     34.423333
./wdpc_bs4KB_read100_round4.json     34.08
./wdpc_bs4KB_read50_round2.json      32.926118
./wdpc_bs8KB_read100_round1.json     32.653333
./wdpc_bs8KB_read100_round5.json     30.826667
./wdpc_bs8KB_read100_round2.json     30.813334
./wdpc_bs8KB_read95_round1.json      30.036666
./wdpc_bs4KB_read65_round1.json      29.169514
./wdpc_bs512B_read5_round5.json      28.77
./wdpc_bs4KB_read0_round3.json       28.582619
./wdpc_bs512B_read5_round2.json      28.423096
./wdpc_bs512B_read100_round2.json    28.393333
./wdpc_bs8KB_read50_round1.json      28.212393
./wdpc_bs512B_read100_round1.json    28.106666999999998
./wdpc_bs512B_read100_round5.json    27.723332999999997
./wdpc_bs512B_read95_round5.json     27.583333
./wdpc_bs4KB_read0_round5.json       27.306666
./wdpc_bs4KB_read5_round6.json       27.166214
./wdpc_bs512B_read95_round2.json     27.12
./wdpc_bs512B_read95_round4.json     27.063333
./wdpc_bs4KB_read35_round6.json      26.936667
./wdpc_bs512B_read95_round3.json     26.786444
./wdpc_bs8KB_read50_round3.json      26.468897
./wdpc_bs8KB_read65_round1.json      26.286666
./wdpc_bs512B_read50_round3.json     26.126232
./wdpc_bs512B_read65_round4.json     25.922901
./wdpc_bs8KB_read50_round5.json      25.752046
./wdpc_bs512B_read50_round4.json     25.716667
./wdpc_bs512B_read65_round3.json     25.563333
./wdpc_bs512B_read50_round1.json     25.419576
./wdpc_bs512B_read65_round6.json     25.033333
./wdpc_bs512B_read50_round5.json     24.886252
./wdpc_bs512B_read35_round5.json     24.833126
./wdpc_bs512B_read65_round2.json     24.811886
./wdpc_bs512B_read95_round1.json     24.806666999999997
./wdpc_bs512B_read50_round2.json     24.79938
./wdpc_bs512B_read35_round4.json     24.765840999999998
./wdpc_bs4KB_read50_round6.json      24.372926999999997
./wdpc_bs4KB_read35_round5.json      24.243130999999998
./wdpc_bs512B_read35_round3.json     23.939999999999998
./wdpc_bs512B_read35_round6.json     23.815872000000002
./wdpc_bs4KB_read50_round4.json      23.739406
./wdpc_bs512B_read35_round2.json     23.699802
./wdpc_bs4KB_read95_round5.json      23.666666
./wdpc_bs4KB_read50_round7.json      23.419999999999998
./wdpc_bs4KB_read65_round3.json      23.373334
./wdpc_bs4KB_read35_round4.json      23.346473
./wdpc_bs4KB_read95_round3.json      23.159999999999997
./wdpc_bs4KB_read95_round1.json      23.093334
./wdpc_bs4KB_read50_round10.json     23.046475
./wdpc_bs512B_read65_round5.json     22.922569
./wdpc_bs16KB_read95_round2.json     22.896285
./wdpc_bs4KB_read65_round4.json      22.883143
./wdpc_bs4KB_read50_round3.json      22.792574000000002
./wdpc_bs4KB_read95_round2.json      22.75
./wdpc_bs4KB_read100_round5.json     22.689622
./wdpc_bs4KB_read35_round2.json      22.686667
./wdpc_bs4KB_read50_round8.json      22.576667
./wdpc_bs4KB_read95_round4.json      22.56
./wdpc_bs4KB_read35_round3.json      22.529624
./wdpc_bs4KB_read100_round3.json     22.526667
./wdpc_bs4KB_read50_round1.json      22.45
./wdpc_bs512B_read5_round4.json      22.232962
./wdpc_bs512B_read65_round1.json     22.179815
./wdpc_bs4KB_read65_round6.json      22.096114
./wdpc_bs4KB_read65_round2.json      21.976484
./wdpc_bs16KB_read95_round5.json     21.859636
./wdpc_bs4KB_read65_round5.json      21.843332999999998
./wdpc_bs4KB_read100_round2.json     21.776667000000003
./wdpc_bs8KB_read0_round5.json       21.699638
./wdpc_bs8KB_read0_round1.json       21.693153
./wdpc_bs4KB_read5_round4.json       21.583334
./wdpc_bs4KB_read0_round4.json       21.529821
./wdpc_bs4KB_read5_round5.json       21.502975
./wdpc_bs512B_read5_round6.json      21.335955
./wdpc_bs4KB_read5_round3.json       20.996142
./wdpc_bs512B_read5_round3.json      20.746321
./wdpc_bs512B_read0_round2.json      20.72
./wdpc_bs512B_read0_round3.json      20.546667
./wdpc_bs8KB_read95_round2.json      20.49
./wdpc_bs4KB_read0_round2.json       20.396667
./wdpc_bs8KB_read5_round2.json       20.356496999999997
./wdpc_bs512B_read0_round4.json      20.316159
./wdpc_bs4KB_read50_round5.json      20.262995
./wdpc_bs8KB_read35_round1.json      20.172493
./wdpc_bs512B_read0_round5.json      20.152998
./wdpc_bs4KB_read0_round1.json       20.126331
./wdpc_bs512B_read35_round1.json     19.87
./wdpc_bs4KB_read35_round1.json      19.72568
./wdpc_bs8KB_read100_round4.json     19.663169
./wdpc_bs4KB_read5_round2.json       19.626667
./wdpc_bs8KB_read95_round4.json      19.55
./wdpc_bs8KB_read95_round3.json      19.403333
./wdpc_bs8KB_read35_round4.json      19.39903
./wdpc_bs512B_read0_round1.json      19.199680999999998
./wdpc_bs8KB_read95_round5.json      19.133333
./wdpc_bs16KB_read35_round6.json     18.929685
./wdpc_bs8KB_read50_round2.json      18.736354
./wdpc_bs16KB_read35_round3.json     18.716199
./wdpc_bs8KB_read100_round3.json     18.676667000000002
./wdpc_bs8KB_read65_round5.json      18.176516
./wdpc_bs8KB_read65_round3.json      18.086064
./wdpc_bs16KB_read65_round6.json     18.049699
./wdpc_bs8KB_read65_round4.json      17.986217
./wdpc_bs16KB_read50_round1.json     17.869255
./wdpc_bs8KB_read65_round6.json      17.769704
./wdpc_bs16KB_read35_round4.json     17.49898
./wdpc_bs8KB_read35_round3.json      17.155666
./wdpc_bs8KB_read35_round6.json      17.078291999999998
./wdpc_bs8KB_read35_round5.json      17.026383000000003
./wdpc_bs8KB_read65_round2.json      16.846667
./wdpc_bs512B_read5_round1.json      16.776107
./wdpc_bs8KB_read50_round4.json      16.619861
./wdpc_bs4KB_read5_round1.json       16.509449
./wdpc_bs8KB_read5_round1.json       16.070387
./wdpc_bs8KB_read35_round2.json      15.965602
./wdpc_bs8KB_read5_round4.json       15.766141000000001
./wdpc_bs8KB_read5_round6.json       15.626145000000001
./wdpc_bs8KB_read5_round3.json       15.542945
./wdpc_bs8KB_read0_round4.json       15.309873
./wdpc_bs8KB_read0_round3.json       15.199746999999999
./wdpc_bs8KB_read0_round2.json       15.189747
./wdpc_bs8KB_read5_round5.json       15.142955
./wdpc_bs32KB_read100_round3.json    14.9795
./wdpc_bs16KB_read5_round2.json      14.94271
./wdpc_bs16KB_read35_round1.json     14.916169
./wdpc_bs16KB_read0_round2.json      14.80284
./wdpc_bs16KB_read100_round2.json    14.760000000000002
./wdpc_bs16KB_read100_round1.json    14.749754
./wdpc_bs16KB_read95_round1.json     14.649756
./wdpc_bs16KB_read100_round3.json    14.499758
./wdpc_bs16KB_read100_round4.json    14.46988
./wdpc_bs16KB_read95_round4.json     14.446425999999999
./wdpc_bs16KB_read100_round5.json    14.013099
./wdpc_bs16KB_read95_round3.json     13.853103
./wdpc_bs16KB_read65_round4.json     13.605533
./wdpc_bs16KB_read65_round5.json     13.572655000000001
./wdpc_bs64KB_read95_round3.json     13.562317
./wdpc_bs16KB_read65_round3.json     13.476442
./wdpc_bs64KB_read95_round4.json     13.305558
./wdpc_bs16KB_read50_round5.json     13.176118
./wdpc_bs64KB_read95_round1.json     13.138905
./wdpc_bs64KB_read100_round2.json    12.995584000000001
./wdpc_bs64KB_read100_round5.json    12.988918
./wdpc_bs32KB_read65_round2.json     12.812159
./wdpc_bs16KB_read35_round5.json     12.632702
./wdpc_bs64KB_read95_round2.json     12.431987
./wdpc_bs16KB_read35_round2.json     12.218879999999999
./wdpc_bs16KB_read50_round2.json     12.169493
./wdpc_bs16KB_read50_round4.json     12.146465
./wdpc_bs16KB_read50_round3.json     12.126059999999999
./wdpc_bs128KB_read100_round3.json   11.894685
./wdpc_bs16KB_read65_round2.json     11.886369
./wdpc_bs128KB_read100_round5.json   11.761372999999999
./wdpc_bs128KB_read100_round2.json   11.741475
./wdpc_bs128KB_read100_round1.json   11.651586
./wdpc_bs64KB_read100_round1.json    11.532469
./wdpc_bs16KB_read5_round3.json      11.479042999999999
./wdpc_bs16KB_read5_round4.json      11.195361
./wdpc_bs16KB_read5_round5.json      11.186107
./wdpc_bs16KB_read0_round1.json      11.166294
./wdpc_bs16KB_read5_round6.json      11.132777
./wdpc_bs64KB_read100_round4.json    11.119074000000001
./wdpc_bs32KB_read95_round4.json     11.102962999999999
./wdpc_bs64KB_read100_round3.json    11.089167999999999
./wdpc_bs16KB_read65_round1.json     11.069815
./wdpc_bs64KB_read65_round4.json     11.052044
./wdpc_bs16KB_read0_round5.json      10.99315
./wdpc_bs16KB_read0_round3.json      10.949818
./wdpc_bs128KB_read95_round5.json    10.941601
./wdpc_bs32KB_read100_round2.json    10.899637
./wdpc_bs32KB_read95_round2.json     10.892789
./wdpc_bs64KB_read35_round2.json     10.875308
./wdpc_bs32KB_read50_round4.json     10.86279
./wdpc_bs64KB_read95_round5.json     10.829098
./wdpc_bs32KB_read100_round5.json    10.816397
./wdpc_bs16KB_read0_round4.json      10.772974999999999
./wdpc_bs32KB_read95_round1.json     10.729642
./wdpc_bs128KB_read95_round3.json    10.657869
./wdpc_bs64KB_read65_round6.json     10.655779
./wdpc_bs32KB_read5_round4.json      10.652623
./wdpc_bs128KB_read95_round2.json    10.564906
./wdpc_bs128KB_read100_round4.json   10.534911
./wdpc_bs32KB_read95_round3.json     10.519649000000001
./wdpc_bs32KB_read100_round4.json    10.482984
./wdpc_bs64KB_read35_round4.json     10.481586
./wdpc_bs32KB_read65_round6.json     10.47281
./wdpc_bs128KB_read95_round4.json    10.404499000000001
./wdpc_bs32KB_read95_round5.json     10.402986
./wdpc_bs128KB_read95_round1.json    10.4016
./wdpc_bs32KB_read0_round5.json      10.385802
./wdpc_bs32KB_read100_round1.json    10.229659
./wdpc_bs64KB_read50_round2.json     10.162148
./wdpc_bs64KB_read65_round5.json     10.078992
./wdpc_bs32KB_read65_round5.json     9.976002
./wdpc_bs32KB_read50_round2.json     9.938922999999999
./wdpc_bs32KB_read65_round3.json     9.933002
./wdpc_bs32KB_read65_round4.json     9.78894
./wdpc_bs64KB_read65_round2.json     9.739026
./wdpc_bs64KB_read35_round5.json     9.682042
./wdpc_bs64KB_read65_round3.json     9.642209
./wdpc_bs32KB_read0_round3.json      9.639277
./wdpc_bs32KB_read35_round3.json     9.632531
./wdpc_bs64KB_read35_round3.json     9.631006
./wdpc_bs32KB_read35_round4.json     9.539284
./wdpc_bs32KB_read35_round5.json     9.479368000000001
./wdpc_bs32KB_read35_round2.json     9.429371
./wdpc_bs64KB_read0_round4.json      9.425253000000001
./wdpc_bs32KB_read50_round3.json     9.415803
./wdpc_bs32KB_read35_round6.json     9.362866
./wdpc_bs64KB_read50_round4.json     9.318446999999999
./wdpc_bs64KB_read5_round5.json      9.308603999999999
./wdpc_bs32KB_read50_round5.json     9.299535
./wdpc_bs64KB_read50_round5.json     9.265585
./wdpc_bs64KB_read50_round3.json     9.258611
./wdpc_bs32KB_read65_round1.json     9.232948
./wdpc_bs32KB_read50_round1.json     9.216206
./wdpc_bs32KB_read5_round3.json      9.206053
./wdpc_bs64KB_read35_round6.json     9.185595
./wdpc_bs32KB_read5_round5.json      9.159695
./wdpc_bs32KB_read5_round6.json      9.115907
./wdpc_bs64KB_read50_round1.json     9.032354999999999
./wdpc_bs64KB_read0_round5.json      8.985394
./wdpc_bs128KB_read65_round4.json    8.918513
./wdpc_bs128KB_read65_round3.json    8.849277
./wdpc_bs32KB_read5_round2.json      8.791722
./wdpc_bs128KB_read65_round5.json    8.651603
./wdpc_bs32KB_read0_round2.json      8.646379
./wdpc_bs64KB_read5_round6.json      8.608709
./wdpc_bs16KB_read5_round1.json      8.572619
./wdpc_bs32KB_read35_round1.json     8.505816
./wdpc_bs32KB_read0_round1.json      8.49213
./wdpc_bs64KB_read0_round3.json      8.475536
./wdpc_bs32KB_read0_round4.json      8.466384999999999
./wdpc_bs64KB_read5_round2.json      8.460673
./wdpc_bs64KB_read65_round1.json     8.402633
./wdpc_bs128KB_read65_round2.json    8.344789
./wdpc_bs128KB_read50_round4.json    8.32778
./wdpc_bs128KB_read65_round6.json    8.258211
./wdpc_bs64KB_read5_round3.json      8.254603
./wdpc_bs128KB_read0_round5.json     8.164421
./wdpc_bs64KB_read5_round4.json      8.078923
./wdpc_bs128KB_read50_round2.json    8.016326
./wdpc_bs128KB_read0_round3.json     7.964676
./wdpc_bs128KB_read0_round4.json     7.85124
./wdpc_bs128KB_read35_round4.json    7.841243
./wdpc_bs128KB_read35_round6.json    7.734733
./wdpc_bs128KB_read35_round3.json    7.601306000000001
./wdpc_bs128KB_read50_round5.json    7.534972
./wdpc_bs128KB_read50_round3.json    7.421602
./wdpc_bs64KB_read0_round1.json      7.415678
./wdpc_bs64KB_read35_round1.json     7.3914860000000004
./wdpc_bs32KB_read5_round1.json      7.346299
./wdpc_bs64KB_read0_round2.json      7.332478
./wdpc_bs128KB_read35_round5.json    7.304658
./wdpc_bs128KB_read35_round2.json    7.202826
./wdpc_bs128KB_read5_round2.json     6.807957999999999
./wdpc_bs128KB_read5_round3.json     6.788303
./wdpc_bs128KB_read5_round6.json     6.784744
./wdpc_bs128KB_read50_round1.json    6.781751
./wdpc_bs128KB_read65_round1.json    6.778758
./wdpc_bs128KB_read0_round2.json     6.75187
./wdpc_bs128KB_read0_round1.json     6.6295209999999996
./wdpc_bs128KB_read5_round5.json     6.521865999999999
./wdpc_bs64KB_read5_round1.json      6.328944999999999
./wdpc_bs128KB_read5_round4.json     6.194705
./wdpc_bs128KB_read35_round1.json    6.144926
./wdpc_bs128KB_read5_round1.json     4.28556
./wdpc_bs1024KB_read100_round4.json  3.312195
./wdpc_bs1024KB_read100_round5.json  3.285428
./wdpc_bs1024KB_read100_round2.json  3.219148
./wdpc_bs1024KB_read100_round3.json  3.219148
./wdpc_bs1024KB_read100_round1.json  3.2157660000000003
./wdpc_bs1024KB_read95_round5.json   3.2120360000000003
./wdpc_bs1024KB_read95_round3.json   3.089189
./wdpc_bs1024KB_read95_round4.json   3.0257380000000005
./wdpc_bs1024KB_read65_round5.json   3.0252109999999997
./wdpc_bs1024KB_read35_round5.json   3.011096
./wdpc_bs1024KB_read50_round4.json   3.007995
./wdpc_bs1024KB_read95_round2.json   2.992502
./wdpc_bs1024KB_read5_round6.json    2.981077
./wdpc_bs1024KB_read35_round6.json   2.961016
./wdpc_bs1024KB_read65_round6.json   2.935353
./wdpc_bs1024KB_read0_round5.json    2.931
./wdpc_bs1024KB_read0_round2.json    2.910579
./wdpc_bs1024KB_read95_round1.json   2.8959699999999997
./wdpc_bs1024KB_read0_round4.json    2.8906210000000003
./wdpc_bs1024KB_read35_round4.json   2.854837
./wdpc_bs1024KB_read0_round3.json    2.777939
./wdpc_bs1024KB_read0_round1.json    2.754743
./wdpc_bs1024KB_read5_round2.json    2.743657
./wdpc_bs1024KB_read65_round4.json   2.732591
./wdpc_bs1024KB_read65_round3.json   2.7222210000000002
./wdpc_bs1024KB_read65_round2.json   2.710063
./wdpc_bs1024KB_read50_round5.json   2.691799
./wdpc_bs1024KB_read5_round4.json    2.6883600000000003
./wdpc_bs1024KB_read50_round3.json   2.669129
./wdpc_bs1024KB_read5_round5.json    2.634599
./wdpc_bs1024KB_read50_round2.json   2.613727
./wdpc_bs1024KB_read35_round3.json   2.5787769999999997
./wdpc_bs1024KB_read5_round3.json    2.565019
./wdpc_bs1024KB_read35_round2.json   2.475626
./wdpc_bs1024KB_read50_round1.json   2.366116
./wdpc_bs1024KB_read35_round1.json   2.2756
./wdpc_bs1024KB_read65_round1.json   2.274916
./wdpc_bs1024KB_read5_round1.json    2.080206
