./wdpc_bs512B_read100_round4.json    42.843333
./wdpc_bs512B_read95_round9.json     41.666667000000004
./wdpc_bs512B_read95_round6.json     40.905985
./wdpc_bs512B_read95_round2.json     40.106666999999995
./wdpc_bs512B_read95_round3.json     39.160000000000004
./wdpc_bs512B_read95_round8.json     38.516666
./wdpc_bs4KB_read65_round5.json      36.292124
./wdpc_bs4KB_read65_round4.json      35.655478
./wdpc_bs4KB_read50_round2.json      35.056667000000004
./wdpc_bs4KB_read65_round3.json      34.436666
./wdpc_bs512B_read35_round3.json     34.283333
./wdpc_bs4KB_read35_round4.json      33.6
./wdpc_bs4KB_read50_round5.json      33.339999999999996
./wdpc_bs4KB_read100_round3.json     32.836667
./wdpc_bs4KB_read50_round1.json      32.396667
./wdpc_bs4KB_read65_round1.json      31.923334
./wdpc_bs4KB_read95_round4.json      30.916667
./wdpc_bs8KB_read95_round2.json      30.490000000000002
./wdpc_bs4KB_read5_round6.json       30.013334
./wdpc_bs8KB_read95_round5.json      29.71
./wdpc_bs8KB_read100_round3.json     29.673334
./wdpc_bs8KB_read100_round1.json     29.296667
./wdpc_bs4KB_read0_round5.json       28.740000000000002
./wdpc_bs512B_read100_round3.json    28.28
./wdpc_bs4KB_read35_round1.json      28.2698
./wdpc_bs4KB_read5_round5.json       28.073099
./wdpc_bs512B_read0_round4.json      28.032633
./wdpc_bs512B_read100_round2.json    27.9231
./wdpc_bs512B_read0_round5.json      27.696436
./wdpc_bs512B_read100_round5.json    27.619999999999997
./wdpc_bs512B_read100_round1.json    27.483334
./wdpc_bs512B_read95_round1.json     27.326439
./wdpc_bs512B_read5_round2.json      27.199547000000003
./wdpc_bs8KB_read50_round5.json      26.986217
./wdpc_bs512B_read95_round7.json     26.866667
./wdpc_bs16KB_read100_round5.json    26.526224
./wdpc_bs512B_read95_round5.json     26.446446
./wdpc_bs8KB_read65_round5.json      25.909136
./wdpc_bs8KB_read50_round2.json      25.816667
./wdpc_bs8KB_read65_round4.json      25.719572
./wdpc_bs512B_read35_round1.json     25.663334
./wdpc_bs512B_read50_round3.json     25.526666
./wdpc_bs512B_read95_round4.json     25.266667
./wdpc_bs512B_read65_round5.json     25.072706999999998
./wdpc_bs512B_read65_round3.json     25.052499
./wdpc_bs512B_read65_round2.json     24.812506
./wdpc_bs512B_read50_round4.json     24.796047
./wdpc_bs512B_read50_round2.json     24.694609
./wdpc_bs512B_read35_round6.json     24.409796999999998
./wdpc_bs512B_read65_round4.json     24.346261
./wdpc_bs512B_read50_round5.json     24.266666999999998
./wdpc_bs512B_read35_round2.json     24.026266
./wdpc_bs16KB_read100_round1.json    23.699605
./wdpc_bs512B_read35_round4.json     23.60941
./wdpc_bs512B_read35_round5.json     23.562941
./wdpc_bs4KB_read50_round4.json      23.529999999999998
./wdpc_bs4KB_read35_round3.json      23.052950000000003
./wdpc_bs512B_read50_round1.json     23.039616
./wdpc_bs16KB_read100_round4.json    22.906285
./wdpc_bs16KB_read100_round3.json    22.902950999999998
./wdpc_bs4KB_read35_round6.json      22.889236999999998
./wdpc_bs8KB_read65_round1.json      22.871046
./wdpc_bs16KB_read95_round5.json     22.856285999999997
./wdpc_bs16KB_read95_round4.json     22.842953
./wdpc_bs4KB_read100_round1.json     22.726666
./wdpc_bs4KB_read35_round5.json      22.726477
./wdpc_bs4KB_read50_round3.json      22.706667000000003
./wdpc_bs4KB_read95_round3.json      22.626666
./wdpc_bs4KB_read95_round2.json      22.590000000000003
./wdpc_bs4KB_read100_round2.json     22.556667
./wdpc_bs4KB_read35_round2.json      22.556290999999998
./wdpc_bs4KB_read100_round5.json     22.516667
./wdpc_bs4KB_read95_round1.json      22.43
./wdpc_bs4KB_read95_round5.json      22.36
./wdpc_bs512B_read65_round1.json     22.281105
./wdpc_bs4KB_read5_round1.json       22.259258
./wdpc_bs16KB_read95_round3.json     22.255554
./wdpc_bs4KB_read100_round4.json     22.24
./wdpc_bs8KB_read5_round6.json       21.689458000000002
./wdpc_bs4KB_read5_round3.json       21.624143
./wdpc_bs512B_read5_round1.json      21.61982
./wdpc_bs4KB_read65_round2.json      21.565947
./wdpc_bs512B_read5_round6.json      21.376666999999998
./wdpc_bs512B_read5_round5.json      21.289645
./wdpc_bs4KB_read5_round4.json       21.166667
./wdpc_bs4KB_read0_round1.json       21.11
./wdpc_bs8KB_read5_round2.json       21.092982
./wdpc_bs512B_read5_round4.json      20.956143
./wdpc_bs512B_read0_round1.json      20.846493
./wdpc_bs512B_read5_round3.json      20.77
./wdpc_bs4KB_read0_round3.json       20.726667
./wdpc_bs4KB_read0_round2.json       20.71
./wdpc_bs4KB_read5_round2.json       20.606667
./wdpc_bs512B_read0_round3.json      20.54
./wdpc_bs4KB_read0_round4.json       20.519658
./wdpc_bs8KB_read95_round1.json      19.999667000000002
./wdpc_bs8KB_read100_round2.json     19.846667
./wdpc_bs16KB_read65_round5.json     19.846336
./wdpc_bs8KB_read100_round5.json     19.703333
./wdpc_bs16KB_read65_round6.json     19.632679
./wdpc_bs8KB_read100_round4.json     19.606503
./wdpc_bs8KB_read95_round4.json      19.49317
./wdpc_bs8KB_read95_round3.json      19.48
./wdpc_bs512B_read0_round2.json      19.39301
./wdpc_bs8KB_read65_round3.json      18.213334
./wdpc_bs16KB_read50_round1.json     18.061828
./wdpc_bs8KB_read65_round6.json      17.85622
./wdpc_bs8KB_read65_round2.json      17.738079
./wdpc_bs8KB_read35_round5.json      17.456376
./wdpc_bs8KB_read50_round4.json      17.433332999999998
./wdpc_bs8KB_read50_round3.json      17.416667
./wdpc_bs8KB_read35_round3.json      17.19276
./wdpc_bs8KB_read35_round6.json      17.163047
./wdpc_bs8KB_read50_round1.json      17.10262
./wdpc_bs8KB_read35_round4.json      16.769021
./wdpc_bs16KB_read5_round6.json      16.531956
./wdpc_bs16KB_read35_round2.json     16.49945
./wdpc_bs8KB_read5_round4.json       15.975735
./wdpc_bs8KB_read35_round2.json      15.956268
./wdpc_bs32KB_read95_round2.json     15.636146
./wdpc_bs8KB_read5_round3.json       15.61948
./wdpc_bs32KB_read95_round3.json     15.526150000000001
./wdpc_bs8KB_read0_round2.json       15.412049
./wdpc_bs8KB_read5_round5.json       15.266666
./wdpc_bs8KB_read0_round4.json       15.076164
./wdpc_bs8KB_read0_round3.json       15.026416000000001
./wdpc_bs8KB_read35_round1.json      14.916543
./wdpc_bs8KB_read0_round1.json       14.88
./wdpc_bs16KB_read65_round1.json     14.849505
./wdpc_bs16KB_read5_round4.json      14.826419999999999
./wdpc_bs8KB_read0_round5.json       14.569758
./wdpc_bs16KB_read35_round1.json     14.128352
./wdpc_bs16KB_read95_round1.json     13.983101
./wdpc_bs64KB_read95_round2.json     13.88551
./wdpc_bs64KB_read100_round1.json    13.838847000000001
./wdpc_bs32KB_read65_round3.json     13.835744
./wdpc_bs16KB_read95_round2.json     13.823103
./wdpc_bs64KB_read100_round4.json    13.782184999999998
./wdpc_bs16KB_read100_round2.json    13.746438000000001
./wdpc_bs64KB_read100_round5.json    13.698859
./wdpc_bs64KB_read100_round3.json    13.155571
./wdpc_bs32KB_read100_round3.json    12.809573
./wdpc_bs64KB_read95_round4.json     12.788934999999999
./wdpc_bs16KB_read65_round4.json     12.733120999999999
./wdpc_bs64KB_read95_round3.json     12.409069
./wdpc_bs16KB_read50_round4.json     12.372715
./wdpc_bs32KB_read50_round6.json     12.365637
./wdpc_bs32KB_read65_round2.json     12.355843
./wdpc_bs16KB_read65_round3.json     12.28636
./wdpc_bs16KB_read50_round3.json     12.216158
./wdpc_bs16KB_read35_round4.json     12.132828
./wdpc_bs16KB_read35_round6.json     12.129394000000001
./wdpc_bs16KB_read50_round5.json     12.086162999999999
./wdpc_bs16KB_read35_round3.json     12.078892999999999
./wdpc_bs32KB_read35_round4.json     12.032732
./wdpc_bs64KB_read95_round1.json     11.992334
./wdpc_bs8KB_read5_round1.json       11.959801
./wdpc_bs16KB_read35_round5.json     11.919702000000001
./wdpc_bs16KB_read65_round2.json     11.736080000000001
./wdpc_bs32KB_read35_round2.json     11.701383
./wdpc_bs64KB_read65_round6.json     11.628062
./wdpc_bs128KB_read100_round1.json   11.591401000000001
./wdpc_bs16KB_read50_round2.json     11.562948
./wdpc_bs32KB_read0_round5.json      11.40924
./wdpc_bs32KB_read95_round1.json     11.312861999999999
./wdpc_bs32KB_read100_round2.json    11.309529
./wdpc_bs16KB_read0_round5.json      11.212959999999999
./wdpc_bs32KB_read100_round1.json    11.189627
./wdpc_bs32KB_read100_round4.json    11.186294
./wdpc_bs32KB_read0_round3.json      11.135924
./wdpc_bs128KB_read100_round3.json   11.094816999999999
./wdpc_bs64KB_read50_round4.json     11.048710999999999
./wdpc_bs128KB_read100_round5.json   10.994926000000001
./wdpc_bs16KB_read0_round4.json      10.979451000000001
./wdpc_bs32KB_read0_round4.json      10.942603
./wdpc_bs32KB_read95_round5.json     10.919636
./wdpc_bs16KB_read5_round2.json      10.902788
./wdpc_bs16KB_read5_round3.json      10.872518
./wdpc_bs128KB_read100_round2.json   10.864856
./wdpc_bs64KB_read65_round3.json     10.851886
./wdpc_bs64KB_read65_round5.json     10.757848
./wdpc_bs128KB_read95_round4.json    10.754874000000001
./wdpc_bs16KB_read5_round5.json      10.739822
./wdpc_bs64KB_read65_round4.json     10.728480999999999
./wdpc_bs16KB_read0_round1.json      10.703154999999999
./wdpc_bs64KB_read5_round5.json      10.701906999999999
./wdpc_bs128KB_read95_round1.json    10.701550000000001
./wdpc_bs128KB_read95_round5.json    10.651646
./wdpc_bs128KB_read95_round3.json    10.628229000000001
./wdpc_bs32KB_read65_round4.json     10.599293
./wdpc_bs16KB_read0_round3.json      10.549649
./wdpc_bs64KB_read95_round5.json     10.502459
./wdpc_bs128KB_read100_round4.json   10.481587
./wdpc_bs32KB_read50_round5.json     10.449477
./wdpc_bs16KB_read0_round2.json      10.442985
./wdpc_bs32KB_read95_round4.json     10.439652
./wdpc_bs32KB_read0_round1.json      10.412813
./wdpc_bs64KB_read100_round2.json    10.409132
./wdpc_bs128KB_read95_round2.json    10.368272000000001
./wdpc_bs32KB_read65_round5.json     10.332473
./wdpc_bs32KB_read50_round3.json     10.29598
./wdpc_bs64KB_read50_round5.json     10.195307
./wdpc_bs32KB_read65_round6.json     10.096162
./wdpc_bs32KB_read100_round5.json    10.042915
./wdpc_bs32KB_read50_round4.json     10.012665
./wdpc_bs64KB_read65_round2.json     9.985168999999999
./wdpc_bs64KB_read50_round3.json     9.948922
./wdpc_bs64KB_read50_round2.json     9.811862000000001
./wdpc_bs32KB_read35_round5.json     9.759024
./wdpc_bs64KB_read35_round3.json     9.730170999999999
./wdpc_bs32KB_read50_round1.json     9.641887
./wdpc_bs64KB_read35_round6.json     9.638795
./wdpc_bs32KB_read50_round2.json     9.626025
./wdpc_bs64KB_read0_round4.json      9.601893
./wdpc_bs32KB_read35_round3.json     9.592055
./wdpc_bs32KB_read35_round6.json     9.562776
./wdpc_bs32KB_read5_round6.json      9.542697
./wdpc_bs32KB_read0_round2.json      9.522858
./wdpc_bs64KB_read5_round4.json      9.393222
./wdpc_bs64KB_read5_round6.json      9.345265
./wdpc_bs32KB_read5_round3.json      9.338366
./wdpc_bs64KB_read35_round4.json     9.182339
./wdpc_bs16KB_read5_round1.json      9.132344
./wdpc_bs32KB_read5_round4.json      9.051523
./wdpc_bs64KB_read35_round5.json     9.041977
./wdpc_bs64KB_read65_round1.json     9.035461999999999
./wdpc_bs32KB_read5_round5.json      9.032882
./wdpc_bs64KB_read0_round1.json      9.002208
./wdpc_bs32KB_read65_round1.json     8.8052
./wdpc_bs128KB_read65_round4.json    8.714269999999999
./wdpc_bs64KB_read5_round2.json      8.688841
./wdpc_bs64KB_read50_round1.json     8.614298
./wdpc_bs64KB_read0_round2.json      8.598853
./wdpc_bs32KB_read5_round2.json      8.598782
./wdpc_bs64KB_read35_round2.json     8.470933
./wdpc_bs64KB_read5_round3.json      8.304453
./wdpc_bs128KB_read65_round5.json    8.198087
./wdpc_bs32KB_read35_round1.json     8.195642
./wdpc_bs128KB_read65_round6.json    7.978538
./wdpc_bs128KB_read65_round2.json    7.851698
./wdpc_bs64KB_read0_round5.json      7.84549
./wdpc_bs128KB_read0_round3.json     7.791256000000001
./wdpc_bs128KB_read50_round4.json    7.664175999999999
./wdpc_bs128KB_read65_round3.json    7.614953
./wdpc_bs128KB_read50_round5.json    7.488253
./wdpc_bs128KB_read0_round4.json     7.40136
./wdpc_bs128KB_read50_round3.json    7.324712999999999
./wdpc_bs128KB_read5_round4.json     7.299854
./wdpc_bs128KB_read35_round3.json    7.253463
./wdpc_bs128KB_read35_round4.json    7.198081
./wdpc_bs128KB_read35_round6.json    7.178086
./wdpc_bs128KB_read50_round2.json    7.1613039999999994
./wdpc_bs128KB_read65_round1.json    7.110608000000001
./wdpc_bs64KB_read35_round1.json     7.088936
./wdpc_bs64KB_read0_round3.json      7.069057
./wdpc_bs32KB_read5_round1.json      6.829544
./wdpc_bs128KB_read5_round5.json     6.804682
./wdpc_bs128KB_read50_round1.json    6.741199
./wdpc_bs128KB_read35_round5.json    6.705045999999999
./wdpc_bs128KB_read5_round3.json     6.661446
./wdpc_bs128KB_read35_round2.json    6.6434560000000005
./wdpc_bs128KB_read5_round2.json     6.571581
./wdpc_bs128KB_read0_round5.json     6.504823
./wdpc_bs128KB_read5_round6.json     6.401307
./wdpc_bs64KB_read5_round1.json      6.035761
./wdpc_bs128KB_read0_round2.json     6.018295
./wdpc_bs128KB_read35_round1.json    5.889996
./wdpc_bs128KB_read0_round1.json     5.76875
./wdpc_bs128KB_read5_round1.json     5.017031
./wdpc_bs1024KB_read100_round4.json  3.332141
./wdpc_bs1024KB_read100_round2.json  3.328728
./wdpc_bs1024KB_read100_round3.json  3.2990169999999996
./wdpc_bs1024KB_read100_round5.json  3.288729
./wdpc_bs1024KB_read95_round3.json   3.192516
./wdpc_bs1024KB_read95_round2.json   3.162502
./wdpc_bs1024KB_read95_round1.json   3.132464
./wdpc_bs1024KB_read95_round4.json   3.132438
./wdpc_bs1024KB_read100_round1.json  3.052698
./wdpc_bs1024KB_read65_round5.json   3.017675
./wdpc_bs1024KB_read95_round5.json   2.9926269999999997
./wdpc_bs1024KB_read5_round4.json    2.987955
./wdpc_bs1024KB_read65_round3.json   2.986612
./wdpc_bs1024KB_read65_round6.json   2.97827
./wdpc_bs1024KB_read50_round3.json   2.96809
./wdpc_bs1024KB_read35_round6.json   2.951379
./wdpc_bs1024KB_read0_round1.json    2.951158
./wdpc_bs1024KB_read5_round3.json    2.947659
./wdpc_bs1024KB_read0_round4.json    2.944553
./wdpc_bs1024KB_read65_round4.json   2.9248329999999996
./wdpc_bs1024KB_read0_round3.json    2.9245900000000002
./wdpc_bs1024KB_read35_round4.json   2.908074
./wdpc_bs1024KB_read50_round5.json   2.9046019999999997
./wdpc_bs1024KB_read50_round4.json   2.904361
./wdpc_bs1024KB_read0_round5.json    2.8912940000000003
./wdpc_bs1024KB_read35_round3.json   2.84823
./wdpc_bs1024KB_read35_round2.json   2.8401579999999997
./wdpc_bs1024KB_read5_round5.json    2.834567
./wdpc_bs1024KB_read65_round2.json   2.7834529999999997
./wdpc_bs1024KB_read0_round2.json    2.780873
./wdpc_bs1024KB_read5_round6.json    2.751462
./wdpc_bs1024KB_read5_round2.json    2.731665
./wdpc_bs1024KB_read50_round1.json   2.7253220000000002
./wdpc_bs1024KB_read35_round5.json   2.634994
./wdpc_bs1024KB_read50_round2.json   2.541584
./wdpc_bs1024KB_read65_round1.json   2.242928
./wdpc_bs1024KB_read35_round1.json   2.0723149999999997
./wdpc_bs1024KB_read5_round1.json    2.065451
