./wdpc_bs4KB_read100_round4.json   16.54
./wdpc_bs512B_read0_round3.json    16
./wdpc_bs4KB_read0_round3.json     15.946666
./wdpc_bs512B_read0_round4.json    15.906666
./wdpc_bs512B_read0_round2.json    15.873334
./wdpc_bs4KB_read100_round5.json   15.873333
./wdpc_bs4KB_read0_round5.json     15.813334000000001
./wdpc_bs4KB_read100_round2.json   15.760000000000002
./wdpc_bs8KB_read100_round3.json   15.7
./wdpc_bs8KB_read100_round5.json   15.666666
./wdpc_bs8KB_read100_round1.json   15.433333999999999
./wdpc_bs8KB_read100_round4.json   15.373332999999999
./wdpc_bs4KB_read100_round3.json   15.346667
./wdpc_bs4KB_read0_round4.json     14.153333
./wdpc_bs8KB_read65_round2.json    14.100000000000001
./wdpc_bs4KB_read0_round1.json     14.086666999999998
./wdpc_bs4KB_read0_round2.json     14.013333
./wdpc_bs512B_read65_round1.json   13.913333
./wdpc_bs512B_read0_round5.json    13.866666
./wdpc_bs512B_read0_round1.json    13.84
./wdpc_bs8KB_read100_round2.json   13.793334000000002
./wdpc_bs8KB_read65_round5.json    13.52
./wdpc_bs4KB_read100_round1.json   13.5
./wdpc_bs512B_read65_round5.json   13.413333999999999
./wdpc_bs8KB_read0_round1.json     13.386667000000001
./wdpc_bs8KB_read65_round1.json    13.146667
./wdpc_bs4KB_read65_round3.json    13.086667
./wdpc_bs8KB_read0_round2.json     13.086667
./wdpc_bs4KB_read65_round4.json    12.886666
./wdpc_bs8KB_read65_round4.json    12.853333
./wdpc_bs4KB_read65_round5.json    12.66
./wdpc_bs8KB_read0_round4.json     12.66
./wdpc_bs512B_read65_round2.json   12.113332999999999
./wdpc_bs4KB_read65_round2.json    10.839819
./wdpc_bs4KB_read65_round1.json    10.826667
./wdpc_bs512B_read100_round5.json  10.6
./wdpc_bs512B_read100_round2.json  10.313334
./wdpc_bs8KB_read0_round5.json     9.879999999999999
./wdpc_bs512B_read65_round3.json   9.826667
./wdpc_bs8KB_read0_round3.json     9.693334
./wdpc_bs512B_read65_round4.json   9.693333
./wdpc_bs512B_read100_round3.json  9.24
./wdpc_bs512B_read100_round1.json  9.146666
./wdpc_bs8KB_read65_round3.json    9
./wdpc_bs512B_read100_round4.json  8.993333
