./wdpc_bs512B_read0_round3.json    27.473334
./wdpc_bs4KB_read100_round1.json   27.22
./wdpc_bs4KB_read100_round2.json   27.14
./wdpc_bs4KB_read100_round3.json   27.026667000000003
./wdpc_bs512B_read0_round4.json    27.026666
./wdpc_bs4KB_read100_round4.json   26.986667
./wdpc_bs4KB_read100_round5.json   26.973333999999998
./wdpc_bs512B_read0_round5.json    26.866667
./wdpc_bs512B_read0_round2.json    26.8
./wdpc_bs8KB_read100_round4.json   23.52
./wdpc_bs4KB_read0_round22.json    23.373333
./wdpc_bs4KB_read0_round13.json    23.306667
./wdpc_bs8KB_read0_round5.json     23.259999999999998
./wdpc_bs8KB_read0_round2.json     23.246667000000002
./wdpc_bs8KB_read100_round2.json   23.206667
./wdpc_bs512B_read0_round1.json    23.14
./wdpc_bs8KB_read0_round4.json     23.126666999999998
./wdpc_bs4KB_read0_round2.json     23.073334
./wdpc_bs4KB_read0_round17.json    23.073332999999998
./wdpc_bs4KB_read0_round23.json    23.013333000000003
./wdpc_bs4KB_read0_round3.json     23.006667
./wdpc_bs4KB_read0_round16.json    22.993333
./wdpc_bs4KB_read0_round15.json    22.98
./wdpc_bs4KB_read0_round8.json     22.973333
./wdpc_bs4KB_read0_round20.json    22.966666
./wdpc_bs4KB_read0_round21.json    22.939999999999998
./wdpc_bs4KB_read0_round14.json    22.926667000000002
./wdpc_bs4KB_read0_round12.json    22.919999999999998
./wdpc_bs4KB_read0_round4.json     22.913334
./wdpc_bs4KB_read0_round11.json    22.9
./wdpc_bs4KB_read0_round24.json    22.893333
./wdpc_bs512B_read100_round5.json  22.88
./wdpc_bs4KB_read0_round19.json    22.866667
./wdpc_bs4KB_read0_round18.json    22.86
./wdpc_bs4KB_read0_round6.json     22.86
./wdpc_bs8KB_read0_round1.json     22.84
./wdpc_bs4KB_read0_round9.json     22.833333000000003
./wdpc_bs4KB_read0_round7.json     22.78
./wdpc_bs4KB_read0_round10.json    22.766666999999998
./wdpc_bs4KB_read0_round25.json    22.766666999999998
./wdpc_bs4KB_read0_round5.json     22.746667
./wdpc_bs4KB_read0_round1.json     22.746665999999998
./wdpc_bs4KB_read65_round1.json    22.673333
./wdpc_bs512B_read100_round2.json  22.426667000000002
./wdpc_bs512B_read100_round3.json  22.32
./wdpc_bs4KB_read65_round5.json    22.04
./wdpc_bs512B_read100_round4.json  21.846666
./wdpc_bs8KB_read65_round3.json    21.82
./wdpc_bs8KB_read65_round2.json    21.632973
./wdpc_bs512B_read65_round3.json   21.313333
./wdpc_bs512B_read65_round4.json   20.826667
./wdpc_bs512B_read100_round1.json  20.793333
./wdpc_bs4KB_read65_round2.json    20.706667
./wdpc_bs512B_read65_round1.json   20.64
./wdpc_bs8KB_read65_round5.json    19.786667
./wdpc_bs8KB_read65_round4.json    18.48
./wdpc_bs8KB_read100_round5.json   18.313333
./wdpc_bs4KB_read65_round4.json    18.12
./wdpc_bs8KB_read100_round3.json   18.013334
./wdpc_bs8KB_read100_round1.json   17.966666
./wdpc_bs4KB_read65_round3.json    17.82
./wdpc_bs512B_read65_round5.json   17.433332999999998
./wdpc_bs512B_read65_round2.json   17.04
./wdpc_bs8KB_read0_round3.json     17.006667
./wdpc_bs8KB_read65_round1.json    14.906667
