./wdpc_bs4KB_read100_round1.json     40.32
./wdpc_bs4KB_read100_round3.json     40.066666999999995
./wdpc_bs4KB_read100_round2.json     39.646666999999994
./wdpc_bs4KB_read0_round1.json       38.74
./wdpc_bs4KB_read0_round4.json       38.073333
./wdpc_bs4KB_read0_round2.json       38.053333
./wdpc_bs4KB_read0_round3.json       38.053333
./wdpc_bs4KB_read100_round5.json     37.32
./wdpc_bs4KB_read100_round4.json     37.08
./wdpc_bs4KB_read0_round5.json       36.8
./wdpc_bs8KB_read100_round3.json     30.52
./wdpc_bs8KB_read100_round1.json     30.473333
./wdpc_bs8KB_read100_round2.json     30.366667
./wdpc_bs8KB_read0_round3.json       30.332828
./wdpc_bs8KB_read100_round5.json     30.22
./wdpc_bs8KB_read0_round4.json       30.18
./wdpc_bs8KB_read0_round2.json       30.173333
./wdpc_bs8KB_read0_round5.json       30.113334000000002
./wdpc_bs8KB_read0_round1.json       29.972334000000004
./wdpc_bs8KB_read100_round4.json     29.633333999999998
./wdpc_bs16KB_read100_round3.json    24.726666
./wdpc_bs16KB_read100_round5.json    24.21293
./wdpc_bs16KB_read100_round1.json    24.126265
./wdpc_bs16KB_read100_round4.json    24.02
./wdpc_bs16KB_read100_round2.json    23.372944
./wdpc_bs16KB_read0_round5.json      22.779621
./wdpc_bs16KB_read0_round3.json      20.952984
./wdpc_bs16KB_read0_round2.json      20.679655
./wdpc_bs16KB_read0_round1.json      20.506325
./wdpc_bs16KB_read0_round4.json      20.479658999999998
./wdpc_bs32KB_read100_round4.json    19.866335
./wdpc_bs32KB_read100_round3.json    19.726008999999998
./wdpc_bs32KB_read100_round5.json    14.692843
./wdpc_bs32KB_read100_round2.json    14.586181
./wdpc_bs32KB_read100_round1.json    14.559514
./wdpc_bs32KB_read0_round3.json      14.502557
./wdpc_bs32KB_read0_round5.json      14.225954999999999
./wdpc_bs32KB_read0_round4.json      13.52599
./wdpc_bs128KB_read100_round2.json   12.564572000000002
./wdpc_bs128KB_read100_round4.json   12.357941
./wdpc_bs128KB_read100_round3.json   11.971339
./wdpc_bs32KB_read0_round1.json      11.745883
./wdpc_bs32KB_read0_round2.json      11.732942
./wdpc_bs128KB_read0_round2.json     9.597921
./wdpc_bs128KB_read0_round4.json     9.471124
./wdpc_bs128KB_read0_round1.json     9.071216
./wdpc_bs128KB_read100_round1.json   8.671889
./wdpc_bs128KB_read100_round5.json   8.291952
./wdpc_bs128KB_read0_round5.json     6.68533
./wdpc_bs128KB_read0_round3.json     6.545248000000001
./wdpc_bs1024KB_read0_round4.json    3.453151
./wdpc_bs1024KB_read0_round2.json    3.4008849999999997
./wdpc_bs1024KB_read100_round4.json  3.3221260000000004
./wdpc_bs1024KB_read100_round2.json  3.2288129999999997
./wdpc_bs1024KB_read100_round5.json  3.215498
./wdpc_bs1024KB_read0_round1.json    3.134202
./wdpc_bs1024KB_read0_round5.json    3.067761
./wdpc_bs1024KB_read0_round3.json    3.06776
./wdpc_bs1024KB_read100_round3.json  2.969275
./wdpc_bs1024KB_read100_round1.json  2.716288
