./wdpc_bs512B_read95_round4.json     27.233334000000003
./wdpc_bs512B_read50_round9.json     24.490000000000002
./wdpc_bs4KB_read50_round6.json      22.613332999999997
./wdpc_bs4KB_read50_round5.json      22.28
./wdpc_bs8KB_read100_round4.json     22.023333
./wdpc_bs4KB_read35_round8.json      21.962313
./wdpc_bs8KB_read100_round1.json     21.946666999999998
./wdpc_bs512B_read65_round3.json     21.825575999999998
./wdpc_bs512B_read50_round3.json     21.44857
./wdpc_bs8KB_read100_round5.json     21.176666
./wdpc_bs4KB_read65_round4.json      21.003332999999998
./wdpc_bs4KB_read65_round3.json      20.736321
./wdpc_bs4KB_read65_round5.json      19.903333
./wdpc_bs8KB_read95_round6.json      19.783333
./wdpc_bs512B_read100_round5.json    19.77
./wdpc_bs512B_read100_round2.json    19.736666
./wdpc_bs512B_read100_round4.json    19.496667
./wdpc_bs512B_read100_round3.json    19.486666999999997
./wdpc_bs512B_read50_round2.json     19.409029
./wdpc_bs512B_read100_round1.json    19.266666
./wdpc_bs8KB_read65_round11.json     18.869371
./wdpc_bs8KB_read95_round2.json      18.703333
./wdpc_bs8KB_read100_round3.json     18.543333
./wdpc_bs4KB_read65_round6.json      18.456204999999997
./wdpc_bs512B_read95_round5.json     18.16
./wdpc_bs8KB_read100_round2.json     17.773334
./wdpc_bs512B_read95_round1.json     17.111907000000002
./wdpc_bs512B_read95_round2.json     17.023191999999998
./wdpc_bs512B_read65_round5.json     16.953333
./wdpc_bs512B_read95_round3.json     16.926667
./wdpc_bs8KB_read95_round3.json      16.743333
./wdpc_bs4KB_read95_round5.json      16.673333
./wdpc_bs4KB_read100_round1.json     16.63
./wdpc_bs8KB_read50_round7.json      16.628892
./wdpc_bs4KB_read100_round4.json     16.580000000000002
./wdpc_bs4KB_read100_round5.json     16.453333
./wdpc_bs4KB_read35_round3.json      16.431964
./wdpc_bs8KB_read65_round10.json     16.279864
./wdpc_bs8KB_read65_round7.json      16.043334
./wdpc_bs4KB_read95_round4.json      16.02
./wdpc_bs4KB_read100_round3.json     16.016667
./wdpc_bs4KB_read100_round2.json     16
./wdpc_bs512B_read50_round8.json     15.976666
./wdpc_bs512B_read35_round8.json     15.958936000000001
./wdpc_bs512B_read50_round10.json    15.946667000000001
./wdpc_bs16KB_read100_round3.json    15.849736
./wdpc_bs8KB_read95_round4.json      15.832805
./wdpc_bs16KB_read95_round8.json     15.816403
./wdpc_bs512B_read65_round4.json     15.799737
./wdpc_bs8KB_read95_round5.json      15.776666
./wdpc_bs512B_read65_round8.json     15.69
./wdpc_bs4KB_read95_round3.json      15.623332999999999
./wdpc_bs8KB_read65_round5.json      15.516897
./wdpc_bs512B_read35_round6.json     15.476538000000001
./wdpc_bs8KB_read50_round3.json      15.426657
./wdpc_bs8KB_read65_round4.json      15.423077
./wdpc_bs16KB_read95_round3.json     15.406410000000001
./wdpc_bs512B_read50_round7.json     15.406409
./wdpc_bs4KB_read95_round1.json      15.266665999999999
./wdpc_bs512B_read50_round6.json     15.23
./wdpc_bs8KB_read65_round9.json      15.179747
./wdpc_bs8KB_read65_round12.json     15.166666
./wdpc_bs4KB_read95_round2.json      15.13
./wdpc_bs8KB_read65_round3.json      15.04
./wdpc_bs8KB_read95_round1.json      15.033334
./wdpc_bs4KB_read65_round7.json      14.969876
./wdpc_bs8KB_read50_round4.json      14.959502
./wdpc_bs8KB_read65_round8.json      14.92
./wdpc_bs16KB_read95_round5.json     14.713087999999999
./wdpc_bs8KB_read65_round6.json      14.620000000000001
./wdpc_bs8KB_read50_round5.json      14.602846
./wdpc_bs512B_read65_round7.json     14.569636000000001
./wdpc_bs4KB_read35_round6.json      14.472851
./wdpc_bs8KB_read50_round6.json      14.406306
./wdpc_bs16KB_read100_round2.json    14.36976
./wdpc_bs512B_read65_round2.json     14.339642000000001
./wdpc_bs8KB_read35_round7.json      14.285357000000001
./wdpc_bs8KB_read35_round8.json      14.189644999999999
./wdpc_bs4KB_read50_round3.json      14.136432
./wdpc_bs512B_read65_round6.json     14.103334
./wdpc_bs16KB_read100_round1.json    14.036667000000001
./wdpc_bs4KB_read50_round7.json      14.033332999999999
./wdpc_bs16KB_read100_round4.json    13.9631
./wdpc_bs4KB_read50_round4.json      13.929536
./wdpc_bs512B_read35_round5.json     13.872871
./wdpc_bs16KB_read95_round6.json     13.866435
./wdpc_bs8KB_read0_round8.json       13.86
./wdpc_bs16KB_read100_round5.json    13.796667
./wdpc_bs512B_read50_round1.json     13.597959999999999
./wdpc_bs4KB_read35_round5.json      13.542995
./wdpc_bs8KB_read65_round13.json     13.536553999999999
./wdpc_bs8KB_read65_round2.json      13.498425000000001
./wdpc_bs4KB_read0_round5.json       13.332889000000002
./wdpc_bs4KB_read35_round7.json      13.303334
./wdpc_bs512B_read35_round4.json     13.289779000000001
./wdpc_bs4KB_read35_round4.json      13.279779
./wdpc_bs8KB_read0_round9.json       13.259558000000002
./wdpc_bs512B_read35_round7.json     13.226447
./wdpc_bs8KB_read0_round7.json       13.006557999999998
./wdpc_bs8KB_read35_round6.json      13.00645
./wdpc_bs4KB_read0_round2.json       12.946451
./wdpc_bs4KB_read0_round3.json       12.886666
./wdpc_bs4KB_read5_round6.json       12.853119000000001
./wdpc_bs8KB_read35_round5.json      12.842690999999999
./wdpc_bs8KB_read0_round5.json       12.806239999999999
./wdpc_bs8KB_read0_round3.json       12.74915
./wdpc_bs16KB_read95_round9.json     12.719788
./wdpc_bs4KB_read0_round1.json       12.636666
./wdpc_bs4KB_read0_round4.json       12.573229000000001
./wdpc_bs4KB_read5_round8.json       12.474796
./wdpc_bs512B_read0_round4.json      12.353127
./wdpc_bs8KB_read35_round4.json      12.347325
./wdpc_bs4KB_read65_round2.json      12.303333
./wdpc_bs512B_read50_round4.json     12.299795
./wdpc_bs8KB_read0_round6.json       12.288362
./wdpc_bs8KB_read5_round8.json       12.259591
./wdpc_bs4KB_read50_round2.json      12.256156
./wdpc_bs512B_read0_round1.json      12.251292000000001
./wdpc_bs16KB_read65_round11.json    12.246259
./wdpc_bs32KB_read100_round2.json    12.209593
./wdpc_bs16KB_read95_round7.json     12.113132
./wdpc_bs16KB_read95_round1.json     12.006266
./wdpc_bs512B_read35_round3.json     11.959800999999999
./wdpc_bs4KB_read5_round7.json       11.846665999999999
./wdpc_bs8KB_read5_round5.json       11.779706000000001
./wdpc_bs16KB_read95_round2.json     11.746471
./wdpc_bs512B_read5_round6.json      11.680997000000001
./wdpc_bs512B_read5_round8.json      11.666083
./wdpc_bs4KB_read5_round5.json       11.618063000000001
./wdpc_bs32KB_read100_round1.json    11.57628
./wdpc_bs512B_read65_round1.json     11.373049000000002
./wdpc_bs16KB_read50_round7.json     11.362953999999998
./wdpc_bs8KB_read5_round7.json       11.34
./wdpc_bs8KB_read0_round2.json       11.127589
./wdpc_bs512B_read0_round3.json      11.119444
./wdpc_bs8KB_read5_round6.json       11.101298
./wdpc_bs512B_read35_round2.json     11.098336
./wdpc_bs32KB_read100_round3.json    11.096389
./wdpc_bs8KB_read50_round2.json      10.971322
./wdpc_bs4KB_read35_round2.json      10.85819
./wdpc_bs512B_read5_round7.json      10.836667
./wdpc_bs512B_read0_round5.json      10.786667000000001
./wdpc_bs4KB_read50_round1.json      10.73235
./wdpc_bs512B_read5_round5.json      10.665689
./wdpc_bs8KB_read35_round3.json      10.611034
./wdpc_bs16KB_read95_round4.json     10.609823
./wdpc_bs16KB_read65_round12.json    10.592803
./wdpc_bs16KB_read50_round6.json     10.586137
./wdpc_bs4KB_read5_round4.json       10.565346
./wdpc_bs512B_read0_round2.json      10.476579
./wdpc_bs16KB_read65_round8.json     10.439739
./wdpc_bs512B_read5_round4.json      10.376666
./wdpc_bs16KB_read65_round4.json     10.312713
./wdpc_bs16KB_read65_round9.json     10.266325
./wdpc_bs16KB_read65_round6.json     10.195647
./wdpc_bs512B_read5_round3.json      10.151303
./wdpc_bs8KB_read5_round4.json       9.832842
./wdpc_bs16KB_read50_round5.json     9.81634
./wdpc_bs8KB_read5_round3.json       9.729838
./wdpc_bs16KB_read35_round8.json     9.72692
./wdpc_bs16KB_read50_round4.json     9.720187
./wdpc_bs8KB_read65_round1.json      9.67586
./wdpc_bs16KB_read65_round5.json     9.656345
./wdpc_bs16KB_read65_round3.json     9.633092999999999
./wdpc_bs16KB_read65_round10.json    9.546508
./wdpc_bs4KB_read5_round3.json       9.497943
./wdpc_bs16KB_read35_round7.json     9.459685
./wdpc_bs16KB_read50_round3.json     9.128174
./wdpc_bs8KB_read0_round1.json       9.106667
./wdpc_bs8KB_read50_round1.json      9.03629
./wdpc_bs16KB_read0_round3.json      8.971165
./wdpc_bs8KB_read35_round2.json      8.954726
./wdpc_bs4KB_read65_round1.json      8.809853
./wdpc_bs16KB_read35_round5.json     8.762019
./wdpc_bs8KB_read0_round4.json       8.686377
./wdpc_bs32KB_read95_round5.json     8.609713
./wdpc_bs32KB_read95_round3.json     8.593047
./wdpc_bs16KB_read65_round7.json     8.363125
./wdpc_bs16KB_read5_round9.json      8.342568
./wdpc_bs4KB_read5_round2.json       8.299585
./wdpc_bs16KB_read0_round5.json      8.269724
./wdpc_bs16KB_read0_round6.json      8.266529
./wdpc_bs32KB_read95_round1.json     8.263058000000001
./wdpc_bs512B_read5_round2.json      8.256598
./wdpc_bs16KB_read35_round6.json     8.24945
./wdpc_bs32KB_read100_round7.json    8.239725
./wdpc_bs4KB_read35_round1.json      8.119797
./wdpc_bs32KB_read100_round6.json    8.116396
./wdpc_bs32KB_read100_round9.json    8.013066
./wdpc_bs512B_read50_round5.json     7.976534
./wdpc_bs16KB_read35_round4.json     7.929963000000001
./wdpc_bs32KB_read100_round5.json    7.916403
./wdpc_bs32KB_read100_round4.json    7.812943000000001
./wdpc_bs32KB_read100_round8.json    7.7864070000000005
./wdpc_bs32KB_read95_round4.json     7.69641
./wdpc_bs16KB_read50_round2.json     7.627394
./wdpc_bs64KB_read100_round3.json    7.586098
./wdpc_bs64KB_read95_round5.json     7.509187
./wdpc_bs512B_read35_round1.json     7.392533
./wdpc_bs32KB_read95_round6.json     7.379754
./wdpc_bs64KB_read65_round12.json    7.332293999999999
./wdpc_bs32KB_read95_round2.json     7.326423
./wdpc_bs16KB_read5_round7.json      7.220806
./wdpc_bs64KB_read65_round15.json    7.135834
./wdpc_bs16KB_read5_round6.json      7.129287000000001
./wdpc_bs64KB_read65_round9.json     7.129287
./wdpc_bs16KB_read35_round3.json     7.106192999999999
./wdpc_bs64KB_read95_round6.json     7.056079
./wdpc_bs128KB_read100_round2.json   6.998833
./wdpc_bs16KB_read0_round4.json      6.9531019999999994
./wdpc_bs8KB_read5_round2.json       6.908848000000001
./wdpc_bs16KB_read65_round2.json     6.9016079999999995
./wdpc_bs16KB_read50_round1.json     6.841851
./wdpc_bs16KB_read5_round8.json      6.709776
./wdpc_bs16KB_read5_round5.json      6.632890999999999
./wdpc_bs128KB_read100_round5.json   6.608898
./wdpc_bs16KB_read0_round2.json      6.606280999999999
./wdpc_bs32KB_read65_round4.json     6.603781
./wdpc_bs128KB_read100_round4.json   6.559016
./wdpc_bs128KB_read95_round7.json    6.408879
./wdpc_bs16KB_read65_round1.json     6.3865609999999995
./wdpc_bs32KB_read65_round3.json     6.339789000000001
./wdpc_bs64KB_read100_round1.json    6.336244
./wdpc_bs64KB_read50_round6.json     6.274261
./wdpc_bs32KB_read50_round7.json     6.27353
./wdpc_bs64KB_read65_round14.json    6.246147
./wdpc_bs64KB_read65_round5.json     6.1558459999999995
./wdpc_bs8KB_read35_round1.json      6.14918
./wdpc_bs64KB_read95_round4.json     6.146154
./wdpc_bs64KB_read95_round2.json     6.142822
./wdpc_bs16KB_read35_round2.json     6.118267
./wdpc_bs128KB_read95_round3.json    6.102317
./wdpc_bs16KB_read5_round4.json      6.071917
./wdpc_bs32KB_read65_round6.json     5.972935
./wdpc_bs64KB_read100_round4.json    5.9395050000000005
./wdpc_bs32KB_read65_round5.json     5.906272
./wdpc_bs32KB_read50_round6.json     5.905092
./wdpc_bs128KB_read95_round5.json    5.862356
./wdpc_bs32KB_read50_round5.json     5.844962
./wdpc_bs32KB_read35_round8.json     5.720855
./wdpc_bs64KB_read65_round7.json     5.717618
./wdpc_bs64KB_read50_round7.json     5.665911
./wdpc_bs32KB_read0_round2.json      5.649671
./wdpc_bs512B_read5_round1.json      5.649388
./wdpc_bs64KB_read95_round1.json     5.639530000000001
./wdpc_bs32KB_read50_round3.json     5.632864
./wdpc_bs128KB_read95_round1.json    5.551159
./wdpc_bs32KB_read35_round5.json     5.532089
./wdpc_bs32KB_read50_round4.json     5.502829
./wdpc_bs128KB_read65_round17.json   5.475389
./wdpc_bs16KB_read5_round3.json      5.47151
./wdpc_bs4KB_read5_round1.json       5.466211
./wdpc_bs32KB_read5_round6.json      5.459966
./wdpc_bs64KB_read100_round5.json    5.456212000000001
./wdpc_bs64KB_read35_round9.json     5.412521
./wdpc_bs32KB_read35_round7.json     5.336887
./wdpc_bs32KB_read35_round9.json     5.323067
./wdpc_bs32KB_read0_round5.json      5.278681000000001
./wdpc_bs128KB_read95_round6.json    5.245617
./wdpc_bs64KB_read65_round13.json    5.22597
./wdpc_bs128KB_read100_round1.json   5.2058420000000005
./wdpc_bs64KB_read95_round3.json     5.196233
./wdpc_bs32KB_read35_round6.json     5.186494
./wdpc_bs64KB_read65_round10.json    5.169526
./wdpc_bs128KB_read65_round10.json   5.161398
./wdpc_bs64KB_read100_round2.json    5.159613
./wdpc_bs64KB_read50_round4.json     5.159355
./wdpc_bs64KB_read0_round5.json      5.110991
./wdpc_bs64KB_read0_round4.json      5.101378
./wdpc_bs64KB_read35_round8.json     5.088754
./wdpc_bs64KB_read65_round11.json    5.069408
./wdpc_bs32KB_read65_round2.json     5.064388
./wdpc_bs32KB_read0_round6.json      5.049830999999999
./wdpc_bs64KB_read50_round5.json     4.95259
./wdpc_bs32KB_read5_round4.json      4.936956
./wdpc_bs64KB_read65_round6.json     4.919632
./wdpc_bs64KB_read5_round9.json      4.883163
./wdpc_bs32KB_read35_round4.json     4.87427
./wdpc_bs16KB_read0_round1.json      4.8532530000000005
./wdpc_bs64KB_read35_round4.json     4.848828
./wdpc_bs32KB_read5_round8.json      4.796962
./wdpc_bs128KB_read50_round5.json    4.793285
./wdpc_bs32KB_read0_round3.json      4.775473
./wdpc_bs64KB_read50_round3.json     4.75703
./wdpc_bs128KB_read65_round16.json   4.662323000000001
./wdpc_bs128KB_read35_round10.json   4.642173
./wdpc_bs64KB_read65_round4.json     4.616282
./wdpc_bs8KB_read5_round1.json       4.609847
./wdpc_bs128KB_read100_round3.json   4.592607
./wdpc_bs64KB_read35_round6.json     4.591612
./wdpc_bs32KB_read0_round1.json      4.572952
./wdpc_bs32KB_read5_round7.json      4.527812
./wdpc_bs128KB_read0_round6.json     4.485596
./wdpc_bs128KB_read65_round13.json   4.465699
./wdpc_bs32KB_read0_round4.json      4.412965
./wdpc_bs32KB_read50_round2.json     4.410944000000001
./wdpc_bs128KB_read65_round11.json   4.398092
./wdpc_bs64KB_read35_round5.json     4.3886519999999996
./wdpc_bs128KB_read65_round14.json   4.382275
./wdpc_bs32KB_read5_round9.json      4.376485000000001
./wdpc_bs128KB_read50_round4.json    4.29871
./wdpc_bs64KB_read65_round2.json     4.295812
./wdpc_bs128KB_read95_round2.json    4.279287
./wdpc_bs64KB_read5_round5.json      4.241012
./wdpc_bs64KB_read65_round3.json     4.23867
./wdpc_bs32KB_read5_round5.json      4.222665
./wdpc_bs64KB_read5_round8.json      4.212701
./wdpc_bs128KB_read35_round7.json    4.148928
./wdpc_bs32KB_read35_round3.json     4.143352
./wdpc_bs128KB_read65_round8.json    4.098293
./wdpc_bs128KB_read0_round7.json     4.089046
./wdpc_bs128KB_read95_round4.json    4.035994
./wdpc_bs64KB_read0_round3.json      3.9998329999999997
./wdpc_bs128KB_read5_round6.json     3.934983
./wdpc_bs128KB_read65_round9.json    3.9189879999999997
./wdpc_bs128KB_read0_round5.json     3.9120619999999997
./wdpc_bs64KB_read5_round6.json      3.9066790000000005
./wdpc_bs32KB_read65_round1.json     3.905755
./wdpc_bs64KB_read0_round2.json      3.896082
./wdpc_bs128KB_read65_round15.json   3.8657969999999997
./wdpc_bs64KB_read5_round4.json      3.856199
./wdpc_bs128KB_read65_round6.json    3.823385
./wdpc_bs64KB_read0_round1.json      3.819491
./wdpc_bs128KB_read35_round8.json    3.764658
./wdpc_bs32KB_read5_round3.json      3.764251
./wdpc_bs128KB_read35_round9.json    3.7556649999999996
./wdpc_bs16KB_read5_round2.json      3.749001
./wdpc_bs64KB_read35_round3.json     3.739127
./wdpc_bs64KB_read65_round8.json     3.736262
./wdpc_bs128KB_read35_round11.json   3.734457
./wdpc_bs128KB_read50_round6.json    3.7325239999999997
./wdpc_bs128KB_read0_round4.json     3.642356
./wdpc_bs64KB_read35_round7.json     3.636939
./wdpc_bs16KB_read35_round1.json     3.625307
./wdpc_bs64KB_read50_round2.json     3.455019
./wdpc_bs128KB_read35_round3.json    3.424857
./wdpc_bs128KB_read50_round7.json    3.4124800000000004
./wdpc_bs128KB_read50_round3.json    3.395789
./wdpc_bs128KB_read0_round3.json     3.3946579999999997
./wdpc_bs32KB_read5_round2.json      3.3462199999999998
./wdpc_bs128KB_read0_round1.json     3.322392
./wdpc_bs128KB_read5_round8.json     3.30518
./wdpc_bs128KB_read65_round7.json    3.2725429999999998
./wdpc_bs128KB_read5_round9.json     3.232526
./wdpc_bs32KB_read35_round2.json     3.205865
./wdpc_bs128KB_read35_round5.json    3.1932869999999998
./wdpc_bs64KB_read35_round2.json     3.1920650000000004
./wdpc_bs128KB_read35_round4.json    3.1066279999999997
./wdpc_bs32KB_read50_round1.json     3.033182
./wdpc_bs128KB_read5_round3.json     2.963037
./wdpc_bs128KB_read50_round2.json    2.9437170000000004
./wdpc_bs64KB_read0_round6.json      2.936178
./wdpc_bs128KB_read65_round5.json    2.921238
./wdpc_bs128KB_read65_round3.json    2.8951710000000004
./wdpc_bs64KB_read65_round1.json     2.862284
./wdpc_bs128KB_read0_round2.json     2.754039
./wdpc_bs64KB_read5_round7.json      2.745744
./wdpc_bs128KB_read65_round12.json   2.716237
./wdpc_bs128KB_read35_round2.json    2.703534
./wdpc_bs128KB_read5_round4.json     2.675106
./wdpc_bs64KB_read50_round1.json     2.6571
./wdpc_bs16KB_read5_round1.json      2.622503
./wdpc_bs128KB_read65_round4.json    2.588124
./wdpc_bs64KB_read5_round2.json      2.552567
./wdpc_bs128KB_read65_round2.json    2.495419
./wdpc_bs128KB_read50_round1.json    2.439268
./wdpc_bs128KB_read5_round7.json     2.384119
./wdpc_bs32KB_read35_round1.json     2.383095
./wdpc_bs128KB_read35_round6.json    2.379212
./wdpc_bs128KB_read5_round5.json     2.2269680000000003
./wdpc_bs128KB_read5_round2.json     2.1898109999999997
./wdpc_bs64KB_read35_round1.json     2.093019
./wdpc_bs64KB_read5_round3.json      2.079677
./wdpc_bs32KB_read5_round1.json      1.772402
./wdpc_bs128KB_read65_round1.json    1.6624880000000002
./wdpc_bs1024KB_read100_round5.json  1.644406
./wdpc_bs1024KB_read100_round2.json  1.624419
./wdpc_bs1024KB_read100_round4.json  1.621118
./wdpc_bs1024KB_read100_round1.json  1.611198
./wdpc_bs1024KB_read0_round5.json    1.565137
./wdpc_bs1024KB_read95_round7.json   1.557819
./wdpc_bs1024KB_read95_round6.json   1.537886
./wdpc_bs1024KB_read5_round11.json   1.532745
./wdpc_bs1024KB_read5_round19.json   1.5270860000000002
./wdpc_bs1024KB_read95_round5.json   1.521153
./wdpc_bs1024KB_read100_round3.json  1.5180770000000001
./wdpc_bs1024KB_read95_round4.json   1.434754
./wdpc_bs1024KB_read50_round9.json   1.42442
./wdpc_bs1024KB_read95_round3.json   1.404676
./wdpc_bs1024KB_read0_round3.json    1.4018890000000002
./wdpc_bs1024KB_read5_round18.json   1.400575
./wdpc_bs1024KB_read35_round8.json   1.389916
./wdpc_bs1024KB_read50_round8.json   1.389716
./wdpc_bs1024KB_read0_round7.json    1.380836
./wdpc_bs1024KB_read5_round21.json   1.367113
./wdpc_bs1024KB_read5_round15.json   1.3539189999999999
./wdpc_bs1024KB_read5_round20.json   1.3512279999999999
./wdpc_bs1024KB_read65_round9.json   1.343623
./wdpc_bs1024KB_read50_round6.json   1.336136
./wdpc_bs1024KB_read5_round12.json   1.332907
./wdpc_bs1024KB_read50_round10.json  1.321176
./wdpc_bs1024KB_read0_round10.json   1.3109950000000001
./wdpc_bs1024KB_read35_round10.json  1.310832
./wdpc_bs1024KB_read0_round4.json    1.307635
./wdpc_bs128KB_read35_round1.json    1.3073199999999998
./wdpc_bs1024KB_read50_round7.json   1.297556
./wdpc_bs1024KB_read0_round9.json    1.297028
./wdpc_bs1024KB_read5_round9.json    1.2908810000000002
./wdpc_bs1024KB_read65_round10.json  1.287725
./wdpc_bs1024KB_read0_round8.json    1.264017
./wdpc_bs1024KB_read5_round17.json   1.257542
./wdpc_bs1024KB_read0_round11.json   1.255261
./wdpc_bs1024KB_read5_round14.json   1.251092
./wdpc_bs1024KB_read5_round16.json   1.247795
./wdpc_bs1024KB_read95_round2.json   1.234958
./wdpc_bs1024KB_read35_round11.json  1.2210130000000001
./wdpc_bs1024KB_read95_round1.json   1.205029
./wdpc_bs1024KB_read35_round7.json   1.189067
./wdpc_bs1024KB_read50_round4.json   1.180135
./wdpc_bs1024KB_read5_round8.json    1.1756920000000002
./wdpc_bs1024KB_read65_round7.json   1.1468829999999999
./wdpc_bs1024KB_read35_round9.json   1.117987
./wdpc_bs1024KB_read65_round8.json   1.081531
./wdpc_bs1024KB_read35_round6.json   1.077523
./wdpc_bs64KB_read5_round1.json      1.0698210000000001
./wdpc_bs1024KB_read35_round4.json   1.069004
./wdpc_bs1024KB_read5_round6.json    1.0663749999999999
./wdpc_bs1024KB_read65_round6.json   1.065769
./wdpc_bs1024KB_read5_round5.json    1.060913
./wdpc_bs1024KB_read0_round6.json    1.0347870000000001
./wdpc_bs1024KB_read0_round2.json    1.013113
./wdpc_bs1024KB_read50_round3.json   0.999671
./wdpc_bs1024KB_read65_round5.json   0.997779
./wdpc_bs128KB_read5_round1.json     0.946177
./wdpc_bs1024KB_read5_round13.json   0.894914
./wdpc_bs1024KB_read65_round4.json   0.8915740000000001
./wdpc_bs1024KB_read35_round5.json   0.887888
./wdpc_bs1024KB_read50_round5.json   0.8551489999999999
./wdpc_bs1024KB_read0_round1.json    0.815329
./wdpc_bs1024KB_read5_round4.json    0.809642
./wdpc_bs1024KB_read50_round2.json   0.8062670000000001
./wdpc_bs1024KB_read35_round3.json   0.77981
./wdpc_bs1024KB_read5_round3.json    0.7623770000000001
./wdpc_bs1024KB_read65_round3.json   0.7342960000000001
./wdpc_bs1024KB_read5_round7.json    0.716756
./wdpc_bs1024KB_read35_round2.json   0.700921
./wdpc_bs1024KB_read5_round10.json   0.6105149999999999
./wdpc_bs1024KB_read50_round1.json   0.556491
./wdpc_bs1024KB_read65_round2.json   0.5384340000000001
./wdpc_bs1024KB_read5_round2.json    0.492494
./wdpc_bs1024KB_read65_round1.json   0.40180499999999997
./wdpc_bs1024KB_read5_round1.json    0.329476
./wdpc_bs1024KB_read35_round1.json   0.31842099999999995
