./wdpc_bs512B_read100_round3.json    49.658753000000004
./wdpc_bs4KB_read100_round5.json     49.645832999999996
./wdpc_bs4KB_read100_round4.json     49.644999999999996
./wdpc_bs8KB_read100_round3.json     49.643753
./wdpc_bs4KB_read100_round8.json     49.641667000000005
./wdpc_bs512B_read100_round4.json    49.6375
./wdpc_bs8KB_read100_round4.json     49.629586
./wdpc_bs8KB_read100_round2.json     49.622085999999996
./wdpc_bs8KB_read100_round5.json     49.62042
./wdpc_bs512B_read100_round5.json    49.620419999999996
./wdpc_bs512B_read100_round1.json    49.617086
./wdpc_bs512B_read100_round2.json    49.613754
./wdpc_bs8KB_read100_round1.json     49.61334
./wdpc_bs4KB_read100_round6.json     49.585
./wdpc_bs4KB_read100_round2.json     49.580833999999996
./wdpc_bs4KB_read100_round7.json     49.50750000000001
./wdpc_bs4KB_read100_round1.json     49.394166
./wdpc_bs512B_read95_round4.json     48.018333
./wdpc_bs512B_read95_round5.json     48.0171
./wdpc_bs4KB_read95_round1.json      47.920833
./wdpc_bs512B_read95_round1.json     47.457938
./wdpc_bs4KB_read95_round5.json      47.232105999999995
./wdpc_bs4KB_read95_round2.json      47.183334
./wdpc_bs4KB_read95_round3.json      47.114999999999995
./wdpc_bs512B_read95_round3.json     47.083334
./wdpc_bs512B_read95_round2.json     47.068332999999996
./wdpc_bs8KB_read95_round5.json      45.877569
./wdpc_bs8KB_read95_round4.json      45.497575
./wdpc_bs8KB_read95_round1.json      45.059788999999995
./wdpc_bs8KB_read95_round3.json      44.920833
./wdpc_bs4KB_read95_round4.json      44.808333
./wdpc_bs8KB_read95_round2.json      44.5575
./wdpc_bs4KB_read100_round3.json     43.13083399999999
./wdpc_bs4KB_read65_round5.json      42.840239
./wdpc_bs4KB_read65_round3.json      42.753333
./wdpc_bs512B_read65_round6.json     42.700122
./wdpc_bs512B_read65_round9.json     42.585833
./wdpc_bs512B_read65_round4.json     42.542269
./wdpc_bs512B_read65_round10.json    42.49047899999999
./wdpc_bs4KB_read65_round4.json      42.441792
./wdpc_bs4KB_read50_round4.json      42.1325
./wdpc_bs512B_read65_round3.json     42.128333999999995
./wdpc_bs4KB_read50_round5.json      42.090132
./wdpc_bs512B_read50_round4.json     42.010616999999996
./wdpc_bs4KB_read50_round3.json      41.753819
./wdpc_bs4KB_read65_round2.json      41.752984999999995
./wdpc_bs512B_read65_round8.json     41.683125000000004
./wdpc_bs512B_read50_round5.json     41.598127
./wdpc_bs512B_read65_round7.json     41.2973
./wdpc_bs512B_read65_round2.json     41.148824000000005
./wdpc_bs512B_read50_round2.json     41.131324
./wdpc_bs4KB_read35_round4.json      40.249166
./wdpc_bs512B_read35_round6.json     40.119825
./wdpc_bs4KB_read35_round3.json      40.106498
./wdpc_bs512B_read35_round5.json     39.769839
./wdpc_bs512B_read35_round4.json     39.57
./wdpc_bs512B_read50_round1.json     38.836853
./wdpc_bs4KB_read50_round2.json      38.684167
./wdpc_bs4KB_read65_round1.json      38.501858
./wdpc_bs4KB_read50_round1.json      38.45186
./wdpc_bs4KB_read35_round5.json      38.225515
./wdpc_bs512B_read35_round3.json     38.092064
./wdpc_bs512B_read65_round1.json     37.599166
./wdpc_bs512B_read50_round3.json     37.348233
./wdpc_bs4KB_read35_round2.json      37.339589000000004
./wdpc_bs4KB_read35_round6.json      37.020525
./wdpc_bs512B_read35_round2.json     36.69961
./wdpc_bs4KB_read5_round5.json       32.846953
./wdpc_bs4KB_read5_round4.json       32.447792
./wdpc_bs512B_read65_round5.json     32.141667
./wdpc_bs4KB_read5_round6.json       32.100566
./wdpc_bs512B_read5_round4.json      31.650000000000002
./wdpc_bs512B_read5_round5.json      31.377598
./wdpc_bs8KB_read65_round5.json      31.369166999999997
./wdpc_bs4KB_read35_round1.json      31.268073
./wdpc_bs8KB_read50_round5.json      31.239792
./wdpc_bs8KB_read65_round4.json      31.212500000000002
./wdpc_bs512B_read5_round6.json      31.205887
./wdpc_bs4KB_read5_round3.json       31.168907
./wdpc_bs8KB_read50_round4.json      31.154221
./wdpc_bs8KB_read65_round3.json      31.064166999999998
./wdpc_bs8KB_read50_round3.json      30.911727
./wdpc_bs4KB_read0_round3.json       30.748911
./wdpc_bs4KB_read0_round4.json       30.698332999999998
./wdpc_bs8KB_read35_round6.json      30.447499999999998
./wdpc_bs8KB_read65_round6.json      30.213663
./wdpc_bs8KB_read50_round2.json      30.124327
./wdpc_bs4KB_read5_round2.json       30.03475
./wdpc_bs8KB_read35_round4.json      30.031166000000002
./wdpc_bs512B_read35_round1.json     29.975752
./wdpc_bs512B_read0_round4.json      29.925086
./wdpc_bs8KB_read65_round2.json      29.904836000000003
./wdpc_bs8KB_read35_round5.json      29.90067
./wdpc_bs512B_read0_round3.json      29.755675
./wdpc_bs512B_read0_round5.json      29.737837999999996
./wdpc_bs4KB_read0_round2.json       29.728086
./wdpc_bs8KB_read35_round3.json      29.347110999999998
./wdpc_bs512B_read5_round3.json      29.332844
./wdpc_bs512B_read5_round2.json      29.229999999999997
./wdpc_bs4KB_read0_round1.json       29.083333
./wdpc_bs512B_read0_round2.json      29.060349000000002
./wdpc_bs4KB_read0_round5.json       29.038333
./wdpc_bs512B_read0_round1.json      28.652023
./wdpc_bs8KB_read50_round1.json      28.254058
./wdpc_bs8KB_read35_round2.json      27.945502
./wdpc_bs8KB_read65_round1.json      26.326842000000003
./wdpc_bs16KB_read100_round5.json    25.970616999999997
./wdpc_bs16KB_read100_round4.json    25.932284
./wdpc_bs16KB_read100_round3.json    25.894784
./wdpc_bs16KB_read100_round2.json    25.832285000000002
./wdpc_bs16KB_read100_round1.json    25.746451999999998
./wdpc_bs8KB_read5_round6.json       25.21729
./wdpc_bs8KB_read5_round5.json       25.187914
./wdpc_bs8KB_read5_round4.json       25.052082000000002
./wdpc_bs8KB_read5_round3.json       24.667511
./wdpc_bs16KB_read95_round4.json     24.607295
./wdpc_bs16KB_read95_round5.json     24.495425
./wdpc_bs4KB_read5_round1.json       24.289798
./wdpc_bs16KB_read95_round1.json     24.278762
./wdpc_bs16KB_read95_round3.json     24.262298
./wdpc_bs16KB_read95_round2.json     24.129799
./wdpc_bs8KB_read0_round3.json       23.813769999999998
./wdpc_bs8KB_read0_round1.json       23.761271
./wdpc_bs8KB_read0_round4.json       23.728969
./wdpc_bs8KB_read0_round2.json       23.38461
./wdpc_bs8KB_read0_round5.json       23.281473
./wdpc_bs8KB_read5_round2.json       22.596746000000003
./wdpc_bs8KB_read35_round1.json      21.891952999999997
./wdpc_bs512B_read5_round1.json      21.719638
./wdpc_bs16KB_read65_round11.json    19.032858
./wdpc_bs16KB_read65_round4.json     18.939842
./wdpc_bs16KB_read65_round10.json    18.932026
./wdpc_bs16KB_read65_round3.json     18.864686
./wdpc_bs16KB_read65_round8.json     18.862343
./wdpc_bs16KB_read65_round9.json     18.750573
./wdpc_bs16KB_read65_round7.json     18.679377
./wdpc_bs16KB_read65_round5.json     18.652867
./wdpc_bs16KB_read50_round5.json     18.476051000000002
./wdpc_bs16KB_read50_round4.json     18.312875000000002
./wdpc_bs16KB_read65_round2.json     18.229239999999997
./wdpc_bs16KB_read35_round4.json     18.194392999999998
./wdpc_bs16KB_read50_round2.json     18.180076
./wdpc_bs16KB_read50_round3.json     18.145608
./wdpc_bs16KB_read35_round6.json     18.071215
./wdpc_bs16KB_read35_round3.json     18.001066
./wdpc_bs16KB_read5_round5.json      17.646520000000002
./wdpc_bs16KB_read35_round5.json     17.62152
./wdpc_bs16KB_read5_round6.json      17.564560999999998
./wdpc_bs16KB_read35_round2.json     17.186237
./wdpc_bs8KB_read5_round1.json       17.116666
./wdpc_bs16KB_read0_round4.json      17.07374
./wdpc_bs16KB_read0_round3.json      17.047216
./wdpc_bs16KB_read5_round4.json      16.988742000000002
./wdpc_bs16KB_read5_round3.json      16.971242
./wdpc_bs16KB_read50_round1.json     16.963743
./wdpc_bs16KB_read0_round5.json      16.761387
./wdpc_bs16KB_read0_round2.json      16.537363
./wdpc_bs16KB_read0_round1.json      16.253624
./wdpc_bs16KB_read65_round1.json     15.952234
./wdpc_bs32KB_read100_round5.json    15.785439
./wdpc_bs16KB_read5_round2.json      15.741404
./wdpc_bs32KB_read100_round3.json    15.662109
./wdpc_bs32KB_read100_round4.json    15.628776
./wdpc_bs32KB_read100_round2.json    15.318784
./wdpc_bs32KB_read100_round1.json    14.966293
./wdpc_bs32KB_read95_round4.json     14.918421
./wdpc_bs32KB_read95_round3.json     14.862962
./wdpc_bs32KB_read95_round2.json     14.753798
./wdpc_bs32KB_read95_round5.json     14.617968000000001
./wdpc_bs32KB_read95_round1.json     14.402854
./wdpc_bs16KB_read35_round1.json     13.840539
./wdpc_bs16KB_read5_round1.json      12.258655000000001
./wdpc_bs32KB_read65_round4.json     11.613586000000002
./wdpc_bs32KB_read65_round3.json     11.597753
./wdpc_bs32KB_read5_round4.json      11.561185
./wdpc_bs32KB_read65_round5.json     11.521091
./wdpc_bs32KB_read5_round6.json      11.420715000000001
./wdpc_bs32KB_read65_round6.json     11.372765000000001
./wdpc_bs32KB_read0_round3.json      11.171294
./wdpc_bs32KB_read0_round2.json      11.15166
./wdpc_bs32KB_read5_round5.json      11.127684
./wdpc_bs32KB_read65_round2.json     11.069539
./wdpc_bs32KB_read0_round1.json      11.061021
./wdpc_bs32KB_read0_round4.json      11.057223
./wdpc_bs32KB_read5_round3.json      11.056394000000001
./wdpc_bs32KB_read0_round5.json      10.859548
./wdpc_bs32KB_read35_round6.json     10.837430000000001
./wdpc_bs32KB_read50_round4.json     10.812612999999999
./wdpc_bs32KB_read50_round5.json     10.746873
./wdpc_bs32KB_read35_round4.json     10.705387
./wdpc_bs32KB_read50_round2.json     10.669377
./wdpc_bs32KB_read35_round3.json     10.648881
./wdpc_bs32KB_read35_round5.json     10.594118
./wdpc_bs32KB_read50_round3.json     10.512369
./wdpc_bs16KB_read65_round6.json     10.370747
./wdpc_bs32KB_read5_round2.json      10.342788
./wdpc_bs32KB_read35_round2.json     10.149492
./wdpc_bs32KB_read65_round1.json     10.032163
./wdpc_bs32KB_read50_round1.json     9.930674
./wdpc_bs64KB_read100_round1.json    9.881842
./wdpc_bs64KB_read100_round2.json    9.873591
./wdpc_bs64KB_read100_round4.json    9.865176
./wdpc_bs64KB_read100_round5.json    9.820179
./wdpc_bs64KB_read100_round3.json    9.773434
./wdpc_bs64KB_read95_round3.json     9.54472
./wdpc_bs64KB_read95_round5.json     9.460203
./wdpc_bs64KB_read95_round4.json     9.406039
./wdpc_bs64KB_read95_round1.json     9.350966
./wdpc_bs64KB_read95_round2.json     9.344377000000001
./wdpc_bs32KB_read35_round1.json     8.376942
./wdpc_bs64KB_read5_round6.json      8.0033
./wdpc_bs64KB_read5_round5.json      7.963037999999999
./wdpc_bs64KB_read5_round4.json      7.956372999999999
./wdpc_bs64KB_read0_round4.json      7.896447
./wdpc_bs64KB_read5_round3.json      7.883468
./wdpc_bs64KB_read65_round3.json     7.874915
./wdpc_bs64KB_read0_round3.json      7.812487000000001
./wdpc_bs64KB_read65_round5.json     7.810183
./wdpc_bs64KB_read65_round2.json     7.800757
./wdpc_bs64KB_read0_round5.json      7.800626
./wdpc_bs64KB_read0_round2.json      7.776658
./wdpc_bs32KB_read5_round1.json      7.760437
./wdpc_bs64KB_read65_round4.json     7.732496
./wdpc_bs64KB_read50_round5.json     7.63507
./wdpc_bs64KB_read50_round2.json     7.586161
./wdpc_bs64KB_read50_round3.json     7.560077999999999
./wdpc_bs64KB_read5_round2.json      7.525663
./wdpc_bs64KB_read0_round1.json      7.5222679999999995
./wdpc_bs64KB_read50_round4.json     7.419135
./wdpc_bs64KB_read35_round6.json     7.41864
./wdpc_bs64KB_read35_round4.json     7.365746
./wdpc_bs64KB_read35_round3.json     7.359264
./wdpc_bs64KB_read35_round5.json     7.309493
./wdpc_bs64KB_read35_round2.json     7.267424999999999
./wdpc_bs64KB_read50_round1.json     7.244155
./wdpc_bs64KB_read65_round1.json     7.219277999999999
./wdpc_bs128KB_read100_round2.json   6.964905
./wdpc_bs128KB_read95_round5.json    6.941575
./wdpc_bs128KB_read100_round5.json   6.939966
./wdpc_bs128KB_read95_round3.json    6.919738
./wdpc_bs128KB_read100_round1.json   6.917352999999999
./wdpc_bs128KB_read100_round4.json   6.9123540000000006
./wdpc_bs128KB_read95_round2.json    6.909021
./wdpc_bs128KB_read95_round4.json    6.90224
./wdpc_bs128KB_read95_round1.json    6.866356
./wdpc_bs128KB_read100_round3.json   6.861699
./wdpc_bs128KB_read5_round4.json     6.568358
./wdpc_bs128KB_read5_round5.json     6.509259999999999
./wdpc_bs128KB_read5_round6.json     6.48749
./wdpc_bs64KB_read35_round1.json     6.472363
./wdpc_bs128KB_read65_round3.json    6.401432999999999
./wdpc_bs128KB_read50_round2.json    6.399393
./wdpc_bs128KB_read5_round3.json     6.39856
./wdpc_bs128KB_read50_round3.json    6.391595000000001
./wdpc_bs128KB_read0_round1.json     6.389342
./wdpc_bs128KB_read50_round5.json    6.384504000000001
./wdpc_bs128KB_read0_round2.json     6.350132
./wdpc_bs128KB_read35_round3.json    6.3323730000000005
./wdpc_bs128KB_read0_round4.json     6.317587
./wdpc_bs128KB_read65_round2.json    6.289680000000001
./wdpc_bs128KB_read0_round5.json     6.285305
./wdpc_bs128KB_read5_round2.json     6.284501
./wdpc_bs128KB_read0_round3.json     6.2410440000000005
./wdpc_bs128KB_read50_round4.json    6.228495000000001
./wdpc_bs128KB_read65_round4.json    6.18975
./wdpc_bs128KB_read65_round5.json    6.183033
./wdpc_bs64KB_read5_round1.json      6.181642
./wdpc_bs128KB_read35_round5.json    6.1752769999999995
./wdpc_bs128KB_read35_round2.json    6.142887
./wdpc_bs128KB_read35_round4.json    6.139401
./wdpc_bs128KB_read50_round1.json    6.094868
./wdpc_bs128KB_read65_round1.json    5.839027
./wdpc_bs128KB_read35_round1.json    5.576245
./wdpc_bs128KB_read5_round1.json     5.516954
./wdpc_bs1024KB_read0_round5.json    4.8446929999999995
./wdpc_bs1024KB_read0_round2.json    4.840065
./wdpc_bs1024KB_read5_round4.json    4.786265
./wdpc_bs1024KB_read5_round5.json    4.769232000000001
./wdpc_bs1024KB_read5_round6.json    4.7454719999999995
./wdpc_bs1024KB_read0_round1.json    4.721901
./wdpc_bs1024KB_read0_round3.json    4.719045
./wdpc_bs1024KB_read0_round4.json    4.718653
./wdpc_bs1024KB_read35_round5.json   4.668536
./wdpc_bs1024KB_read5_round3.json    4.660389
./wdpc_bs1024KB_read35_round4.json   4.652633
./wdpc_bs1024KB_read35_round2.json   4.632718000000001
./wdpc_bs1024KB_read35_round6.json   4.580775
./wdpc_bs1024KB_read50_round4.json   4.556838
./wdpc_bs1024KB_read35_round3.json   4.544622
./wdpc_bs1024KB_read5_round2.json    4.535813
./wdpc_bs1024KB_read50_round3.json   4.524763
./wdpc_bs1024KB_read65_round5.json   4.492764
./wdpc_bs1024KB_read65_round4.json   4.455351
./wdpc_bs1024KB_read50_round5.json   4.452966
./wdpc_bs1024KB_read65_round2.json   4.436375
./wdpc_bs1024KB_read50_round2.json   4.382338000000001
./wdpc_bs1024KB_read65_round3.json   4.381907
./wdpc_bs1024KB_read50_round1.json   4.240345
./wdpc_bs1024KB_read95_round4.json   4.195379
./wdpc_bs1024KB_read95_round3.json   4.174746
./wdpc_bs1024KB_read95_round5.json   4.133689
./wdpc_bs1024KB_read95_round2.json   4.123874
./wdpc_bs1024KB_read100_round3.json  4.119919
./wdpc_bs1024KB_read100_round2.json  4.072138
./wdpc_bs1024KB_read95_round1.json   3.991145
./wdpc_bs1024KB_read35_round1.json   3.987501
./wdpc_bs1024KB_read100_round4.json  3.9818550000000004
./wdpc_bs1024KB_read100_round5.json  3.9800910000000003
./wdpc_bs1024KB_read100_round1.json  3.944204
./wdpc_bs1024KB_read65_round1.json   3.8412569999999997
./wdpc_bs1024KB_read5_round1.json    3.667382
