./wdpc_bs4KB_read100_round3.json     55.006665999999996
./wdpc_bs4KB_read0_round1.json       53.026666
./wdpc_bs4KB_read100_round5.json     52.953333
./wdpc_bs4KB_read100_round4.json     52.919999999999995
./wdpc_bs4KB_read100_round2.json     52.686667
./wdpc_bs4KB_read100_round1.json     52.486667
./wdpc_bs4KB_read0_round5.json       51.626667000000005
./wdpc_bs4KB_read0_round2.json       51.56
./wdpc_bs4KB_read0_round4.json       51.326665999999996
./wdpc_bs4KB_read0_round3.json       51.099999999999994
./wdpc_bs16KB_read100_round1.json    42.0193
./wdpc_bs8KB_read100_round2.json     42.013332999999996
./wdpc_bs8KB_read100_round3.json     41.826667
./wdpc_bs8KB_read100_round5.json     41.766667000000005
./wdpc_bs8KB_read100_round1.json     41.593334
./wdpc_bs8KB_read100_round4.json     41.426667
./wdpc_bs16KB_read100_round4.json    41.38
./wdpc_bs8KB_read0_round1.json       38.966666000000004
./wdpc_bs8KB_read0_round2.json       38.106032
./wdpc_bs8KB_read0_round4.json       38.072699
./wdpc_bs8KB_read0_round5.json       37.966034
./wdpc_bs8KB_read0_round3.json       37.56604
./wdpc_bs16KB_read0_round3.json      35.846069
./wdpc_bs16KB_read0_round4.json      35.706072
./wdpc_bs16KB_read100_round3.json    31.806137
./wdpc_bs16KB_read100_round5.json    31.746136999999997
./wdpc_bs16KB_read100_round2.json    31.552808
./wdpc_bs16KB_read0_round1.json      29.906168
./wdpc_bs16KB_read0_round5.json      29.512842
./wdpc_bs32KB_read100_round1.json    28.779519999999998
./wdpc_bs32KB_read100_round3.json    28.512383
./wdpc_bs16KB_read0_round2.json      28.379526999999996
./wdpc_bs32KB_read0_round1.json      23.94547
./wdpc_bs32KB_read0_round2.json      23.772144
./wdpc_bs32KB_read0_round5.json      23.538823
./wdpc_bs32KB_read100_round4.json    21.545948
./wdpc_bs32KB_read100_round2.json    21.519282
./wdpc_bs32KB_read100_round5.json    21.165961
./wdpc_bs32KB_read0_round4.json      20.185321000000002
./wdpc_bs32KB_read0_round3.json      19.858345
./wdpc_bs128KB_read100_round2.json   19.443426000000002
./wdpc_bs128KB_read100_round3.json   19.36344
./wdpc_bs128KB_read100_round1.json   19.343443
./wdpc_bs128KB_read100_round4.json   19.256791
./wdpc_bs128KB_read100_round5.json   19.176803
./wdpc_bs128KB_read0_round2.json     14.98367
./wdpc_bs128KB_read0_round4.json     14.616589999999999
./wdpc_bs128KB_read0_round5.json     13.030727
./wdpc_bs128KB_read0_round1.json     13.023845
./wdpc_bs128KB_read0_round3.json     13.016962
./wdpc_bs1024KB_read100_round1.json  6.404368
./wdpc_bs1024KB_read0_round4.json    6.288471
./wdpc_bs1024KB_read100_round5.json  6.277982000000001
./wdpc_bs1024KB_read100_round2.json  6.244695
./wdpc_bs1024KB_read100_round3.json  6.238141
./wdpc_bs1024KB_read0_round5.json    6.188963
./wdpc_bs1024KB_read0_round3.json    6.174935
./wdpc_bs1024KB_read0_round1.json    6.168793
./wdpc_bs1024KB_read100_round4.json  6.078258
./wdpc_bs1024KB_read0_round2.json    5.802695
