./wdpc_bs4KB_read0_round1.json     15.913332999999998
./wdpc_bs8KB_read65_round5.json    15.886666
./wdpc_bs8KB_read65_round4.json    15.773333000000001
./wdpc_bs4KB_read100_round4.json   15.533332999999999
./wdpc_bs512B_read0_round4.json    15.52
./wdpc_bs8KB_read100_round3.json   15.36
./wdpc_bs4KB_read100_round3.json   15.346665999999999
./wdpc_bs512B_read0_round3.json    15.326667
./wdpc_bs512B_read0_round1.json    15.18
./wdpc_bs512B_read0_round5.json    14.666666
./wdpc_bs512B_read0_round2.json    14.546667000000001
./wdpc_bs4KB_read0_round2.json     14.524245
./wdpc_bs4KB_read0_round3.json     14.466667000000001
./wdpc_bs512B_read65_round4.json   14.253333999999999
./wdpc_bs4KB_read0_round5.json     14.2
./wdpc_bs4KB_read0_round4.json     14.113333
./wdpc_bs8KB_read100_round5.json   14.026667
./wdpc_bs4KB_read100_round2.json   14.013333000000001
./wdpc_bs4KB_read100_round5.json   13.98
./wdpc_bs8KB_read100_round4.json   13.966667000000001
./wdpc_bs8KB_read65_round1.json    13.94
./wdpc_bs8KB_read100_round2.json   13.906666000000001
./wdpc_bs8KB_read100_round1.json   13.74
./wdpc_bs512B_read65_round2.json   13.646667
./wdpc_bs4KB_read100_round1.json   13.413333999999999
./wdpc_bs4KB_read65_round5.json    13.16
./wdpc_bs4KB_read65_round1.json    11.366667
./wdpc_bs4KB_read65_round2.json    11.126666
./wdpc_bs512B_read100_round1.json  10.906666
./wdpc_bs4KB_read65_round3.json    10.833334
./wdpc_bs4KB_read65_round4.json    10.826667
./wdpc_bs512B_read100_round3.json  10.746667
./wdpc_bs512B_read100_round4.json  10.726666999999999
./wdpc_bs512B_read65_round3.json   10.193332999999999
./wdpc_bs512B_read65_round1.json   10.153333
./wdpc_bs512B_read65_round5.json   10.053333
./wdpc_bs8KB_read0_round1.json     9.733333
./wdpc_bs8KB_read0_round3.json     9.653333
./wdpc_bs8KB_read0_round2.json     9.633333
./wdpc_bs8KB_read0_round4.json     9.393334
./wdpc_bs512B_read100_round2.json  9.293333
./wdpc_bs8KB_read0_round5.json     9.266667
./wdpc_bs512B_read100_round5.json  9.133333
./wdpc_bs8KB_read65_round3.json    9.106667
./wdpc_bs8KB_read65_round2.json    9.073334
