./wdpc_bs4KB_read100_round5.json     99.391667
./wdpc_bs4KB_read100_round4.json     99.378333
./wdpc_bs4KB_read100_round3.json     99.371667
./wdpc_bs4KB_read100_round2.json     99.338333
./wdpc_bs4KB_read100_round1.json     99.17833300000001
./wdpc_bs4KB_read0_round3.json       97.906667
./wdpc_bs4KB_read0_round1.json       97.845
./wdpc_bs4KB_read0_round5.json       97.7
./wdpc_bs4KB_read0_round2.json       97.61
./wdpc_bs4KB_read0_round4.json       96.958333
./wdpc_bs8KB_read100_round1.json     96.09
./wdpc_bs8KB_read100_round4.json     96.065
./wdpc_bs8KB_read100_round2.json     95.346667
./wdpc_bs8KB_read100_round3.json     94.623333
./wdpc_bs8KB_read100_round5.json     92.30666699999999
./wdpc_bs8KB_read0_round2.json       65.76557
./wdpc_bs8KB_read0_round5.json       65.013333
./wdpc_bs8KB_read0_round4.json       64.81
./wdpc_bs8KB_read0_round3.json       64.746667
./wdpc_bs8KB_read0_round1.json       64.585
./wdpc_bs16KB_read100_round2.json    45.077582
./wdpc_bs16KB_read100_round4.json    44.874252
./wdpc_bs16KB_read100_round5.json    44.814252999999994
./wdpc_bs16KB_read100_round3.json    44.664256
./wdpc_bs16KB_read100_round1.json    44.635923
./wdpc_bs16KB_read0_round5.json      39.781345
./wdpc_bs16KB_read0_round1.json      39.488026
./wdpc_bs16KB_read0_round3.json      39.471009
./wdpc_bs16KB_read0_round2.json      39.466009
./wdpc_bs16KB_read0_round4.json      39.38101
./wdpc_bs32KB_read100_round5.json    27.524082
./wdpc_bs32KB_read100_round3.json    27.039098
./wdpc_bs32KB_read100_round1.json    26.747442
./wdpc_bs32KB_read100_round4.json    26.685778
./wdpc_bs32KB_read100_round2.json    26.480784
./wdpc_bs32KB_read0_round3.json      24.910842
./wdpc_bs32KB_read0_round2.json      24.590847
./wdpc_bs32KB_read0_round4.json      24.535031
./wdpc_bs32KB_read0_round5.json      24.477518000000003
./wdpc_bs32KB_read0_round1.json      24.462518
./wdpc_bs128KB_read0_round3.json     13.853665
./wdpc_bs128KB_read0_round2.json     13.790576000000001
./wdpc_bs128KB_read0_round4.json     13.786783
./wdpc_bs128KB_read0_round1.json     13.667267
./wdpc_bs128KB_read0_round5.json     13.652042
./wdpc_bs128KB_read100_round1.json   12.704761
./wdpc_bs128KB_read100_round5.json   12.681431
./wdpc_bs128KB_read100_round2.json   12.671432
./wdpc_bs128KB_read100_round3.json   12.646226
./wdpc_bs128KB_read100_round4.json   12.611231
./wdpc_bs1024KB_read0_round1.json    10.402595
./wdpc_bs1024KB_read0_round3.json    10.343566
./wdpc_bs1024KB_read0_round5.json    10.312589000000001
./wdpc_bs1024KB_read0_round2.json    10.292576
./wdpc_bs1024KB_read0_round4.json    10.077171
./wdpc_bs1024KB_read100_round5.json  8.255934
./wdpc_bs1024KB_read100_round2.json  7.894605
./wdpc_bs1024KB_read100_round1.json  7.843268
./wdpc_bs1024KB_read100_round4.json  7.7183
./wdpc_bs1024KB_read100_round3.json  7.6732309999999995
