./wdpc_bs4KB_read100_round2.json     99.993333
./wdpc_bs8KB_read100_round3.json     99.97999999999999
./wdpc_bs4KB_read100_round4.json     99.97
./wdpc_bs4KB_read100_round3.json     99.966667
./wdpc_bs8KB_read100_round5.json     99.948333
./wdpc_bs8KB_read100_round4.json     99.926666
./wdpc_bs8KB_read100_round1.json     99.898333
./wdpc_bs4KB_read100_round1.json     99.72833399999999
./wdpc_bs8KB_read100_round2.json     99.66333300000001
./wdpc_bs4KB_read0_round2.json       99.328334
./wdpc_bs4KB_read100_round5.json     99.306667
./wdpc_bs4KB_read0_round1.json       99.288334
./wdpc_bs4KB_read0_round5.json       99.28
./wdpc_bs4KB_read0_round3.json       99.27499999999999
./wdpc_bs4KB_read0_round4.json       99.268333
./wdpc_bs8KB_read0_round1.json       98.27333399999999
./wdpc_bs8KB_read0_round4.json       98.26166699999999
./wdpc_bs8KB_read0_round3.json       98.208334
./wdpc_bs8KB_read0_round2.json       98.176667
./wdpc_bs8KB_read0_round5.json       97.785
./wdpc_bs16KB_read100_round4.json    81.97363299999999
./wdpc_bs16KB_read100_round5.json    81.763637
./wdpc_bs16KB_read100_round2.json    81.34364500000001
./wdpc_bs16KB_read100_round1.json    80.808653
./wdpc_bs16KB_read100_round3.json    80.595324
./wdpc_bs16KB_read0_round5.json      74.78208699999999
./wdpc_bs16KB_read0_round3.json      74.58709
./wdpc_bs16KB_read0_round2.json      74.517092
./wdpc_bs16KB_read0_round4.json      74.41376
./wdpc_bs16KB_read0_round1.json      74.385854
./wdpc_bs32KB_read100_round3.json    68.39272
./wdpc_bs32KB_read100_round2.json    68.17106100000001
./wdpc_bs32KB_read100_round5.json    67.946068
./wdpc_bs32KB_read100_round4.json    67.679411
./wdpc_bs32KB_read100_round1.json    66.817773
./wdpc_bs32KB_read0_round5.json      62.331883
./wdpc_bs32KB_read0_round1.json      59.463018000000005
./wdpc_bs32KB_read0_round3.json      56.437178
./wdpc_bs32KB_read0_round2.json      54.968919
./wdpc_bs128KB_read0_round3.json     54.341559000000004
./wdpc_bs32KB_read0_round4.json      54.257287
./wdpc_bs128KB_read0_round4.json     53.871661
./wdpc_bs128KB_read0_round2.json     52.813557
./wdpc_bs128KB_read0_round5.json     50.043321
./wdpc_bs128KB_read0_round1.json     47.969607
./wdpc_bs128KB_read100_round5.json   43.794367
./wdpc_bs128KB_read100_round1.json   40.80388
./wdpc_bs128KB_read100_round4.json   40.298956000000004
./wdpc_bs128KB_read100_round2.json   39.275774999999996
./wdpc_bs128KB_read100_round3.json   34.868103
./wdpc_bs1024KB_read0_round5.json    27.647821999999998
./wdpc_bs1024KB_read0_round2.json    26.870862000000002
./wdpc_bs1024KB_read0_round3.json    26.19618
./wdpc_bs1024KB_read100_round5.json  25.655409000000002
./wdpc_bs1024KB_read0_round1.json    25.485695
./wdpc_bs1024KB_read0_round4.json    24.939689
./wdpc_bs1024KB_read100_round4.json  24.261792999999997
./wdpc_bs1024KB_read100_round1.json  24.158996
./wdpc_bs1024KB_read100_round3.json  23.780751
./wdpc_bs1024KB_read100_round2.json  22.798316
