./wdpc_bs512B_read0_round3.json    27.473334
./wdpc_bs4KB_read100_round1.json   27.22
./wdpc_bs4KB_read100_round2.json   27.14
./wdpc_bs4KB_read100_round3.json   27.026667000000003
./wdpc_bs512B_read0_round4.json    27.026666
./wdpc_bs4KB_read100_round4.json   26.986667
./wdpc_bs4KB_read100_round5.json   26.973333999999998
./wdpc_bs512B_read0_round5.json    26.866667
./wdpc_bs512B_read0_round2.json    26.8
./wdpc_bs8KB_read100_round4.json   23.52
./wdpc_bs4KB_read0_round2.json     23.426667000000002
./wdpc_bs4KB_read0_round4.json     23.393334000000003
./wdpc_bs4KB_read0_round5.json     23.326667
./wdpc_bs8KB_read0_round5.json     23.259999999999998
./wdpc_bs8KB_read0_round2.json     23.246667000000002
./wdpc_bs4KB_read65_round6.json    23.246667
./wdpc_bs8KB_read100_round2.json   23.206667
./wdpc_bs4KB_read0_round3.json     23.193333
./wdpc_bs512B_read0_round1.json    23.14
./wdpc_bs8KB_read0_round4.json     23.126666999999998
./wdpc_bs4KB_read0_round6.json     23.046667
./wdpc_bs4KB_read65_round5.json    23.006667
./wdpc_bs4KB_read0_round1.json     22.966667
./wdpc_bs4KB_read65_round7.json    22.893333
./wdpc_bs512B_read100_round5.json  22.88
./wdpc_bs8KB_read0_round1.json     22.84
./wdpc_bs4KB_read65_round3.json    22.54
./wdpc_bs512B_read100_round2.json  22.426667000000002
./wdpc_bs512B_read100_round3.json  22.32
./wdpc_bs4KB_read65_round4.json    22.08
./wdpc_bs512B_read100_round4.json  21.846666
./wdpc_bs8KB_read65_round3.json    21.82
./wdpc_bs8KB_read65_round2.json    21.632973
./wdpc_bs512B_read65_round3.json   21.313333
./wdpc_bs512B_read65_round4.json   20.826667
./wdpc_bs512B_read100_round1.json  20.793333
./wdpc_bs512B_read65_round1.json   20.64
./wdpc_bs8KB_read65_round5.json    19.786667
./wdpc_bs4KB_read65_round1.json    19.22
./wdpc_bs4KB_read65_round2.json    18.86
./wdpc_bs8KB_read65_round4.json    18.48
./wdpc_bs8KB_read100_round5.json   18.313333
./wdpc_bs8KB_read100_round3.json   18.013334
./wdpc_bs8KB_read100_round1.json   17.966666
./wdpc_bs512B_read65_round5.json   17.433332999999998
./wdpc_bs512B_read65_round2.json   17.04
./wdpc_bs8KB_read0_round3.json     17.006667
./wdpc_bs8KB_read65_round1.json    14.906667
