./wdpc_bs4KB_read0_round2.json       73.658553
./wdpc_bs4KB_read0_round1.json       72.793787
./wdpc_bs512B_read50_round4.json     72.463333
./wdpc_bs512B_read5_round3.json      72.38523
./wdpc_bs512B_read50_round3.json     72.36523
./wdpc_bs4KB_read35_round3.json      72.309629
./wdpc_bs4KB_read0_round5.json       71.995
./wdpc_bs512B_read65_round4.json     71.8625
./wdpc_bs512B_read35_round6.json     71.85416599999999
./wdpc_bs8KB_read35_round4.json      71.517379
./wdpc_bs512B_read35_round4.json     71.509642
./wdpc_bs512B_read65_round3.json     71.36333400000001
./wdpc_bs512B_read5_round4.json      71.111667
./wdpc_bs8KB_read50_round3.json      71.105481
./wdpc_bs4KB_read35_round6.json      71.09298199999999
./wdpc_bs8KB_read35_round5.json      71.065723
./wdpc_bs8KB_read5_round6.json       70.978575
./wdpc_bs512B_read35_round2.json     70.952742
./wdpc_bs8KB_read35_round6.json      70.700143
./wdpc_bs512B_read35_round5.json     70.699655
./wdpc_bs512B_read50_round5.json     70.691666
./wdpc_bs4KB_read50_round3.json      70.656322
./wdpc_bs4KB_read35_round4.json      70.612156
./wdpc_bs512B_read0_round3.json      70.608333
./wdpc_bs4KB_read35_round2.json      70.5
./wdpc_bs512B_read65_round5.json     70.396666
./wdpc_bs4KB_read50_round4.json      70.371081
./wdpc_bs4KB_read50_round5.json      70.343333
./wdpc_bs8KB_read5_round5.json       70.3425
./wdpc_bs4KB_read95_round2.json      70.309166
./wdpc_bs4KB_read65_round5.json      70.30524700000001
./wdpc_bs4KB_read95_round4.json      70.245
./wdpc_bs512B_read50_round2.json     70.1975
./wdpc_bs4KB_read0_round4.json       70.17883
./wdpc_bs4KB_read95_round5.json      70.15
./wdpc_bs8KB_read65_round2.json      70.049082
./wdpc_bs8KB_read5_round4.json       70.016333
./wdpc_bs512B_read65_round2.json     69.983833
./wdpc_bs512B_read0_round4.json      69.921666
./wdpc_bs4KB_read50_round2.json      69.8725
./wdpc_bs4KB_read5_round4.json       69.871667
./wdpc_bs4KB_read0_round3.json       69.826178
./wdpc_bs512B_read5_round2.json      69.817279
./wdpc_bs4KB_read65_round3.json      69.814167
./wdpc_bs8KB_read50_round2.json      69.76126
./wdpc_bs4KB_read95_round3.json      69.60576
./wdpc_bs8KB_read35_round3.json      69.555436
./wdpc_bs512B_read0_round2.json      69.493333
./wdpc_bs512B_read35_round3.json     69.454352
./wdpc_bs4KB_read100_round1.json     69.448334
./wdpc_bs4KB_read5_round5.json       69.18775600000001
./wdpc_bs4KB_read65_round2.json      69.165834
./wdpc_bs8KB_read100_round2.json     69.155771
./wdpc_bs512B_read0_round5.json      69.105
./wdpc_bs512B_read95_round3.json     69.098333
./wdpc_bs512B_read100_round2.json    69.05666599999999
./wdpc_bs4KB_read65_round4.json      69.051666
./wdpc_bs8KB_read100_round5.json     68.998016
./wdpc_bs512B_read50_round1.json     68.983017
./wdpc_bs512B_read95_round2.json     68.925833
./wdpc_bs8KB_read100_round4.json     68.921667
./wdpc_bs4KB_read95_round1.json      68.911925
./wdpc_bs8KB_read100_round1.json     68.870519
./wdpc_bs8KB_read65_round3.json      68.82776
./wdpc_bs4KB_read50_round1.json      68.789167
./wdpc_bs16KB_read100_round3.json    68.608856
./wdpc_bs8KB_read100_round3.json     68.568595
./wdpc_bs16KB_read100_round4.json    68.557762
./wdpc_bs4KB_read5_round2.json       68.555954
./wdpc_bs4KB_read5_round6.json       68.41386
./wdpc_bs512B_read5_round6.json      68.2725
./wdpc_bs512B_read95_round5.json     68.030833
./wdpc_bs8KB_read95_round3.json      67.888601
./wdpc_bs8KB_read95_round1.json      67.870833
./wdpc_bs8KB_read95_round4.json      67.765268
./wdpc_bs8KB_read95_round2.json      67.56777
./wdpc_bs8KB_read95_round5.json      67.535271
./wdpc_bs4KB_read5_round3.json       67.164913
./wdpc_bs512B_read5_round5.json      67.163047
./wdpc_bs4KB_read35_round5.json      67.15194
./wdpc_bs4KB_read65_round1.json      67.1275
./wdpc_bs512B_read65_round1.json     67.078333
./wdpc_bs512B_read100_round1.json    66.996667
./wdpc_bs512B_read100_round3.json    66.677777
./wdpc_bs512B_read35_round1.json     66.651112
./wdpc_bs512B_read0_round1.json      66.563612
./wdpc_bs512B_read100_round4.json    66.542779
./wdpc_bs512B_read100_round5.json    66.406667
./wdpc_bs8KB_read0_round5.json       66.3125
./wdpc_bs512B_read95_round1.json     66.283333
./wdpc_bs4KB_read100_round5.json     66.256667
./wdpc_bs512B_read95_round4.json     66.128333
./wdpc_bs4KB_read35_round1.json      66.08089199999999
./wdpc_bs4KB_read100_round2.json     65.66
./wdpc_bs4KB_read100_round3.json     65.528333
./wdpc_bs8KB_read5_round3.json       65.463909
./wdpc_bs8KB_read0_round4.json       65.361411
./wdpc_bs4KB_read100_round4.json     65.230833
./wdpc_bs8KB_read50_round1.json      64.240894
./wdpc_bs8KB_read65_round5.json      64.19779799999999
./wdpc_bs8KB_read35_round2.json      62.950832999999996
./wdpc_bs8KB_read65_round1.json      62.606768
./wdpc_bs512B_read5_round1.json      62.415833
./wdpc_bs4KB_read5_round1.json       62.234482
./wdpc_bs8KB_read0_round2.json       62.206168000000005
./wdpc_bs8KB_read50_round5.json      61.809167
./wdpc_bs8KB_read35_round7.json      60.506821
./wdpc_bs8KB_read0_round1.json       60.127832999999995
./wdpc_bs8KB_read0_round3.json       59.62734
./wdpc_bs16KB_read95_round3.json     58.57
./wdpc_bs16KB_read95_round1.json     56.977742
./wdpc_bs16KB_read95_round2.json     56.765248
./wdpc_bs8KB_read65_round4.json      55.497499999999995
./wdpc_bs16KB_read95_round4.json     55.399077
./wdpc_bs8KB_read5_round2.json       55.384539
./wdpc_bs16KB_read95_round5.json     54.762639
./wdpc_bs8KB_read35_round1.json      53.552441
./wdpc_bs8KB_read5_round1.json       52.50583400000001
./wdpc_bs16KB_read5_round18.json     51.9583
./wdpc_bs8KB_read50_round4.json      51.317906
./wdpc_bs16KB_read0_round3.json      51.200367
./wdpc_bs16KB_read0_round5.json      50.911667
./wdpc_bs32KB_read65_round3.json     50.229988
./wdpc_bs32KB_read65_round5.json     49.950835000000005
./wdpc_bs16KB_read5_round17.json     49.689177
./wdpc_bs32KB_read50_round5.json     49.577513999999994
./wdpc_bs16KB_read5_round16.json     49.524596
./wdpc_bs16KB_read0_round9.json      49.131681
./wdpc_bs32KB_read65_round6.json     49.068788000000005
./wdpc_bs32KB_read0_round5.json      48.913016999999996
./wdpc_bs16KB_read5_round19.json     48.812559
./wdpc_bs16KB_read0_round8.json      48.787967
./wdpc_bs16KB_read0_round7.json      48.777561
./wdpc_bs32KB_read0_round11.json     48.765875
./wdpc_bs16KB_read5_round11.json     48.55305
./wdpc_bs16KB_read5_round10.json     48.489217000000004
./wdpc_bs16KB_read5_round12.json     48.333791999999995
./wdpc_bs16KB_read5_round4.json      48.192992000000004
./wdpc_bs16KB_read35_round4.json     48.157993
./wdpc_bs16KB_read0_round2.json      48.138365
./wdpc_bs16KB_read100_round5.json    47.991701
./wdpc_bs32KB_read65_round2.json     47.89967
./wdpc_bs16KB_read100_round2.json    47.805833
./wdpc_bs16KB_read65_round2.json     47.787285999999995
./wdpc_bs32KB_read35_round5.json     47.630912
./wdpc_bs32KB_read50_round3.json     47.594327
./wdpc_bs16KB_read5_round13.json     47.558414
./wdpc_bs16KB_read100_round1.json    47.4825
./wdpc_bs32KB_read50_round2.json     47.481834
./wdpc_bs32KB_read0_round13.json     47.419296
./wdpc_bs16KB_read65_round7.json     47.387544000000005
./wdpc_bs32KB_read65_round4.json     47.371798
./wdpc_bs16KB_read5_round3.json      47.209607
./wdpc_bs32KB_read0_round4.json      47.195581000000004
./wdpc_bs16KB_read35_round1.json     47.074313
./wdpc_bs32KB_read0_round12.json     46.924423
./wdpc_bs32KB_read35_round7.json     46.826488
./wdpc_bs32KB_read5_round3.json      46.823525000000004
./wdpc_bs16KB_read0_round6.json      46.698778
./wdpc_bs16KB_read0_round4.json      46.674222
./wdpc_bs32KB_read35_round4.json     46.564955
./wdpc_bs32KB_read5_round4.json      46.525811000000004
./wdpc_bs16KB_read5_round2.json      46.514069
./wdpc_bs16KB_read5_round14.json     46.467946
./wdpc_bs32KB_read50_round4.json     46.375567000000004
./wdpc_bs32KB_read35_round3.json     46.317746
./wdpc_bs32KB_read5_round6.json      46.264478
./wdpc_bs16KB_read5_round20.json     46.167243
./wdpc_bs32KB_read0_round9.json      45.713381
./wdpc_bs32KB_read0_round1.json      45.583089
./wdpc_bs32KB_read35_round6.json     45.546056
./wdpc_bs16KB_read65_round1.json     45.502571
./wdpc_bs16KB_read5_round9.json      45.499696
./wdpc_bs16KB_read65_round4.json     45.42341
./wdpc_bs32KB_read35_round2.json     45.363196
./wdpc_bs16KB_read5_round15.json     45.271825
./wdpc_bs32KB_read50_round1.json     45.251904
./wdpc_bs16KB_read0_round1.json      44.983377
./wdpc_bs16KB_read5_round6.json      44.933502
./wdpc_bs16KB_read50_round5.json     44.624436
./wdpc_bs32KB_read0_round10.json     44.586194
./wdpc_bs16KB_read5_round5.json      44.318522
./wdpc_bs32KB_read0_round3.json      44.317225
./wdpc_bs16KB_read35_round6.json     44.298893
./wdpc_bs16KB_read50_round3.json     44.139362000000006
./wdpc_bs32KB_read35_round8.json     43.94111100000001
./wdpc_bs16KB_read65_round8.json     43.824372999999994
./wdpc_bs32KB_read0_round2.json      43.823436
./wdpc_bs16KB_read35_round8.json     43.811873
./wdpc_bs32KB_read5_round5.json      43.534382
./wdpc_bs32KB_read65_round1.json     43.53361700000001
./wdpc_bs16KB_read50_round1.json     43.303917
./wdpc_bs32KB_read5_round2.json      42.925342
./wdpc_bs64KB_read65_round3.json     42.735848
./wdpc_bs16KB_read5_round7.json      42.680132
./wdpc_bs16KB_read35_round5.json     42.150130999999995
./wdpc_bs64KB_read65_round5.json     42.033913
./wdpc_bs16KB_read65_round6.json     41.838469
./wdpc_bs16KB_read5_round8.json      41.787625
./wdpc_bs32KB_read35_round1.json     41.463291999999996
./wdpc_bs16KB_read35_round2.json     41.44057
./wdpc_bs32KB_read0_round8.json      41.180392
./wdpc_bs64KB_read65_round6.json     40.967911
./wdpc_bs64KB_read65_round2.json     40.636613000000004
./wdpc_bs16KB_read5_round1.json      40.279814
./wdpc_bs64KB_read50_round2.json     39.918854
./wdpc_bs64KB_read65_round4.json     39.674855
./wdpc_bs32KB_read0_round6.json      39.646523
./wdpc_bs64KB_read50_round6.json     39.353715
./wdpc_bs64KB_read50_round4.json     38.971244
./wdpc_bs16KB_read50_round4.json     38.508395
./wdpc_bs64KB_read50_round3.json     38.443656
./wdpc_bs64KB_read0_round11.json     38.249089999999995
./wdpc_bs64KB_read0_round12.json     37.792999
./wdpc_bs64KB_read5_round8.json      37.790049
./wdpc_bs64KB_read0_round4.json      37.728413
./wdpc_bs64KB_read5_round14.json     37.631963
./wdpc_bs64KB_read50_round5.json     37.418559
./wdpc_bs16KB_read35_round7.json     37.044382999999996
./wdpc_bs64KB_read0_round6.json      36.898811
./wdpc_bs64KB_read0_round3.json      36.885778
./wdpc_bs64KB_read35_round5.json     36.704969
./wdpc_bs64KB_read5_round5.json      36.689275
./wdpc_bs64KB_read5_round13.json     36.478852
./wdpc_bs64KB_read5_round3.json      36.041222
./wdpc_bs64KB_read5_round11.json     35.913075
./wdpc_bs64KB_read5_round12.json     35.857483
./wdpc_bs64KB_read0_round14.json     35.715952
./wdpc_bs32KB_read5_round1.json      35.580271
./wdpc_bs64KB_read0_round7.json      35.568166
./wdpc_bs64KB_read5_round7.json      35.516659000000004
./wdpc_bs64KB_read35_round4.json     35.40146
./wdpc_bs64KB_read0_round10.json     35.038996
./wdpc_bs16KB_read65_round5.json     35.021291
./wdpc_bs64KB_read0_round2.json      34.741237
./wdpc_bs64KB_read0_round8.json      34.540819
./wdpc_bs64KB_read65_round1.json     34.116206
./wdpc_bs64KB_read35_round6.json     33.926607000000004
./wdpc_bs64KB_read0_round13.json     33.755436
./wdpc_bs64KB_read5_round10.json     33.710787
./wdpc_bs64KB_read50_round1.json     32.784044
./wdpc_bs64KB_read5_round2.json      32.740074
./wdpc_bs16KB_read50_round2.json     31.716138
./wdpc_bs128KB_read50_round4.json    31.322902
./wdpc_bs64KB_read5_round4.json      31.19584
./wdpc_bs64KB_read35_round2.json     30.890624
./wdpc_bs64KB_read35_round3.json     30.576825
./wdpc_bs128KB_read50_round3.json    30.372111
./wdpc_bs128KB_read50_round2.json    30.180128000000003
./wdpc_bs128KB_read50_round5.json    30.085399
./wdpc_bs32KB_read0_round7.json      29.907259
./wdpc_bs128KB_read35_round4.json    29.89561
./wdpc_bs64KB_read5_round9.json      29.451318999999998
./wdpc_bs128KB_read35_round3.json    29.418967
./wdpc_bs128KB_read65_round3.json    29.225475
./wdpc_bs64KB_read0_round5.json      29.161494
./wdpc_bs64KB_read0_round9.json      29.013687
./wdpc_bs64KB_read5_round6.json      28.691747
./wdpc_bs128KB_read65_round6.json    28.358968
./wdpc_bs128KB_read35_round2.json    28.163091
./wdpc_bs64KB_read0_round1.json      28.105756999999997
./wdpc_bs128KB_read50_round1.json    28.098182
./wdpc_bs128KB_read5_round5.json     27.858869
./wdpc_bs128KB_read0_round3.json     27.831033
./wdpc_bs128KB_read65_round4.json    27.406722
./wdpc_bs128KB_read65_round5.json    27.277726
./wdpc_bs128KB_read65_round2.json    27.231901
./wdpc_bs128KB_read35_round5.json    27.217816000000003
./wdpc_bs128KB_read5_round4.json     27.10176
./wdpc_bs128KB_read35_round6.json    26.882061
./wdpc_bs32KB_read100_round1.json    26.786607
./wdpc_bs128KB_read5_round3.json     26.521927
./wdpc_bs128KB_read0_round4.json     26.258175
./wdpc_bs64KB_read35_round1.json     26.043602
./wdpc_bs128KB_read5_round6.json     25.936480000000003
./wdpc_bs64KB_read100_round4.json    25.90494
./wdpc_bs128KB_read0_round1.json     25.849989
./wdpc_bs64KB_read95_round5.json     25.790162000000002
./wdpc_bs128KB_read0_round5.json     25.490294000000002
./wdpc_bs64KB_read95_round2.json     25.309979000000002
./wdpc_bs32KB_read100_round3.json    25.084788
./wdpc_bs64KB_read95_round3.json     24.923545999999998
./wdpc_bs32KB_read95_round2.json     24.750215
./wdpc_bs32KB_read100_round2.json    24.567515
./wdpc_bs32KB_read95_round3.json     24.523979
./wdpc_bs32KB_read95_round1.json     24.463555
./wdpc_bs16KB_read35_round3.json     24.391
./wdpc_bs128KB_read0_round2.json     24.051054
./wdpc_bs32KB_read95_round5.json     23.934401
./wdpc_bs64KB_read100_round5.json    23.895273
./wdpc_bs64KB_read100_round3.json    23.442603
./wdpc_bs64KB_read5_round1.json      23.363053
./wdpc_bs64KB_read100_round2.json    23.347555
./wdpc_bs32KB_read100_round5.json    23.124422
./wdpc_bs128KB_read65_round1.json    23.042892
./wdpc_bs32KB_read95_round4.json     22.646366999999998
./wdpc_bs32KB_read100_round4.json    22.507770999999998
./wdpc_bs16KB_read65_round3.json     22.479625
./wdpc_bs64KB_read95_round1.json     22.335176999999998
./wdpc_bs128KB_read35_round1.json    22.126989
./wdpc_bs64KB_read100_round1.json    21.484579999999998
./wdpc_bs128KB_read5_round2.json     20.707466
./wdpc_bs128KB_read95_round5.json    19.290601
./wdpc_bs128KB_read95_round2.json    18.469358
./wdpc_bs128KB_read95_round4.json    18.265594
./wdpc_bs128KB_read95_round1.json    17.726656
./wdpc_bs128KB_read5_round1.json     17.393477999999998
./wdpc_bs1024KB_read0_round3.json    17.161894
./wdpc_bs128KB_read95_round3.json    16.791508
./wdpc_bs1024KB_read0_round4.json    16.742085
./wdpc_bs1024KB_read5_round5.json    16.711441999999998
./wdpc_bs128KB_read100_round4.json   16.485165000000002
./wdpc_bs128KB_read100_round2.json   16.362546
./wdpc_bs128KB_read100_round1.json   16.322824
./wdpc_bs64KB_read95_round4.json     16.192118
./wdpc_bs128KB_read100_round3.json   16.142015
./wdpc_bs1024KB_read0_round2.json    16.080967
./wdpc_bs1024KB_read0_round1.json    16.069245
./wdpc_bs1024KB_read95_round3.json   15.723679
./wdpc_bs1024KB_read35_round6.json   15.603840000000002
./wdpc_bs1024KB_read35_round3.json   15.595026
./wdpc_bs1024KB_read35_round5.json   15.542008
./wdpc_bs1024KB_read50_round2.json   15.523943000000001
./wdpc_bs1024KB_read50_round4.json   15.296437000000001
./wdpc_bs1024KB_read0_round5.json    15.252164
./wdpc_bs1024KB_read65_round5.json   15.243278
./wdpc_bs1024KB_read65_round6.json   15.192896000000001
./wdpc_bs1024KB_read5_round4.json    15.05379
./wdpc_bs128KB_read100_round5.json   15.045368
./wdpc_bs1024KB_read95_round4.json   14.963087
./wdpc_bs1024KB_read50_round6.json   14.744032999999998
./wdpc_bs1024KB_read35_round4.json   14.704952
./wdpc_bs1024KB_read50_round3.json   14.663427
./wdpc_bs1024KB_read65_round4.json   14.317457999999998
./wdpc_bs1024KB_read35_round2.json   14.248520000000001
./wdpc_bs1024KB_read65_round3.json   14.216428
./wdpc_bs1024KB_read50_round5.json   14.010417
./wdpc_bs1024KB_read95_round2.json   13.815116
./wdpc_bs1024KB_read5_round6.json    13.744396
./wdpc_bs1024KB_read95_round5.json   13.654938999999999
./wdpc_bs1024KB_read100_round2.json  13.588128
./wdpc_bs1024KB_read100_round1.json  13.510926999999999
./wdpc_bs1024KB_read65_round2.json   13.460099
./wdpc_bs1024KB_read5_round3.json    13.372826
./wdpc_bs1024KB_read50_round1.json   13.322369
./wdpc_bs1024KB_read5_round2.json    13.290137000000001
./wdpc_bs1024KB_read100_round5.json  13.222529
./wdpc_bs1024KB_read100_round4.json  13.028965999999999
./wdpc_bs1024KB_read95_round1.json   12.810654
./wdpc_bs1024KB_read100_round3.json  12.654172
./wdpc_bs1024KB_read35_round1.json   11.778012
./wdpc_bs1024KB_read65_round1.json   11.351968000000001
./wdpc_bs1024KB_read5_round1.json    9.992597
