./wdpc_bs8KB_read100_round2.json     99.981667
./wdpc_bs8KB_read100_round3.json     99.97666600000001
./wdpc_bs4KB_read100_round10.json    99.973334
./wdpc_bs8KB_read100_round5.json     99.971666
./wdpc_bs8KB_read100_round4.json     99.963333
./wdpc_bs4KB_read100_round9.json     99.941666
./wdpc_bs4KB_read100_round6.json     99.92833300000001
./wdpc_bs4KB_read100_round8.json     99.91499999999999
./wdpc_bs4KB_read100_round5.json     99.913334
./wdpc_bs8KB_read100_round1.json     99.891667
./wdpc_bs4KB_read100_round1.json     99.821666
./wdpc_bs4KB_read100_round3.json     99.761667
./wdpc_bs4KB_read0_round1.json       99.228334
./wdpc_bs4KB_read0_round5.json       99.191667
./wdpc_bs4KB_read0_round4.json       99.153333
./wdpc_bs4KB_read0_round3.json       98.975
./wdpc_bs4KB_read0_round2.json       98.956666
./wdpc_bs4KB_read100_round4.json     98.905
./wdpc_bs8KB_read0_round1.json       98.428334
./wdpc_bs8KB_read0_round3.json       98.348333
./wdpc_bs8KB_read0_round2.json       98.323333
./wdpc_bs8KB_read0_round5.json       98.301666
./wdpc_bs8KB_read0_round4.json       98.253334
./wdpc_bs4KB_read100_round2.json     96.786666
./wdpc_bs4KB_read100_round7.json     88.82833299999999
./wdpc_bs16KB_read100_round5.json    83.881935
./wdpc_bs16KB_read100_round3.json    83.073615
./wdpc_bs16KB_read100_round1.json    82.103631
./wdpc_bs16KB_read100_round2.json    81.483641
./wdpc_bs16KB_read100_round4.json    80.986984
./wdpc_bs16KB_read0_round4.json      73.933768
./wdpc_bs16KB_read0_round1.json      73.87876899999999
./wdpc_bs16KB_read0_round5.json      73.76543699999999
./wdpc_bs16KB_read0_round2.json      73.672105
./wdpc_bs16KB_read0_round3.json      73.640439
./wdpc_bs32KB_read100_round5.json    69.47768400000001
./wdpc_bs32KB_read100_round4.json    68.971034
./wdpc_bs32KB_read100_round3.json    68.404387
./wdpc_bs32KB_read100_round1.json    68.18939400000001
./wdpc_bs32KB_read100_round2.json    67.821073
./wdpc_bs128KB_read0_round2.json     58.824902
./wdpc_bs128KB_read0_round1.json     58.064086
./wdpc_bs128KB_read0_round3.json     55.301351999999994
./wdpc_bs128KB_read0_round4.json     55.234699
./wdpc_bs128KB_read0_round5.json     52.285337999999996
./wdpc_bs128KB_read100_round5.json   48.286089999999994
./wdpc_bs128KB_read100_round4.json   47.784499000000004
./wdpc_bs32KB_read0_round1.json      46.345122
./wdpc_bs128KB_read100_round3.json   46.118082
./wdpc_bs32KB_read0_round2.json      45.764378
./wdpc_bs32KB_read0_round3.json      39.248037
./wdpc_bs32KB_read0_round5.json      38.24348
./wdpc_bs32KB_read0_round4.json      37.152095
./wdpc_bs128KB_read100_round1.json   32.796748
./wdpc_bs1024KB_read0_round3.json    31.193531
./wdpc_bs1024KB_read0_round1.json    30.01913
./wdpc_bs1024KB_read0_round4.json    29.895517
./wdpc_bs128KB_read100_round2.json   29.173956999999998
./wdpc_bs1024KB_read0_round5.json    27.1372
./wdpc_bs1024KB_read0_round2.json    26.843671999999998
./wdpc_bs1024KB_read100_round1.json  24.951726999999998
./wdpc_bs1024KB_read100_round3.json  24.688728
./wdpc_bs1024KB_read100_round2.json  24.548057
./wdpc_bs1024KB_read100_round5.json  24.179373000000002
./wdpc_bs1024KB_read100_round4.json  22.98422
