./wdpc_bs4KB_read0_round2.json       52.9
./wdpc_bs4KB_read0_round3.json       52.78
./wdpc_bs4KB_read0_round4.json       52.706667
./wdpc_bs4KB_read100_round4.json     52.586667000000006
./wdpc_bs4KB_read100_round3.json     52.566666999999995
./wdpc_bs4KB_read0_round5.json       52.406667
./wdpc_bs4KB_read100_round5.json     52.386667
./wdpc_bs4KB_read100_round2.json     52.08
./wdpc_bs4KB_read0_round1.json       52.053332999999995
./wdpc_bs4KB_read100_round1.json     50.753333
./wdpc_bs8KB_read100_round5.json     43.260000000000005
./wdpc_bs8KB_read100_round1.json     41.92
./wdpc_bs8KB_read100_round3.json     41.693334
./wdpc_bs8KB_read100_round4.json     41.646666
./wdpc_bs8KB_read100_round2.json     41.493333
./wdpc_bs8KB_read0_round4.json       38.539358
./wdpc_bs8KB_read0_round2.json       38.106032
./wdpc_bs8KB_read0_round3.json       38.059366
./wdpc_bs8KB_read0_round1.json       37.806666
./wdpc_bs8KB_read0_round5.json       37.706038
./wdpc_bs16KB_read100_round1.json    32.16
./wdpc_bs16KB_read100_round4.json    31.866135
./wdpc_bs16KB_read100_round5.json    31.826135999999998
./wdpc_bs16KB_read100_round2.json    31.446666
./wdpc_bs16KB_read100_round3.json    31.152814
./wdpc_bs16KB_read0_round2.json      29.719504999999998
./wdpc_bs16KB_read0_round1.json      29.559506999999996
./wdpc_bs16KB_read0_round5.json      28.951886000000002
./wdpc_bs32KB_read100_round4.json    28.719042
./wdpc_bs16KB_read0_round4.json      28.386193
./wdpc_bs16KB_read0_round3.json      28.232863
./wdpc_bs32KB_read100_round1.json    28.192393000000003
./wdpc_bs32KB_read0_round3.json      23.665877000000002
./wdpc_bs32KB_read100_round5.json    21.41262
./wdpc_bs32KB_read100_round2.json    21.172627
./wdpc_bs32KB_read100_round3.json    20.752642
./wdpc_bs32KB_read0_round1.json      19.74568
./wdpc_bs32KB_read0_round4.json      19.712348
./wdpc_bs32KB_read0_round5.json      19.679016
./wdpc_bs128KB_read100_round3.json   19.550075
./wdpc_bs128KB_read100_round4.json   19.456758
./wdpc_bs128KB_read100_round2.json   19.42343
./wdpc_bs128KB_read100_round1.json   19.396767
./wdpc_bs128KB_read100_round5.json   19.396767
./wdpc_bs32KB_read0_round2.json      19.346021999999998
./wdpc_bs128KB_read0_round3.json     13.68393
./wdpc_bs128KB_read0_round1.json     13.143381
./wdpc_bs128KB_read0_round5.json     12.870545
./wdpc_bs128KB_read0_round2.json     12.843884
./wdpc_bs128KB_read0_round4.json     12.810131
./wdpc_bs1024KB_read100_round5.json  6.411130999999999
./wdpc_bs1024KB_read100_round1.json  6.324479
./wdpc_bs1024KB_read100_round3.json  6.238037
./wdpc_bs1024KB_read100_round2.json  6.144833
./wdpc_bs1024KB_read100_round4.json  6.1381749999999995
./wdpc_bs1024KB_read0_round3.json    6.108902
./wdpc_bs1024KB_read0_round4.json    6.102653999999999
./wdpc_bs1024KB_read0_round2.json    5.509715
./wdpc_bs1024KB_read0_round1.json    5.495767
./wdpc_bs1024KB_read0_round5.json    5.462136
