./wdpc_bs512B_read5_round3.json      71.876667
./wdpc_bs512B_read5_round4.json      70.74691
./wdpc_bs512B_read35_round6.json     70.643334
./wdpc_bs512B_read5_round2.json      70.396573
./wdpc_bs512B_read65_round3.json     70.131667
./wdpc_bs4KB_read35_round6.json      70.005834
./wdpc_bs4KB_read100_round2.json     69.99775
./wdpc_bs4KB_read100_round5.json     69.703334
./wdpc_bs512B_read65_round5.json     69.655253
./wdpc_bs4KB_read50_round3.json      69.593334
./wdpc_bs512B_read65_round4.json     69.578333
./wdpc_bs4KB_read65_round4.json      69.417755
./wdpc_bs4KB_read95_round3.json      69.38166700000001
./wdpc_bs512B_read35_round5.json     69.359355
./wdpc_bs4KB_read35_round4.json      69.338011
./wdpc_bs8KB_read35_round3.json      69.303523
./wdpc_bs4KB_read95_round2.json      69.14750000000001
./wdpc_bs4KB_read65_round3.json      69.113334
./wdpc_bs4KB_read100_round4.json     69.107758
./wdpc_bs4KB_read5_round6.json       69.095833
./wdpc_bs4KB_read35_round5.json      69.089425
./wdpc_bs4KB_read95_round5.json      69.05250000000001
./wdpc_bs512B_read0_round5.json      69.01
./wdpc_bs512B_read50_round4.json     68.956351
./wdpc_bs4KB_read50_round2.json      68.854686
./wdpc_bs4KB_read50_round4.json      68.708855
./wdpc_bs512B_read50_round3.json     68.671094
./wdpc_bs512B_read0_round2.json      68.587761
./wdpc_bs4KB_read5_round4.json       68.510262
./wdpc_bs8KB_read100_round5.json     68.483334
./wdpc_bs8KB_read100_round4.json     68.425263
./wdpc_bs4KB_read95_round4.json      68.348333
./wdpc_bs512B_read50_round2.json     68.32083399999999
./wdpc_bs4KB_read65_round5.json      68.251098
./wdpc_bs8KB_read100_round2.json     68.237686
./wdpc_bs4KB_read50_round5.json      68.178333
./wdpc_bs4KB_read95_round1.json      68.086933
./wdpc_bs4KB_read0_round2.json       68.004166
./wdpc_bs512B_read50_round5.json     67.990533
./wdpc_bs8KB_read100_round1.json     67.9825
./wdpc_bs16KB_read100_round3.json    67.817204
./wdpc_bs4KB_read0_round4.json       67.80583299999999
./wdpc_bs512B_read35_round2.json     67.73637099999999
./wdpc_bs8KB_read95_round5.json      67.61416700000001
./wdpc_bs4KB_read35_round2.json      67.564144
./wdpc_bs16KB_read100_round4.json    67.53887399999999
./wdpc_bs4KB_read100_round3.json     67.4975
./wdpc_bs8KB_read35_round4.json      67.42666700000001
./wdpc_bs8KB_read65_round4.json      67.411667
./wdpc_bs16KB_read100_round2.json    67.393043
./wdpc_bs8KB_read5_round6.json       67.3325
./wdpc_bs8KB_read95_round4.json      67.24304599999999
./wdpc_bs8KB_read95_round1.json      67.071941
./wdpc_bs4KB_read0_round3.json       67.066108
./wdpc_bs512B_read0_round4.json      66.8625
./wdpc_bs8KB_read95_round3.json      66.805
./wdpc_bs512B_read95_round4.json     66.732777
./wdpc_bs8KB_read100_round3.json     66.677778
./wdpc_bs512B_read35_round4.json     66.675833
./wdpc_bs512B_read95_round3.json     66.660834
./wdpc_bs4KB_read35_round3.json      66.660278
./wdpc_bs512B_read65_round2.json     66.649167
./wdpc_bs4KB_read50_round1.json      66.6175
./wdpc_bs8KB_read95_round2.json      66.61361099999999
./wdpc_bs8KB_read35_round2.json      66.543891
./wdpc_bs512B_read95_round5.json     66.479167
./wdpc_bs512B_read95_round2.json     66.468334
./wdpc_bs512B_read100_round4.json    66.423333
./wdpc_bs4KB_read65_round2.json      66.3225
./wdpc_bs4KB_read5_round5.json       66.150282
./wdpc_bs512B_read100_round2.json    66.0775
./wdpc_bs8KB_read50_round3.json      65.9853
./wdpc_bs512B_read95_round1.json     65.88833299999999
./wdpc_bs4KB_read5_round2.json       65.83390299999999
./wdpc_bs512B_read100_round1.json    65.738619
./wdpc_bs8KB_read50_round5.json      65.50115
./wdpc_bs8KB_read35_round6.json      65.437819
./wdpc_bs4KB_read5_round3.json       65.405833
./wdpc_bs512B_read100_round3.json    65.339455
./wdpc_bs512B_read0_round3.json      65.253333
./wdpc_bs512B_read5_round6.json      65.199747
./wdpc_bs512B_read100_round5.json    64.929167
./wdpc_bs4KB_read65_round1.json      64.84196
./wdpc_bs512B_read35_round3.json     64.822794
./wdpc_bs512B_read50_round1.json     64.745588
./wdpc_bs512B_read65_round1.json     64.714461
./wdpc_bs8KB_read5_round4.json       64.604462
./wdpc_bs512B_read5_round5.json      64.48898
./wdpc_bs4KB_read35_round1.json      64.099765
./wdpc_bs4KB_read0_round1.json       64.076966
./wdpc_bs4KB_read100_round1.json     63.92529999999999
./wdpc_bs8KB_read65_round5.json      63.89787
./wdpc_bs8KB_read5_round5.json       63.463638
./wdpc_bs8KB_read0_round5.json       63.4225
./wdpc_bs512B_read0_round1.json      63.344027000000004
./wdpc_bs8KB_read35_round5.json      63.140833
./wdpc_bs16KB_read100_round5.json    63.126974
./wdpc_bs8KB_read5_round3.json       62.965834
./wdpc_bs512B_read35_round1.json     62.572601999999996
./wdpc_bs512B_read5_round1.json      62.417713
./wdpc_bs4KB_read0_round5.json       62.259167
./wdpc_bs8KB_read0_round4.json       60.999491000000006
./wdpc_bs4KB_read5_round1.json       60.613661
./wdpc_bs8KB_read0_round1.json       60.2625
./wdpc_bs8KB_read65_round2.json      60.013334
./wdpc_bs8KB_read65_round6.json      59.790833
./wdpc_bs8KB_read0_round3.json       59.528333
./wdpc_bs8KB_read50_round4.json      57.994166
./wdpc_bs8KB_read50_round1.json      57.832018000000005
./wdpc_bs16KB_read95_round1.json     56.529058
./wdpc_bs8KB_read0_round2.json       56.046199
./wdpc_bs8KB_read65_round1.json      55.954901
./wdpc_bs8KB_read5_round2.json       55.945367
./wdpc_bs16KB_read95_round2.json     55.724536
./wdpc_bs16KB_read95_round3.json     54.557803
./wdpc_bs8KB_read65_round3.json      54.39
./wdpc_bs16KB_read95_round5.json     51.68620799999999
./wdpc_bs8KB_read50_round2.json      51.3291
./wdpc_bs8KB_read35_round1.json      49.304601000000005
./wdpc_bs16KB_read95_round4.json     49.272089
./wdpc_bs16KB_read100_round1.json    48.847151
./wdpc_bs8KB_read5_round1.json       47.457543
./wdpc_bs16KB_read65_round5.json     47.12421500000001
./wdpc_bs16KB_read65_round6.json     46.955884
./wdpc_bs16KB_read65_round1.json     45.736499
./wdpc_bs32KB_read65_round2.json     44.926462
./wdpc_bs32KB_read0_round6.json      44.201491000000004
./wdpc_bs16KB_read50_round11.json    44.087231
./wdpc_bs32KB_read65_round3.json     43.710314
./wdpc_bs32KB_read35_round4.json     43.552929
./wdpc_bs32KB_read50_round3.json     42.810716
./wdpc_bs16KB_read50_round5.json     42.729766
./wdpc_bs32KB_read65_round4.json     42.629057
./wdpc_bs32KB_read65_round6.json     42.582038
./wdpc_bs16KB_read35_round3.json     42.45048
./wdpc_bs16KB_read50_round13.json    42.323814
./wdpc_bs32KB_read65_round1.json     42.231092
./wdpc_bs32KB_read5_round5.json      42.217055
./wdpc_bs32KB_read35_round6.json     42.049082
./wdpc_bs16KB_read65_round4.json     42.027764999999995
./wdpc_bs16KB_read50_round1.json     41.916103
./wdpc_bs16KB_read5_round4.json      41.46313
./wdpc_bs32KB_read50_round2.json     41.170001
./wdpc_bs32KB_read50_round6.json     41.133776999999995
./wdpc_bs16KB_read50_round7.json     40.71598899999999
./wdpc_bs32KB_read35_round5.json     40.65914
./wdpc_bs32KB_read0_round3.json      40.630129000000004
./wdpc_bs32KB_read35_round3.json     40.629061
./wdpc_bs16KB_read5_round5.json      40.450992
./wdpc_bs64KB_read65_round5.json     40.40197
./wdpc_bs32KB_read0_round5.json      40.397323
./wdpc_bs32KB_read35_round2.json     40.334111
./wdpc_bs16KB_read50_round6.json     40.316493
./wdpc_bs64KB_read50_round6.json     40.271968
./wdpc_bs32KB_read50_round1.json     40.227146
./wdpc_bs64KB_read65_round3.json     40.180655
./wdpc_bs32KB_read50_round5.json     40.108827
./wdpc_bs16KB_read35_round1.json     40.108663
./wdpc_bs32KB_read0_round7.json      40.076495
./wdpc_bs32KB_read50_round4.json     39.929838
./wdpc_bs64KB_read65_round6.json     39.809684000000004
./wdpc_bs16KB_read5_round2.json      39.708504999999995
./wdpc_bs64KB_read50_round3.json     39.69989
./wdpc_bs32KB_read5_round4.json      39.668677
./wdpc_bs16KB_read50_round14.json    39.587674
./wdpc_bs16KB_read35_round8.json     39.462018
./wdpc_bs16KB_read0_round3.json      39.460505
./wdpc_bs32KB_read5_round6.json      39.279196999999996
./wdpc_bs16KB_read65_round3.json     39.175249
./wdpc_bs64KB_read50_round4.json     39.117103
./wdpc_bs16KB_read65_round2.json     39.037865
./wdpc_bs32KB_read5_round3.json      38.844449000000004
./wdpc_bs16KB_read35_round5.json     38.842872
./wdpc_bs16KB_read5_round6.json      38.77102
./wdpc_bs16KB_read5_round1.json      38.691344
./wdpc_bs64KB_read0_round4.json      38.607162
./wdpc_bs32KB_read0_round2.json      38.493075
./wdpc_bs16KB_read5_round3.json      38.420706
./wdpc_bs32KB_read35_round1.json     38.246812999999996
./wdpc_bs16KB_read50_round10.json    38.064049
./wdpc_bs32KB_read0_round4.json      37.817164
./wdpc_bs64KB_read50_round5.json     37.783092
./wdpc_bs32KB_read5_round2.json      37.556976
./wdpc_bs64KB_read65_round2.json     37.476152
./wdpc_bs32KB_read100_round5.json    37.284901
./wdpc_bs64KB_read5_round4.json      37.013003
./wdpc_bs64KB_read0_round1.json      36.836535999999995
./wdpc_bs64KB_read0_round2.json      36.721022
./wdpc_bs64KB_read50_round2.json     36.72058
./wdpc_bs64KB_read5_round5.json      36.696857
./wdpc_bs64KB_read0_round5.json      36.544519
./wdpc_bs16KB_read35_round9.json     36.516058
./wdpc_bs16KB_read35_round2.json     36.362576
./wdpc_bs64KB_read5_round3.json      36.340309
./wdpc_bs64KB_read35_round6.json     36.303264999999996
./wdpc_bs64KB_read65_round4.json     36.18608
./wdpc_bs16KB_read35_round10.json    36.179096
./wdpc_bs64KB_read35_round3.json     36.121018
./wdpc_bs64KB_read5_round6.json      36.082294
./wdpc_bs64KB_read35_round5.json     35.98347
./wdpc_bs64KB_read0_round3.json      35.890513
./wdpc_bs16KB_read35_round11.json    35.811604
./wdpc_bs32KB_read100_round1.json    35.394653999999996
./wdpc_bs16KB_read0_round5.json      35.376076999999995
./wdpc_bs16KB_read0_round1.json      35.336172
./wdpc_bs64KB_read35_round4.json     35.08041
./wdpc_bs32KB_read65_round5.json     34.604905
./wdpc_bs32KB_read100_round2.json    34.548303
./wdpc_bs16KB_read50_round2.json     33.577494
./wdpc_bs64KB_read50_round1.json     33.426091
./wdpc_bs16KB_read50_round12.json    33.246667
./wdpc_bs64KB_read5_round2.json      33.231399
./wdpc_bs16KB_read35_round4.json     33.128339000000004
./wdpc_bs64KB_read35_round2.json     32.968983
./wdpc_bs32KB_read100_round3.json    32.761680999999996
./wdpc_bs32KB_read5_round1.json      32.7037
./wdpc_bs16KB_read35_round7.json     32.547831
./wdpc_bs32KB_read100_round4.json    32.398920000000004
./wdpc_bs16KB_read0_round2.json      32.319461
./wdpc_bs32KB_read95_round2.json     32.074765
./wdpc_bs64KB_read65_round1.json     32.070661
./wdpc_bs32KB_read95_round1.json     32.0342
./wdpc_bs128KB_read50_round4.json    30.552685999999998
./wdpc_bs16KB_read0_round4.json      30.270657
./wdpc_bs128KB_read50_round5.json    30.103476999999998
./wdpc_bs32KB_read0_round1.json      29.993667000000002
./wdpc_bs32KB_read95_round4.json     29.964001000000003
./wdpc_bs32KB_read95_round3.json     29.691758
./wdpc_bs128KB_read65_round5.json    28.344317999999998
./wdpc_bs128KB_read35_round3.json    28.265197999999998
./wdpc_bs64KB_read95_round3.json     28.233589000000002
./wdpc_bs128KB_read50_round2.json    28.068188
./wdpc_bs128KB_read0_round5.json     28.007432
./wdpc_bs128KB_read50_round3.json    27.930982999999998
./wdpc_bs128KB_read65_round3.json    27.901183
./wdpc_bs128KB_read0_round4.json     27.845906999999997
./wdpc_bs128KB_read35_round6.json    27.824202999999997
./wdpc_bs128KB_read65_round4.json    27.796339000000003
./wdpc_bs128KB_read65_round6.json    27.74158
./wdpc_bs128KB_read65_round2.json    27.616318
./wdpc_bs128KB_read50_round1.json    27.552594
./wdpc_bs64KB_read95_round5.json     27.509290999999997
./wdpc_bs64KB_read95_round1.json     27.369614000000002
./wdpc_bs128KB_read35_round5.json    27.338542999999998
./wdpc_bs32KB_read95_round5.json     27.130761999999997
./wdpc_bs64KB_read95_round2.json     27.015474
./wdpc_bs128KB_read35_round4.json    26.543365
./wdpc_bs64KB_read95_round4.json     26.504679
./wdpc_bs128KB_read5_round6.json     26.366348
./wdpc_bs128KB_read35_round2.json    26.233400000000003
./wdpc_bs128KB_read0_round3.json     26.185992999999996
./wdpc_bs64KB_read35_round1.json     25.945798
./wdpc_bs128KB_read5_round4.json     25.685031
./wdpc_bs128KB_read5_round5.json     24.946485
./wdpc_bs128KB_read65_round1.json    24.779624
./wdpc_bs64KB_read100_round1.json    24.595860000000002
./wdpc_bs128KB_read0_round1.json     24.446998
./wdpc_bs64KB_read100_round3.json    24.301714
./wdpc_bs64KB_read100_round2.json    24.291083
./wdpc_bs128KB_read0_round2.json     23.950245
./wdpc_bs128KB_read35_round1.json    23.515394999999998
./wdpc_bs128KB_read5_round3.json     23.478413
./wdpc_bs64KB_read5_round1.json      23.420865
./wdpc_bs64KB_read100_round4.json    23.213006
./wdpc_bs16KB_read50_round4.json     21.450172
./wdpc_bs128KB_read100_round1.json   21.241157
./wdpc_bs128KB_read5_round2.json     20.962248000000002
./wdpc_bs128KB_read95_round3.json    20.368627
./wdpc_bs128KB_read100_round4.json   20.3153
./wdpc_bs128KB_read100_round2.json   20.260294000000002
./wdpc_bs64KB_read100_round5.json    20.142656
./wdpc_bs128KB_read100_round5.json   19.924342
./wdpc_bs128KB_read95_round4.json    19.693385000000003
./wdpc_bs128KB_read95_round1.json    19.650059
./wdpc_bs128KB_read95_round2.json    19.369756
./wdpc_bs128KB_read100_round3.json   19.204939
./wdpc_bs128KB_read95_round5.json    18.891175
./wdpc_bs128KB_read5_round1.json     17.664451
./wdpc_bs16KB_read50_round3.json     17.574414
./wdpc_bs16KB_read35_round6.json     17.382355
./wdpc_bs16KB_read50_round8.json     17.293046
./wdpc_bs1024KB_read95_round2.json   16.398109
./wdpc_bs1024KB_read95_round4.json   16.38523
./wdpc_bs1024KB_read50_round4.json   16.25544
./wdpc_bs1024KB_read100_round3.json  16.241479
./wdpc_bs1024KB_read95_round1.json   16.122938
./wdpc_bs1024KB_read95_round3.json   15.983521
./wdpc_bs16KB_read50_round9.json     15.948184999999999
./wdpc_bs1024KB_read100_round1.json  15.780843
./wdpc_bs1024KB_read50_round3.json   15.461233
./wdpc_bs1024KB_read65_round5.json   15.436342
./wdpc_bs1024KB_read95_round5.json   15.402801
./wdpc_bs1024KB_read35_round4.json   15.395751
./wdpc_bs1024KB_read5_round6.json    15.312063
./wdpc_bs1024KB_read50_round2.json   15.180615
./wdpc_bs1024KB_read5_round3.json    15.153977
./wdpc_bs1024KB_read65_round3.json   15.120885
./wdpc_bs1024KB_read50_round5.json   15.08511
./wdpc_bs1024KB_read65_round4.json   15.083176
./wdpc_bs1024KB_read65_round6.json   15.075230999999999
./wdpc_bs1024KB_read100_round2.json  15.029589999999999
./wdpc_bs1024KB_read100_round5.json  15.027842999999999
./wdpc_bs1024KB_read100_round4.json  15.027299
./wdpc_bs1024KB_read5_round4.json    14.760602
./wdpc_bs1024KB_read0_round4.json    14.696857
./wdpc_bs1024KB_read0_round1.json    14.564181000000001
./wdpc_bs1024KB_read35_round6.json   14.543019
./wdpc_bs1024KB_read35_round5.json   14.369131000000001
./wdpc_bs1024KB_read0_round5.json    14.362963
./wdpc_bs1024KB_read35_round3.json   14.276114
./wdpc_bs1024KB_read0_round2.json    14.120299000000001
./wdpc_bs1024KB_read65_round2.json   14.043727
./wdpc_bs1024KB_read0_round3.json    14.014042
./wdpc_bs1024KB_read35_round2.json   13.720343
./wdpc_bs1024KB_read5_round5.json    13.578861
./wdpc_bs1024KB_read5_round2.json    13.542585
./wdpc_bs1024KB_read50_round1.json   12.49428
./wdpc_bs1024KB_read65_round1.json   11.237498
./wdpc_bs1024KB_read35_round1.json   10.957163
./wdpc_bs1024KB_read5_round1.json    9.349766
