./wdpc_bs512B_read0_round4.json    37.078333
./wdpc_bs512B_read0_round1.json    37.063333
./wdpc_bs512B_read0_round5.json    37.006667
./wdpc_bs512B_read0_round2.json    36.956666999999996
./wdpc_bs512B_read0_round3.json    36.771666
./wdpc_bs8KB_read0_round4.json     27.893333000000002
./wdpc_bs8KB_read0_round5.json     27.865000000000002
./wdpc_bs8KB_read0_round3.json     27.85
./wdpc_bs8KB_read0_round2.json     27.793333
./wdpc_bs8KB_read0_round1.json     27.765
./wdpc_bs4KB_read0_round1.json     27.236667
./wdpc_bs4KB_read0_round3.json     27.206667000000003
./wdpc_bs4KB_read0_round2.json     27.043333
./wdpc_bs4KB_read0_round5.json     26.99
./wdpc_bs4KB_read0_round4.json     26.923333
./wdpc_bs4KB_read100_round1.json   26.893333000000002
./wdpc_bs4KB_read100_round2.json   26.714999999999996
./wdpc_bs4KB_read100_round3.json   26.641667
./wdpc_bs4KB_read100_round4.json   26.591666999999998
./wdpc_bs4KB_read100_round5.json   26.479999999999997
./wdpc_bs8KB_read100_round4.json   25.635
./wdpc_bs8KB_read100_round3.json   25.586666
./wdpc_bs8KB_read100_round5.json   25.523333
./wdpc_bs8KB_read100_round1.json   25.473334
./wdpc_bs8KB_read100_round2.json   25.441667
./wdpc_bs512B_read65_round1.json   24.621667000000002
./wdpc_bs512B_read65_round3.json   24.529183
./wdpc_bs512B_read65_round2.json   24.518334000000003
./wdpc_bs512B_read65_round4.json   24.45
./wdpc_bs512B_read65_round5.json   24.443333
./wdpc_bs4KB_read65_round1.json    23.701667
./wdpc_bs4KB_read65_round4.json    23.685
./wdpc_bs4KB_read65_round5.json    23.605
./wdpc_bs4KB_read65_round3.json    23.461667000000002
./wdpc_bs4KB_read65_round2.json    23.366667
./wdpc_bs8KB_read65_round5.json    22.643333000000002
./wdpc_bs8KB_read65_round4.json    22.598334
./wdpc_bs8KB_read65_round1.json    22.544999999999998
./wdpc_bs8KB_read65_round3.json    22.46
./wdpc_bs8KB_read65_round2.json    22.354999999999997
./wdpc_bs512B_read100_round3.json  21.354999999999997
./wdpc_bs512B_read100_round4.json  21.323334000000003
./wdpc_bs512B_read100_round2.json  21.281667
./wdpc_bs512B_read100_round5.json  21.23
./wdpc_bs512B_read100_round1.json  21.108333
