./wdpc_bs4KB_read0_round2.json       74.171882
./wdpc_bs512B_read35_round6.json     73.306667
./wdpc_bs512B_read95_round5.json     72.902726
./wdpc_bs512B_read35_round4.json     72.745
./wdpc_bs4KB_read35_round4.json      72.60689500000001
./wdpc_bs512B_read50_round4.json     72.495834
./wdpc_bs4KB_read35_round6.json      72.323333
./wdpc_bs512B_read35_round3.json     72.249629
./wdpc_bs512B_read35_round5.json     72.121763
./wdpc_bs4KB_read35_round5.json      71.916067
./wdpc_bs512B_read95_round1.json     71.900833
./wdpc_bs4KB_read50_round5.json      71.869271
./wdpc_bs512B_read50_round5.json     71.781667
./wdpc_bs512B_read95_round2.json     71.66
./wdpc_bs4KB_read100_round1.json     71.61464
./wdpc_bs4KB_read0_round1.json       71.589166
./wdpc_bs4KB_read100_round4.json     71.57166699999999
./wdpc_bs4KB_read100_round5.json     71.53607099999999
./wdpc_bs4KB_read35_round3.json      71.531904
./wdpc_bs512B_read0_round5.json      71.5
./wdpc_bs4KB_read5_round6.json       71.405833
./wdpc_bs512B_read50_round3.json     71.344883
./wdpc_bs4KB_read35_round2.json      71.291073
./wdpc_bs8KB_read35_round5.json      71.277979
./wdpc_bs4KB_read95_round2.json      71.178334
./wdpc_bs4KB_read100_round2.json     71.1575
./wdpc_bs512B_read35_round2.json     71.092982
./wdpc_bs8KB_read100_round5.json     71.05857400000001
./wdpc_bs4KB_read0_round5.json       71.041075
./wdpc_bs4KB_read95_round3.json      71.037874
./wdpc_bs4KB_read95_round5.json      71.029166
./wdpc_bs8KB_read65_round5.json      70.976076
./wdpc_bs512B_read65_round5.json     70.96
./wdpc_bs512B_read5_round5.json      70.916076
./wdpc_bs8KB_read35_round6.json      70.84857600000001
./wdpc_bs4KB_read95_round1.json      70.733333
./wdpc_bs8KB_read5_round6.json       70.727155
./wdpc_bs4KB_read50_round3.json      70.660489
./wdpc_bs8KB_read35_round3.json      70.652744
./wdpc_bs512B_read0_round7.json      70.590245
./wdpc_bs512B_read50_round2.json     70.581078
./wdpc_bs512B_read95_round4.json     70.57
./wdpc_bs512B_read65_round2.json     70.37
./wdpc_bs4KB_read95_round4.json      70.359167
./wdpc_bs4KB_read50_round4.json      70.32457
./wdpc_bs512B_read5_round2.json      70.176579
./wdpc_bs8KB_read95_round3.json      70.1
./wdpc_bs8KB_read100_round2.json     70.028583
./wdpc_bs8KB_read65_round3.json      70.016499
./wdpc_bs4KB_read5_round4.json       69.8575
./wdpc_bs8KB_read100_round1.json     69.835251
./wdpc_bs512B_read65_round4.json     69.830833
./wdpc_bs4KB_read65_round5.json      69.605253
./wdpc_bs8KB_read35_round4.json      69.4975
./wdpc_bs4KB_read0_round3.json       69.450833
./wdpc_bs4KB_read65_round3.json      69.44833299999999
./wdpc_bs4KB_read65_round1.json      69.44551
./wdpc_bs8KB_read95_round1.json      69.3091
./wdpc_bs8KB_read100_round3.json     69.280833
./wdpc_bs512B_read65_round3.json     69.226603
./wdpc_bs4KB_read65_round4.json      69.070258
./wdpc_bs4KB_read65_round2.json      69.065516
./wdpc_bs4KB_read5_round5.json       69.025775
./wdpc_bs4KB_read5_round3.json       69.008016
./wdpc_bs8KB_read100_round4.json     68.99885
./wdpc_bs512B_read95_round3.json     68.94
./wdpc_bs512B_read0_round4.json      68.90892099999999
./wdpc_bs512B_read50_round1.json     68.908592
./wdpc_bs4KB_read50_round1.json      68.885
./wdpc_bs8KB_read65_round6.json      68.825519
./wdpc_bs16KB_read100_round4.json    68.788021
./wdpc_bs8KB_read95_round5.json      68.764427
./wdpc_bs16KB_read100_round3.json    68.693855
./wdpc_bs512B_read5_round6.json      68.648595
./wdpc_bs16KB_read100_round1.json    68.611357
./wdpc_bs512B_read0_round6.json      68.560833
./wdpc_bs8KB_read50_round3.json      68.551619
./wdpc_bs512B_read65_round1.json     68.350263
./wdpc_bs8KB_read95_round4.json      68.320792
./wdpc_bs16KB_read100_round2.json    68.204697
./wdpc_bs4KB_read50_round2.json      68.0975
./wdpc_bs512B_read5_round4.json      67.899702
./wdpc_bs512B_read100_round3.json    67.764167
./wdpc_bs8KB_read0_round5.json       67.611302
./wdpc_bs8KB_read95_round2.json      67.562771
./wdpc_bs512B_read100_round5.json    67.47693799999999
./wdpc_bs8KB_read35_round2.json      67.2525
./wdpc_bs8KB_read50_round6.json      67.079715
./wdpc_bs4KB_read0_round4.json       67.073334
./wdpc_bs8KB_read5_round3.json       66.97860899999999
./wdpc_bs4KB_read5_round2.json       66.863052
./wdpc_bs512B_read100_round2.json    66.495834
./wdpc_bs512B_read100_round4.json    66.409446
./wdpc_bs8KB_read65_round2.json      66.183897
./wdpc_bs8KB_read65_round7.json      66.069196
./wdpc_bs512B_read0_round3.json      65.795
./wdpc_bs8KB_read0_round4.json       65.358622
./wdpc_bs8KB_read0_round1.json       65.1825
./wdpc_bs512B_read5_round3.json      65.144205
./wdpc_bs512B_read100_round1.json    64.91499999999999
./wdpc_bs8KB_read5_round5.json       64.782547
./wdpc_bs4KB_read35_round1.json      64.232561
./wdpc_bs512B_read35_round1.json     64.032931
./wdpc_bs8KB_read65_round1.json      63.403638
./wdpc_bs16KB_read95_round5.json     62.127298
./wdpc_bs8KB_read50_round1.json      61.792818
./wdpc_bs8KB_read5_round2.json       61.388334
./wdpc_bs4KB_read100_round3.json     60.883334000000005
./wdpc_bs8KB_read0_round3.json       60.609823
./wdpc_bs8KB_read5_round4.json       60.199498
./wdpc_bs512B_read5_round1.json      58.886667
./wdpc_bs4KB_read5_round1.json       58.189515
./wdpc_bs8KB_read0_round2.json       57.260712
./wdpc_bs512B_read0_round2.json      56.925834
./wdpc_bs16KB_read95_round4.json     55.898235
./wdpc_bs8KB_read50_round2.json      54.799087
./wdpc_bs16KB_read95_round2.json     53.859551
./wdpc_bs16KB_read95_round3.json     53.752437
./wdpc_bs16KB_read95_round1.json     53.155391
./wdpc_bs8KB_read50_round4.json      52.632017
./wdpc_bs512B_read0_round1.json      52.0775
./wdpc_bs8KB_read5_round1.json       51.705402
./wdpc_bs8KB_read35_round1.json      51.190000000000005
./wdpc_bs32KB_read65_round3.json     49.318379
./wdpc_bs16KB_read100_round5.json    48.358333
./wdpc_bs16KB_read65_round3.json     48.225461
./wdpc_bs32KB_read5_round6.json      48.028563000000005
./wdpc_bs8KB_read50_round5.json      47.510437
./wdpc_bs16KB_read5_round17.json     46.889269999999996
./wdpc_bs32KB_read65_round6.json     46.695999
./wdpc_bs32KB_read35_round5.json     46.132887000000004
./wdpc_bs32KB_read0_round6.json      45.973985
./wdpc_bs32KB_read0_round2.json      45.970786
./wdpc_bs16KB_read5_round14.json     45.845416
./wdpc_bs16KB_read35_round2.json     45.792781
./wdpc_bs32KB_read65_round4.json     45.367276
./wdpc_bs16KB_read5_round12.json     45.348411
./wdpc_bs32KB_read35_round6.json     45.231984999999995
./wdpc_bs8KB_read65_round8.json      44.894251999999994
./wdpc_bs32KB_read0_round7.json      44.883897000000005
./wdpc_bs32KB_read5_round7.json      44.830718
./wdpc_bs16KB_read0_round8.json      44.705175999999994
./wdpc_bs16KB_read5_round16.json     44.535553
./wdpc_bs32KB_read5_round4.json      44.502491
./wdpc_bs32KB_read5_round8.json      44.466851000000005
./wdpc_bs32KB_read50_round5.json     44.071963000000004
./wdpc_bs32KB_read50_round3.json     43.913638000000006
./wdpc_bs16KB_read5_round18.json     43.827602999999996
./wdpc_bs32KB_read65_round5.json     43.816349
./wdpc_bs32KB_read65_round2.json     43.625168
./wdpc_bs16KB_read5_round2.json      43.599273000000004
./wdpc_bs32KB_read0_round1.json      43.575792
./wdpc_bs16KB_read5_round9.json      43.435581
./wdpc_bs32KB_read50_round6.json     43.283893
./wdpc_bs32KB_read50_round4.json     42.989159
./wdpc_bs64KB_read65_round5.json     42.712178
./wdpc_bs32KB_read0_round8.json      42.680599
./wdpc_bs32KB_read35_round2.json     42.299905
./wdpc_bs16KB_read65_round2.json     41.992284
./wdpc_bs32KB_read5_round5.json      41.821939
./wdpc_bs16KB_read35_round1.json     41.783744
./wdpc_bs32KB_read50_round1.json     41.781096
./wdpc_bs32KB_read35_round3.json     41.759916999999994
./wdpc_bs32KB_read35_round4.json     41.682846000000005
./wdpc_bs32KB_read50_round2.json     41.506195000000005
./wdpc_bs64KB_read50_round5.json     41.411978000000005
./wdpc_bs64KB_read50_round4.json     41.354342
./wdpc_bs32KB_read0_round4.json      41.061102999999996
./wdpc_bs32KB_read0_round5.json      41.042649999999995
./wdpc_bs32KB_read35_round1.json     40.974236000000005
./wdpc_bs64KB_read65_round3.json     40.869435
./wdpc_bs16KB_read5_round5.json      40.543288
./wdpc_bs64KB_read65_round4.json     40.483114
./wdpc_bs64KB_read65_round6.json     40.458135999999996
./wdpc_bs16KB_read0_round6.json      40.446647999999996
./wdpc_bs16KB_read50_round1.json     40.293321
./wdpc_bs32KB_read5_round3.json      40.265487
./wdpc_bs16KB_read5_round4.json      40.205481999999996
./wdpc_bs16KB_read5_round1.json      40.085995000000004
./wdpc_bs64KB_read50_round3.json     40.004667
./wdpc_bs16KB_read5_round8.json      39.982167999999994
./wdpc_bs32KB_read0_round3.json      39.919670999999994
./wdpc_bs16KB_read5_round13.json     39.317023
./wdpc_bs16KB_read65_round7.json     39.152209
./wdpc_bs64KB_read0_round5.json      39.120841999999996
./wdpc_bs32KB_read65_round1.json     39.120363
./wdpc_bs64KB_read0_round6.json      38.89435
./wdpc_bs64KB_read5_round5.json      38.571464999999996
./wdpc_bs64KB_read0_round7.json      38.468013
./wdpc_bs64KB_read0_round8.json      38.406992
./wdpc_bs64KB_read5_round11.json     38.256051
./wdpc_bs64KB_read65_round2.json     38.170986
./wdpc_bs16KB_read0_round7.json      38.098849
./wdpc_bs64KB_read5_round4.json      37.986537
./wdpc_bs64KB_read0_round2.json      37.720292
./wdpc_bs32KB_read5_round2.json      37.68279
./wdpc_bs32KB_read100_round3.json    37.681244
./wdpc_bs16KB_read65_round4.json     37.386565000000004
./wdpc_bs8KB_read65_round4.json      37.376044
./wdpc_bs16KB_read0_round3.json      37.313246
./wdpc_bs16KB_read35_round3.json     37.241259
./wdpc_bs64KB_read5_round3.json      37.18016
./wdpc_bs64KB_read35_round6.json     36.904335
./wdpc_bs64KB_read50_round2.json     36.710242
./wdpc_bs64KB_read35_round5.json     36.568539
./wdpc_bs64KB_read0_round1.json      36.489526
./wdpc_bs64KB_read35_round3.json     36.266913
./wdpc_bs16KB_read0_round2.json      36.181826
./wdpc_bs32KB_read100_round2.json    36.129097
./wdpc_bs64KB_read5_round9.json      35.984602
./wdpc_bs16KB_read0_round1.json      35.971067
./wdpc_bs64KB_read0_round4.json      35.899679
./wdpc_bs64KB_read50_round1.json     35.887010000000004
./wdpc_bs64KB_read5_round10.json     35.680301
./wdpc_bs16KB_read0_round4.json      35.64024
./wdpc_bs64KB_read35_round4.json     35.307204
./wdpc_bs64KB_read5_round8.json      35.182084
./wdpc_bs32KB_read100_round1.json    35.006625
./wdpc_bs16KB_read65_round6.json     34.770253000000004
./wdpc_bs16KB_read5_round7.json      34.41888
./wdpc_bs64KB_read5_round7.json      34.062154
./wdpc_bs64KB_read5_round2.json      33.949578
./wdpc_bs16KB_read5_round15.json     33.933869
./wdpc_bs64KB_read65_round1.json     33.831898
./wdpc_bs16KB_read35_round4.json     33.619704999999996
./wdpc_bs16KB_read5_round3.json      33.337777
./wdpc_bs64KB_read35_round2.json     33.167818
./wdpc_bs16KB_read35_round5.json     33.161119
./wdpc_bs16KB_read0_round5.json      32.956676
./wdpc_bs128KB_read50_round5.json    32.151545999999996
./wdpc_bs32KB_read5_round1.json      32.104382
./wdpc_bs16KB_read35_round7.json     31.931701
./wdpc_bs16KB_read50_round2.json     31.825000000000003
./wdpc_bs16KB_read5_round10.json     31.275312
./wdpc_bs128KB_read50_round3.json    31.157935
./wdpc_bs128KB_read50_round4.json    30.936175
./wdpc_bs64KB_read0_round3.json      30.868178
./wdpc_bs32KB_read100_round4.json    30.809806000000002
./wdpc_bs16KB_read50_round4.json     30.706733
./wdpc_bs16KB_read5_round6.json      30.227907000000002
./wdpc_bs128KB_read50_round2.json    29.934846999999998
./wdpc_bs16KB_read5_round11.json     29.693672
./wdpc_bs16KB_read65_round5.json     29.305446
./wdpc_bs64KB_read95_round3.json     29.190414
./wdpc_bs128KB_read65_round6.json    29.098726
./wdpc_bs64KB_read95_round1.json     29.041398
./wdpc_bs128KB_read65_round4.json    28.880779
./wdpc_bs64KB_read5_round6.json      28.745573
./wdpc_bs128KB_read65_round3.json    28.484206999999998
./wdpc_bs16KB_read5_round19.json     28.408703
./wdpc_bs32KB_read100_round5.json    27.920969
./wdpc_bs128KB_read35_round5.json    27.901358
./wdpc_bs32KB_read95_round5.json     27.876338999999998
./wdpc_bs128KB_read0_round1.json     27.840564
./wdpc_bs128KB_read65_round5.json    27.735146999999998
./wdpc_bs128KB_read50_round1.json    27.687936999999998
./wdpc_bs128KB_read35_round2.json    27.197221
./wdpc_bs16KB_read35_round6.json     27.144321
./wdpc_bs64KB_read95_round2.json     26.434904
./wdpc_bs16KB_read50_round5.json     26.245396
./wdpc_bs128KB_read65_round2.json    26.182442
./wdpc_bs128KB_read0_round5.json     26.119559
./wdpc_bs16KB_read50_round3.json     25.932068
./wdpc_bs128KB_read0_round2.json     25.900378
./wdpc_bs64KB_read35_round1.json     25.631155
./wdpc_bs128KB_read0_round3.json     25.587343
./wdpc_bs128KB_read35_round6.json    25.582325
./wdpc_bs32KB_read95_round2.json     25.541649
./wdpc_bs128KB_read5_round3.json     24.946058
./wdpc_bs16KB_read65_round1.json     24.824379
./wdpc_bs64KB_read100_round4.json    24.715225
./wdpc_bs128KB_read35_round3.json    24.696551
./wdpc_bs128KB_read35_round4.json    24.656382
./wdpc_bs32KB_read95_round1.json     24.485018
./wdpc_bs64KB_read100_round3.json    24.23942
./wdpc_bs64KB_read100_round1.json    24.091296
./wdpc_bs64KB_read5_round1.json      24.05133
./wdpc_bs128KB_read5_round5.json     23.912681
./wdpc_bs32KB_read95_round3.json     23.623424999999997
./wdpc_bs128KB_read0_round4.json     23.435468999999998
./wdpc_bs128KB_read5_round2.json     23.268869
./wdpc_bs128KB_read5_round4.json     23.070386
./wdpc_bs128KB_read5_round6.json     22.893634000000002
./wdpc_bs32KB_read95_round4.json     22.493417
./wdpc_bs64KB_read95_round5.json     22.067511
./wdpc_bs128KB_read65_round1.json    21.143624000000003
./wdpc_bs128KB_read95_round5.json    20.571571000000002
./wdpc_bs128KB_read35_round1.json    20.51045
./wdpc_bs64KB_read100_round2.json    20.202651
./wdpc_bs128KB_read100_round1.json   19.901512999999998
./wdpc_bs64KB_read95_round4.json     19.306885
./wdpc_bs128KB_read95_round3.json    19.277299
./wdpc_bs128KB_read95_round2.json    18.558049
./wdpc_bs1024KB_read100_round5.json  18.519566
./wdpc_bs128KB_read95_round1.json    18.417171
./wdpc_bs128KB_read100_round5.json   18.262565000000002
./wdpc_bs128KB_read95_round4.json    17.960255
./wdpc_bs1024KB_read100_round4.json  17.561235000000003
./wdpc_bs1024KB_read95_round3.json   17.286931
./wdpc_bs1024KB_read100_round1.json  17.167396
./wdpc_bs1024KB_read95_round5.json   17.146353
./wdpc_bs128KB_read5_round1.json     16.985704
./wdpc_bs64KB_read100_round5.json    16.661389
./wdpc_bs1024KB_read95_round2.json   16.644473
./wdpc_bs1024KB_read95_round1.json   16.616984
./wdpc_bs1024KB_read95_round4.json   16.483022
./wdpc_bs1024KB_read100_round2.json  16.418097
./wdpc_bs128KB_read100_round4.json   16.09522
./wdpc_bs1024KB_read0_round5.json    15.546498
./wdpc_bs128KB_read100_round2.json   15.489343
./wdpc_bs128KB_read100_round3.json   15.390769
./wdpc_bs1024KB_read65_round4.json   14.792166
./wdpc_bs1024KB_read65_round3.json   14.737648
./wdpc_bs1024KB_read5_round2.json    14.553878000000001
./wdpc_bs1024KB_read50_round1.json   14.424180999999999
./wdpc_bs1024KB_read100_round3.json  14.296771
./wdpc_bs1024KB_read35_round5.json   14.058743
./wdpc_bs1024KB_read50_round5.json   14.005574
./wdpc_bs1024KB_read50_round4.json   13.874400000000001
./wdpc_bs1024KB_read65_round2.json   13.82469
./wdpc_bs1024KB_read65_round5.json   13.643208999999999
./wdpc_bs1024KB_read65_round6.json   13.543555999999999
./wdpc_bs1024KB_read35_round4.json   13.141564
./wdpc_bs1024KB_read0_round1.json    13.021669
./wdpc_bs1024KB_read0_round4.json    13.01849
./wdpc_bs1024KB_read0_round2.json    12.927615
./wdpc_bs1024KB_read35_round3.json   12.849286999999999
./wdpc_bs1024KB_read35_round2.json   12.790059000000001
./wdpc_bs1024KB_read50_round3.json   12.74358
./wdpc_bs1024KB_read35_round6.json   12.677919
./wdpc_bs1024KB_read50_round2.json   12.6478
./wdpc_bs1024KB_read65_round1.json   12.597071
./wdpc_bs1024KB_read5_round3.json    12.32209
./wdpc_bs1024KB_read5_round6.json    12.017899
./wdpc_bs1024KB_read5_round4.json    11.968585000000001
./wdpc_bs1024KB_read5_round5.json    11.540605
./wdpc_bs1024KB_read0_round3.json    11.295234
./wdpc_bs1024KB_read35_round1.json   8.635466
./wdpc_bs1024KB_read5_round1.json    8.184637
