./wdpc_bs4KB_read100_round1.json     99.991667
./wdpc_bs4KB_read100_round5.json     99.99
./wdpc_bs8KB_read100_round5.json     99.988333
./wdpc_bs8KB_read100_round4.json     99.985
./wdpc_bs4KB_read100_round2.json     99.983333
./wdpc_bs8KB_read100_round2.json     99.98166599999999
./wdpc_bs4KB_read100_round4.json     99.978333
./wdpc_bs8KB_read100_round1.json     99.97666600000001
./wdpc_bs8KB_read100_round3.json     99.971667
./wdpc_bs4KB_read100_round3.json     99.96166600000001
./wdpc_bs4KB_read0_round2.json       99.316667
./wdpc_bs4KB_read0_round5.json       99.303333
./wdpc_bs4KB_read0_round1.json       99.278334
./wdpc_bs4KB_read0_round3.json       99.27333300000001
./wdpc_bs4KB_read0_round4.json       98.63999999999999
./wdpc_bs8KB_read0_round4.json       98.33
./wdpc_bs8KB_read0_round5.json       98.305
./wdpc_bs8KB_read0_round3.json       98.28999999999999
./wdpc_bs8KB_read0_round2.json       98.258334
./wdpc_bs8KB_read0_round1.json       98.225
./wdpc_bs16KB_read100_round2.json    82.998616
./wdpc_bs16KB_read100_round5.json    81.135315
./wdpc_bs16KB_read100_round1.json    80.91698500000001
./wdpc_bs16KB_read100_round4.json    80.886985
./wdpc_bs16KB_read100_round3.json    80.280329
./wdpc_bs16KB_read0_round5.json      74.55042399999999
./wdpc_bs16KB_read0_round2.json      74.33252300000001
./wdpc_bs16KB_read0_round3.json      74.123764
./wdpc_bs16KB_read0_round4.json      74.095432
./wdpc_bs16KB_read0_round1.json      73.905435
./wdpc_bs32KB_read100_round2.json    68.219393
./wdpc_bs32KB_read100_round5.json    68.09273
./wdpc_bs32KB_read100_round3.json    67.821073
./wdpc_bs32KB_read100_round4.json    67.697743
./wdpc_bs32KB_read100_round1.json    64.50285000000001
./wdpc_bs32KB_read0_round4.json      63.869538000000006
./wdpc_bs32KB_read0_round1.json      62.195224
./wdpc_bs32KB_read0_round2.json      61.190274
./wdpc_bs32KB_read0_round3.json      60.453644000000004
./wdpc_bs32KB_read0_round5.json      56.80144
./wdpc_bs128KB_read0_round3.json     56.008798
./wdpc_bs128KB_read0_round2.json     54.789041999999995
./wdpc_bs128KB_read0_round4.json     53.960874000000004
./wdpc_bs128KB_read0_round1.json     52.476089
./wdpc_bs128KB_read0_round5.json     51.892955
./wdpc_bs128KB_read100_round3.json   47.148807999999995
./wdpc_bs128KB_read100_round1.json   43.908414
./wdpc_bs128KB_read100_round5.json   43.891018
./wdpc_bs128KB_read100_round4.json   42.655268
./wdpc_bs128KB_read100_round2.json   40.497259
./wdpc_bs1024KB_read0_round2.json    30.011148000000002
./wdpc_bs1024KB_read0_round5.json    29.108574
./wdpc_bs1024KB_read0_round1.json    26.770265000000002
./wdpc_bs1024KB_read100_round4.json  26.021605
./wdpc_bs1024KB_read100_round1.json  25.015813
./wdpc_bs1024KB_read0_round3.json    24.642359000000003
./wdpc_bs1024KB_read100_round5.json  24.616332
./wdpc_bs1024KB_read0_round4.json    24.241769
./wdpc_bs1024KB_read100_round3.json  23.946804
./wdpc_bs1024KB_read100_round2.json  23.052979999999998
