./wdpc_bs4KB_read100_round5.json     99.315
./wdpc_bs4KB_read100_round2.json     99.1
./wdpc_bs4KB_read100_round3.json     98.591667
./wdpc_bs4KB_read100_round1.json     98.458333
./wdpc_bs4KB_read0_round4.json       98.02000000000001
./wdpc_bs4KB_read0_round3.json       97.966667
./wdpc_bs4KB_read0_round5.json       97.92833399999999
./wdpc_bs4KB_read0_round1.json       97.918333
./wdpc_bs4KB_read100_round4.json     97.698334
./wdpc_bs4KB_read0_round2.json       97.668334
./wdpc_bs8KB_read100_round1.json     96.24000000000001
./wdpc_bs8KB_read100_round4.json     94.92833300000001
./wdpc_bs8KB_read100_round2.json     93.923333
./wdpc_bs8KB_read100_round5.json     92.035
./wdpc_bs8KB_read100_round3.json     90.403333
./wdpc_bs8KB_read0_round4.json       66.115
./wdpc_bs8KB_read0_round2.json       65.74
./wdpc_bs8KB_read0_round5.json       65.73
./wdpc_bs8KB_read0_round3.json       65.468333
./wdpc_bs8KB_read0_round1.json       65.125
./wdpc_bs16KB_read100_round1.json    45.319245
./wdpc_bs16KB_read100_round5.json    45.064249
./wdpc_bs16KB_read100_round4.json    44.872586
./wdpc_bs16KB_read100_round3.json    44.777587
./wdpc_bs16KB_read100_round2.json    44.355926999999994
./wdpc_bs16KB_read0_round1.json      40.522658
./wdpc_bs16KB_read0_round3.json      40.505992
./wdpc_bs16KB_read0_round2.json      40.328656
./wdpc_bs16KB_read0_round5.json      40.239329999999995
./wdpc_bs16KB_read0_round4.json      40.112665
./wdpc_bs32KB_read100_round2.json    27.40242
./wdpc_bs32KB_read100_round1.json    26.740775
./wdpc_bs32KB_read100_round4.json    26.657445
./wdpc_bs32KB_read100_round5.json    26.595779999999998
./wdpc_bs32KB_read100_round3.json    26.519116
./wdpc_bs32KB_read0_round3.json      25.628719
./wdpc_bs32KB_read0_round1.json      24.977083999999998
./wdpc_bs32KB_read0_round5.json      24.973751
./wdpc_bs32KB_read0_round2.json      24.950834999999998
./wdpc_bs32KB_read0_round4.json      24.819173
./wdpc_bs128KB_read0_round5.json     14.152169
./wdpc_bs128KB_read0_round2.json     14.131702
./wdpc_bs128KB_read0_round3.json     14.03576
./wdpc_bs128KB_read0_round1.json     13.958177
./wdpc_bs128KB_read0_round4.json     13.888656999999998
./wdpc_bs128KB_read100_round2.json   12.689763
./wdpc_bs128KB_read100_round3.json   12.683097
./wdpc_bs128KB_read100_round5.json   12.641437
./wdpc_bs128KB_read100_round1.json   12.581446
./wdpc_bs128KB_read100_round4.json   12.509791
./wdpc_bs1024KB_read0_round5.json    10.735375000000001
./wdpc_bs1024KB_read0_round1.json    10.665558
./wdpc_bs1024KB_read0_round2.json    10.547681
./wdpc_bs1024KB_read0_round3.json    10.495142
./wdpc_bs1024KB_read0_round4.json    10.445402
./wdpc_bs1024KB_read100_round1.json  8.372728
./wdpc_bs1024KB_read100_round3.json  8.189763
./wdpc_bs1024KB_read100_round4.json  8.083095
./wdpc_bs1024KB_read100_round5.json  8.063254
./wdpc_bs1024KB_read100_round2.json  8.036488
