./wdpc_bs512B_read0_round1.json    27.986666999999997
./wdpc_bs512B_read0_round2.json    27.94
./wdpc_bs4KB_read100_round5.json   27.64
./wdpc_bs512B_read0_round4.json    27.6
./wdpc_bs4KB_read100_round3.json   27.553333
./wdpc_bs4KB_read100_round1.json   27.3
./wdpc_bs4KB_read100_round4.json   27.200000000000003
./wdpc_bs512B_read0_round5.json    23.82
./wdpc_bs512B_read0_round3.json    23.753333
./wdpc_bs4KB_read0_round9.json     23.746667
./wdpc_bs4KB_read0_round5.json     23.646667
./wdpc_bs4KB_read0_round1.json     23.566667000000002
./wdpc_bs4KB_read0_round4.json     23.42
./wdpc_bs4KB_read65_round3.json    23.419999999999998
./wdpc_bs4KB_read0_round6.json     23.353333
./wdpc_bs4KB_read0_round3.json     23.34
./wdpc_bs4KB_read0_round7.json     23.34
./wdpc_bs8KB_read100_round5.json   23.293332999999997
./wdpc_bs4KB_read0_round2.json     23.246667
./wdpc_bs8KB_read100_round2.json   23.193333
./wdpc_bs4KB_read100_round2.json   23.173333999999997
./wdpc_bs4KB_read65_round1.json    23.14
./wdpc_bs8KB_read0_round3.json     22.92
./wdpc_bs4KB_read0_round8.json     22.886665999999998
./wdpc_bs4KB_read65_round4.json    22.573334000000003
./wdpc_bs4KB_read65_round2.json    22.553333000000002
./wdpc_bs512B_read100_round5.json  22.313333
./wdpc_bs4KB_read65_round5.json    22.106666
./wdpc_bs8KB_read0_round5.json     22.060000000000002
./wdpc_bs512B_read100_round4.json  22.04
./wdpc_bs512B_read65_round1.json   21.973334
./wdpc_bs512B_read100_round2.json  21.906666
./wdpc_bs512B_read100_round3.json  21.82
./wdpc_bs512B_read65_round4.json   21.779999999999998
./wdpc_bs512B_read65_round5.json   21.526667
./wdpc_bs8KB_read65_round1.json    21.073333
./wdpc_bs8KB_read65_round4.json    20.693333
./wdpc_bs8KB_read100_round3.json   18.88
./wdpc_bs8KB_read100_round4.json   18.286667
./wdpc_bs8KB_read100_round1.json   18.033333
./wdpc_bs8KB_read0_round4.json     18.006667
./wdpc_bs8KB_read0_round2.json     17.953334
./wdpc_bs8KB_read0_round1.json     17.633333999999998
./wdpc_bs512B_read65_round3.json   17.433334000000002
./wdpc_bs512B_read65_round2.json   17.34
./wdpc_bs512B_read100_round1.json  16.366666000000002
./wdpc_bs8KB_read65_round3.json    16.133333999999998
./wdpc_bs8KB_read65_round5.json    15.54
./wdpc_bs8KB_read65_round2.json    15.28
